{"/Users/shends/bootcamp/phincon/slaapdoos/client/config/development.js": {"path":"/Users/shends/bootcamp/phincon/slaapdoos/client/config/development.js","statementMap":{},"fnMap":{},"branchMap":{},"s":{},"f":{},"b":{},"_coverageSchema":"1a1c01bbd47fc00a2c39e90264f33305004495a9","hash":"03590cf8727afa4aa25ad3bf1089ff8326a99295"}
,"/Users/shends/bootcamp/phincon/slaapdoos/client/config/index.js": {"path":"/Users/shends/bootcamp/phincon/slaapdoos/client/config/index.js","statementMap":{"0":{"start":{"line":5,"column":16},"end":{"line":5,"column":53}},"1":{"start":{"line":7,"column":12},"end":{"line":7,"column":54}},"2":{"start":{"line":9,"column":15},"end":{"line":25,"column":1}}},"fnMap":{},"branchMap":{"0":{"loc":{"start":{"line":5,"column":16},"end":{"line":5,"column":53}},"type":"binary-expr","locations":[{"start":{"line":5,"column":16},"end":{"line":5,"column":36}},{"start":{"line":5,"column":40},"end":{"line":5,"column":53}}],"line":5}},"s":{"0":9,"1":9,"2":9},"f":{},"b":{"0":[9,0]},"_coverageSchema":"1a1c01bbd47fc00a2c39e90264f33305004495a9","hash":"1a44bf7b6c2945a7ff3e5ff341c996d6c10b176b"}
,"/Users/shends/bootcamp/phincon/slaapdoos/client/config/production.js": {"path":"/Users/shends/bootcamp/phincon/slaapdoos/client/config/production.js","statementMap":{},"fnMap":{},"branchMap":{},"s":{},"f":{},"b":{},"_coverageSchema":"1a1c01bbd47fc00a2c39e90264f33305004495a9","hash":"fef305a4f2416b45b8b1c73876fa3c3e3acb19e7"}
,"/Users/shends/bootcamp/phincon/slaapdoos/client/config/test.env.js": {"path":"/Users/shends/bootcamp/phincon/slaapdoos/client/config/test.env.js","statementMap":{},"fnMap":{},"branchMap":{},"s":{},"f":{},"b":{},"_coverageSchema":"1a1c01bbd47fc00a2c39e90264f33305004495a9","hash":"042641b4a8d4e7950ccd7182d953c53ae2e0935a"}
,"/Users/shends/bootcamp/phincon/slaapdoos/client/src/configureStore.js": {"path":"/Users/shends/bootcamp/phincon/slaapdoos/client/src/configureStore.js","statementMap":{"0":{"start":{"line":9,"column":18},"end":{"line":9,"column":20}},"1":{"start":{"line":12,"column":23},"end":{"line":34,"column":1}},"2":{"start":{"line":13,"column":25},"end":{"line":13,"column":32}},"3":{"start":{"line":14,"column":34},"end":{"line":16,"column":3}},"4":{"start":{"line":18,"column":2},"end":{"line":20,"column":3}},"5":{"start":{"line":19,"column":4},"end":{"line":19,"column":120}},"6":{"start":{"line":19,"column":53},"end":{"line":19,"column":120}},"7":{"start":{"line":22,"column":27},"end":{"line":22,"column":72}},"8":{"start":{"line":23,"column":25},"end":{"line":23,"column":70}},"9":{"start":{"line":24,"column":22},"end":{"line":24,"column":38}},"10":{"start":{"line":25,"column":20},"end":{"line":25,"column":53}},"11":{"start":{"line":27,"column":16},"end":{"line":27,"column":91}},"12":{"start":{"line":29,"column":2},"end":{"line":29,"column":37}},"13":{"start":{"line":32,"column":2},"end":{"line":32,"column":26}},"14":{"start":{"line":33,"column":2},"end":{"line":33,"column":15}},"15":{"start":{"line":36,"column":14},"end":{"line":36,"column":39}},"16":{"start":{"line":39,"column":25},"end":{"line":39,"column":44}}},"fnMap":{"0":{"name":"(anonymous_0)","decl":{"start":{"line":12,"column":23},"end":{"line":12,"column":24}},"loc":{"start":{"line":12,"column":46},"end":{"line":34,"column":1}},"line":12}},"branchMap":{"0":{"loc":{"start":{"line":12,"column":24},"end":{"line":12,"column":41}},"type":"default-arg","locations":[{"start":{"line":12,"column":39},"end":{"line":12,"column":41}}],"line":12},"1":{"loc":{"start":{"line":18,"column":2},"end":{"line":20,"column":3}},"type":"if","locations":[{"start":{"line":18,"column":2},"end":{"line":20,"column":3}},{"start":{},"end":{}}],"line":18},"2":{"loc":{"start":{"line":18,"column":6},"end":{"line":18,"column":73}},"type":"binary-expr","locations":[{"start":{"line":18,"column":6},"end":{"line":18,"column":43}},{"start":{"line":18,"column":47},"end":{"line":18,"column":73}}],"line":18},"3":{"loc":{"start":{"line":19,"column":4},"end":{"line":19,"column":120}},"type":"if","locations":[{"start":{"line":19,"column":4},"end":{"line":19,"column":120}},{"start":{},"end":{}}],"line":19}},"s":{"0":9,"1":9,"2":9,"3":9,"4":9,"5":9,"6":0,"7":9,"8":9,"9":9,"10":9,"11":9,"12":9,"13":9,"14":9,"15":9,"16":9},"f":{"0":9},"b":{"0":[0],"1":[9,0],"2":[9,9],"3":[0,9]},"_coverageSchema":"1a1c01bbd47fc00a2c39e90264f33305004495a9","hash":"b0c9d9e2dadd86c5ad792ebb83b4e448a971d8bf"}
,"/Users/shends/bootcamp/phincon/slaapdoos/client/src/persistence.js": {"path":"/Users/shends/bootcamp/phincon/slaapdoos/client/src/persistence.js","statementMap":{"0":{"start":{"line":4,"column":28},"end":{"line":8,"column":1}},"1":{"start":{"line":10,"column":32},"end":{"line":22,"column":56}},"2":{"start":{"line":11,"column":2},"end":{"line":22,"column":56}},"3":{"start":{"line":12,"column":30},"end":{"line":21,"column":5}},"4":{"start":{"line":22,"column":27},"end":{"line":22,"column":51}}},"fnMap":{"0":{"name":"(anonymous_0)","decl":{"start":{"line":10,"column":32},"end":{"line":10,"column":33}},"loc":{"start":{"line":11,"column":2},"end":{"line":22,"column":56}},"line":11},"1":{"name":"(anonymous_1)","decl":{"start":{"line":12,"column":9},"end":{"line":12,"column":10}},"loc":{"start":{"line":12,"column":30},"end":{"line":21,"column":5}},"line":12},"2":{"name":"(anonymous_2)","decl":{"start":{"line":22,"column":12},"end":{"line":22,"column":13}},"loc":{"start":{"line":22,"column":27},"end":{"line":22,"column":51}},"line":22}},"branchMap":{},"s":{"0":9,"1":9,"2":9,"3":45,"4":45},"f":{"0":9,"1":45,"2":45},"b":{},"_coverageSchema":"1a1c01bbd47fc00a2c39e90264f33305004495a9","hash":"b9aa57778a720d4ce296f00b3dbecfa8e6dddf48"}
,"/Users/shends/bootcamp/phincon/slaapdoos/client/src/reducers.js": {"path":"/Users/shends/bootcamp/phincon/slaapdoos/client/src/reducers.js","statementMap":{"0":{"start":{"line":22,"column":23},"end":{"line":28,"column":1}},"1":{"start":{"line":30,"column":26},"end":{"line":41,"column":1}},"2":{"start":{"line":43,"column":22},"end":{"line":50,"column":1}},"3":{"start":{"line":44,"column":22},"end":{"line":47,"column":4}},"4":{"start":{"line":48,"column":22},"end":{"line":48,"column":67}},"5":{"start":{"line":48,"column":41},"end":{"line":48,"column":67}},"6":{"start":{"line":49,"column":2},"end":{"line":49,"column":21}}},"fnMap":{"0":{"name":"(anonymous_0)","decl":{"start":{"line":43,"column":22},"end":{"line":43,"column":23}},"loc":{"start":{"line":43,"column":28},"end":{"line":50,"column":1}},"line":43},"1":{"name":"(anonymous_1)","decl":{"start":{"line":48,"column":22},"end":{"line":48,"column":23}},"loc":{"start":{"line":48,"column":41},"end":{"line":48,"column":67}},"line":48}},"branchMap":{},"s":{"0":9,"1":9,"2":9,"3":9,"4":9,"5":72,"6":9},"f":{"0":9,"1":72},"b":{},"_coverageSchema":"1a1c01bbd47fc00a2c39e90264f33305004495a9","hash":"bf452f503dc173a202f8c3aed6925b5722332e7d"}
,"/Users/shends/bootcamp/phincon/slaapdoos/client/src/rootSaga.js": {"path":"/Users/shends/bootcamp/phincon/slaapdoos/client/src/rootSaga.js","statementMap":{"0":{"start":{"line":22,"column":2},"end":{"line":39,"column":5}}},"fnMap":{"0":{"name":"rootSaga","decl":{"start":{"line":21,"column":25},"end":{"line":21,"column":33}},"loc":{"start":{"line":21,"column":36},"end":{"line":40,"column":1}},"line":21}},"branchMap":{},"s":{"0":9},"f":{"0":9},"b":{},"_coverageSchema":"1a1c01bbd47fc00a2c39e90264f33305004495a9","hash":"12401d0f4b87eaec7bda24cfc184af47a4fb551c"}
,"/Users/shends/bootcamp/phincon/slaapdoos/client/src/components/Button/index.jsx": {"path":"/Users/shends/bootcamp/phincon/slaapdoos/client/src/components/Button/index.jsx","statementMap":{"0":{"start":{"line":7,"column":15},"end":{"line":21,"column":1}},"1":{"start":{"line":8,"column":2},"end":{"line":20,"column":11}},"2":{"start":{"line":23,"column":0},"end":{"line":32,"column":2}}},"fnMap":{"0":{"name":"(anonymous_0)","decl":{"start":{"line":7,"column":15},"end":{"line":7,"column":16}},"loc":{"start":{"line":8,"column":2},"end":{"line":20,"column":11}},"line":8}},"branchMap":{"0":{"loc":{"start":{"line":11,"column":14},"end":{"line":11,"column":35}},"type":"binary-expr","locations":[{"start":{"line":11,"column":14},"end":{"line":11,"column":22}},{"start":{"line":11,"column":26},"end":{"line":11,"column":35}}],"line":11},"1":{"loc":{"start":{"line":13,"column":56},"end":{"line":13,"column":86}},"type":"binary-expr","locations":[{"start":{"line":13,"column":56},"end":{"line":13,"column":64}},{"start":{"line":13,"column":68},"end":{"line":13,"column":77}},{"start":{"line":13,"column":81},"end":{"line":13,"column":86}}],"line":13},"2":{"loc":{"start":{"line":16,"column":10},"end":{"line":16,"column":26}},"type":"binary-expr","locations":[{"start":{"line":16,"column":10},"end":{"line":16,"column":14}},{"start":{"line":16,"column":18},"end":{"line":16,"column":26}}],"line":16},"3":{"loc":{"start":{"line":19,"column":5},"end":{"line":19,"column":22}},"type":"binary-expr","locations":[{"start":{"line":19,"column":5},"end":{"line":19,"column":10}},{"start":{"line":19,"column":14},"end":{"line":19,"column":22}}],"line":19}},"s":{"0":3,"1":6,"2":3},"f":{"0":6},"b":{"0":[6,5],"1":[6,5,5],"2":[6,3],"3":[6,4]},"_coverageSchema":"1a1c01bbd47fc00a2c39e90264f33305004495a9","hash":"e55d123fcfb3e51e8a4bb53f308b7117d48e1179"}
,"/Users/shends/bootcamp/phincon/slaapdoos/client/src/components/ButtonLang/index.jsx": {"path":"/Users/shends/bootcamp/phincon/slaapdoos/client/src/components/ButtonLang/index.jsx","statementMap":{"0":{"start":{"line":13,"column":19},"end":{"line":85,"column":1}},"1":{"start":{"line":14,"column":19},"end":{"line":14,"column":32}},"2":{"start":{"line":15,"column":36},"end":{"line":15,"column":51}},"3":{"start":{"line":17,"column":26},"end":{"line":19,"column":3}},"4":{"start":{"line":18,"column":4},"end":{"line":18,"column":23}},"5":{"start":{"line":21,"column":27},"end":{"line":23,"column":3}},"6":{"start":{"line":22,"column":4},"end":{"line":22,"column":24}},"7":{"start":{"line":25,"column":23},"end":{"line":30,"column":3}},"8":{"start":{"line":26,"column":4},"end":{"line":28,"column":5}},"9":{"start":{"line":27,"column":6},"end":{"line":27,"column":32}},"10":{"start":{"line":29,"column":4},"end":{"line":29,"column":23}},"11":{"start":{"line":32,"column":2},"end":{"line":84,"column":4}},"12":{"start":{"line":60,"column":37},"end":{"line":60,"column":55}},"13":{"start":{"line":70,"column":37},"end":{"line":70,"column":55}},"14":{"start":{"line":87,"column":0},"end":{"line":90,"column":2}}},"fnMap":{"0":{"name":"(anonymous_0)","decl":{"start":{"line":13,"column":19},"end":{"line":13,"column":20}},"loc":{"start":{"line":13,"column":46},"end":{"line":85,"column":1}},"line":13},"1":{"name":"(anonymous_1)","decl":{"start":{"line":17,"column":26},"end":{"line":17,"column":27}},"loc":{"start":{"line":17,"column":32},"end":{"line":19,"column":3}},"line":17},"2":{"name":"(anonymous_2)","decl":{"start":{"line":21,"column":27},"end":{"line":21,"column":28}},"loc":{"start":{"line":21,"column":33},"end":{"line":23,"column":3}},"line":21},"3":{"name":"(anonymous_3)","decl":{"start":{"line":25,"column":23},"end":{"line":25,"column":24}},"loc":{"start":{"line":25,"column":33},"end":{"line":30,"column":3}},"line":25},"4":{"name":"(anonymous_4)","decl":{"start":{"line":60,"column":31},"end":{"line":60,"column":32}},"loc":{"start":{"line":60,"column":37},"end":{"line":60,"column":55}},"line":60},"5":{"name":"(anonymous_5)","decl":{"start":{"line":70,"column":31},"end":{"line":70,"column":32}},"loc":{"start":{"line":70,"column":37},"end":{"line":70,"column":55}},"line":70}},"branchMap":{"0":{"loc":{"start":{"line":26,"column":4},"end":{"line":28,"column":5}},"type":"if","locations":[{"start":{"line":26,"column":4},"end":{"line":28,"column":5}},{"start":{},"end":{}}],"line":26},"1":{"loc":{"start":{"line":40,"column":48},"end":{"line":40,"column":87}},"type":"cond-expr","locations":[{"start":{"line":40,"column":66},"end":{"line":40,"column":75}},{"start":{"line":40,"column":78},"end":{"line":40,"column":87}}],"line":40},"2":{"loc":{"start":{"line":67,"column":15},"end":{"line":67,"column":81}},"type":"binary-expr","locations":[{"start":{"line":67,"column":15},"end":{"line":67,"column":30}},{"start":{"line":67,"column":34},"end":{"line":67,"column":81}}],"line":67},"3":{"loc":{"start":{"line":77,"column":15},"end":{"line":77,"column":81}},"type":"binary-expr","locations":[{"start":{"line":77,"column":15},"end":{"line":77,"column":30}},{"start":{"line":77,"column":34},"end":{"line":77,"column":81}}],"line":77}},"s":{"0":2,"1":5,"2":5,"3":5,"4":0,"5":5,"6":0,"7":5,"8":0,"9":0,"10":0,"11":5,"12":0,"13":0,"14":2},"f":{"0":5,"1":0,"2":0,"3":0,"4":0,"5":0},"b":{"0":[0,0],"1":[5,0],"2":[5,5],"3":[5,0]},"_coverageSchema":"1a1c01bbd47fc00a2c39e90264f33305004495a9","hash":"c9d1f3063405f83a9de1259890a08d9d262491fa"}
,"/Users/shends/bootcamp/phincon/slaapdoos/client/src/components/DrawerMobile/index.jsx": {"path":"/Users/shends/bootcamp/phincon/slaapdoos/client/src/components/DrawerMobile/index.jsx","statementMap":{"0":{"start":{"line":5,"column":21},"end":{"line":46,"column":1}},"1":{"start":{"line":6,"column":2},"end":{"line":45,"column":11}},"2":{"start":{"line":48,"column":0},"end":{"line":55,"column":2}}},"fnMap":{"0":{"name":"(anonymous_0)","decl":{"start":{"line":5,"column":21},"end":{"line":5,"column":22}},"loc":{"start":{"line":6,"column":2},"end":{"line":45,"column":11}},"line":6}},"branchMap":{"0":{"loc":{"start":{"line":5,"column":39},"end":{"line":5,"column":55}},"type":"default-arg","locations":[{"start":{"line":5,"column":48},"end":{"line":5,"column":55}}],"line":5},"1":{"loc":{"start":{"line":5,"column":57},"end":{"line":5,"column":75}},"type":"default-arg","locations":[{"start":{"line":5,"column":67},"end":{"line":5,"column":75}}],"line":5}},"s":{"0":2,"1":5,"2":2},"f":{"0":5},"b":{"0":[2],"1":[5]},"_coverageSchema":"1a1c01bbd47fc00a2c39e90264f33305004495a9","hash":"0968ff48fa00f7e8fcf04dadc874bef4d1295aa6"}
,"/Users/shends/bootcamp/phincon/slaapdoos/client/src/components/HeadTitle/index.jsx": {"path":"/Users/shends/bootcamp/phincon/slaapdoos/client/src/components/HeadTitle/index.jsx","statementMap":{"0":{"start":{"line":7,"column":18},"end":{"line":30,"column":1}},"1":{"start":{"line":8,"column":15},"end":{"line":8,"column":49}},"2":{"start":{"line":9,"column":15},"end":{"line":9,"column":49}},"3":{"start":{"line":11,"column":21},"end":{"line":11,"column":25}},"4":{"start":{"line":13,"column":2},"end":{"line":15,"column":3}},"5":{"start":{"line":14,"column":4},"end":{"line":14,"column":24}},"6":{"start":{"line":17,"column":2},"end":{"line":19,"column":3}},"7":{"start":{"line":18,"column":4},"end":{"line":18,"column":22}},"8":{"start":{"line":21,"column":20},"end":{"line":23,"column":3}},"9":{"start":{"line":25,"column":2},"end":{"line":29,"column":4}},"10":{"start":{"line":32,"column":0},"end":{"line":37,"column":2}}},"fnMap":{"0":{"name":"(anonymous_0)","decl":{"start":{"line":7,"column":18},"end":{"line":7,"column":19}},"loc":{"start":{"line":7,"column":65},"end":{"line":30,"column":1}},"line":7}},"branchMap":{"0":{"loc":{"start":{"line":7,"column":49},"end":{"line":7,"column":58}},"type":"default-arg","locations":[{"start":{"line":7,"column":56},"end":{"line":7,"column":58}}],"line":7},"1":{"loc":{"start":{"line":13,"column":2},"end":{"line":15,"column":3}},"type":"if","locations":[{"start":{"line":13,"column":2},"end":{"line":15,"column":3}},{"start":{},"end":{}}],"line":13},"2":{"loc":{"start":{"line":17,"column":2},"end":{"line":19,"column":3}},"type":"if","locations":[{"start":{"line":17,"column":2},"end":{"line":19,"column":3}},{"start":{},"end":{}}],"line":17},"3":{"loc":{"start":{"line":27,"column":7},"end":{"line":27,"column":24}},"type":"binary-expr","locations":[{"start":{"line":27,"column":7},"end":{"line":27,"column":12}},{"start":{"line":27,"column":16},"end":{"line":27,"column":24}}],"line":27}},"s":{"0":2,"1":2,"2":2,"3":2,"4":2,"5":0,"6":2,"7":0,"8":2,"9":2,"10":2},"f":{"0":2},"b":{"0":[2],"1":[0,2],"2":[0,2],"3":[2,2]},"_coverageSchema":"1a1c01bbd47fc00a2c39e90264f33305004495a9","hash":"85a53f4f68e0ccc9fdef75fdc2e4ca70aee379a8"}
,"/Users/shends/bootcamp/phincon/slaapdoos/client/src/components/Loader/index.jsx": {"path":"/Users/shends/bootcamp/phincon/slaapdoos/client/src/components/Loader/index.jsx","statementMap":{"0":{"start":{"line":6,"column":19},"end":{"line":18,"column":1}},"1":{"start":{"line":7,"column":2},"end":{"line":17,"column":8}},"2":{"start":{"line":20,"column":0},"end":{"line":22,"column":2}}},"fnMap":{"0":{"name":"(anonymous_0)","decl":{"start":{"line":6,"column":19},"end":{"line":6,"column":20}},"loc":{"start":{"line":7,"column":2},"end":{"line":17,"column":8}},"line":7}},"branchMap":{"0":{"loc":{"start":{"line":11,"column":28},"end":{"line":11,"column":46}},"type":"binary-expr","locations":[{"start":{"line":11,"column":28},"end":{"line":11,"column":37}},{"start":{"line":11,"column":41},"end":{"line":11,"column":46}}],"line":11}},"s":{"0":1,"1":3,"2":1},"f":{"0":3},"b":{"0":[3,1]},"_coverageSchema":"1a1c01bbd47fc00a2c39e90264f33305004495a9","hash":"593571d6c5a925a297bc8bfd78f35f692307ce49"}
,"/Users/shends/bootcamp/phincon/slaapdoos/client/src/components/ModalPopUp/index.jsx": {"path":"/Users/shends/bootcamp/phincon/slaapdoos/client/src/components/ModalPopUp/index.jsx","statementMap":{"0":{"start":{"line":7,"column":19},"end":{"line":29,"column":1}},"1":{"start":{"line":8,"column":2},"end":{"line":28,"column":11}},"2":{"start":{"line":31,"column":0},"end":{"line":37,"column":2}}},"fnMap":{"0":{"name":"(anonymous_0)","decl":{"start":{"line":7,"column":19},"end":{"line":7,"column":20}},"loc":{"start":{"line":8,"column":2},"end":{"line":28,"column":11}},"line":8}},"branchMap":{},"s":{"0":1,"1":0,"2":1},"f":{"0":0},"b":{},"_coverageSchema":"1a1c01bbd47fc00a2c39e90264f33305004495a9","hash":"0b5e5ad7d08dbd403ccbe9b97efacc6eac671c9a"}
,"/Users/shends/bootcamp/phincon/slaapdoos/client/src/components/PopupMessage/Dialog.jsx": {"path":"/Users/shends/bootcamp/phincon/slaapdoos/client/src/components/PopupMessage/Dialog.jsx","statementMap":{"0":{"start":{"line":9,"column":21},"end":{"line":36,"column":1}},"1":{"start":{"line":10,"column":2},"end":{"line":35,"column":4}},"2":{"start":{"line":38,"column":0},"end":{"line":46,"column":2}}},"fnMap":{"0":{"name":"(anonymous_0)","decl":{"start":{"line":9,"column":21},"end":{"line":9,"column":22}},"loc":{"start":{"line":9,"column":86},"end":{"line":36,"column":1}},"line":9}},"branchMap":{"0":{"loc":{"start":{"line":13,"column":9},"end":{"line":13,"column":97}},"type":"cond-expr","locations":[{"start":{"line":13,"column":29},"end":{"line":13,"column":89}},{"start":{"line":13,"column":92},"end":{"line":13,"column":97}}],"line":13},"1":{"loc":{"start":{"line":13,"column":9},"end":{"line":13,"column":26}},"type":"binary-expr","locations":[{"start":{"line":13,"column":9},"end":{"line":13,"column":15}},{"start":{"line":13,"column":19},"end":{"line":13,"column":26}}],"line":13},"2":{"loc":{"start":{"line":13,"column":51},"end":{"line":13,"column":85}},"type":"binary-expr","locations":[{"start":{"line":13,"column":51},"end":{"line":13,"column":58}},{"start":{"line":13,"column":62},"end":{"line":13,"column":85}}],"line":13},"3":{"loc":{"start":{"line":16,"column":9},"end":{"line":16,"column":107}},"type":"cond-expr","locations":[{"start":{"line":16,"column":33},"end":{"line":16,"column":97}},{"start":{"line":16,"column":100},"end":{"line":16,"column":107}}],"line":16},"4":{"loc":{"start":{"line":16,"column":9},"end":{"line":16,"column":30}},"type":"binary-expr","locations":[{"start":{"line":16,"column":9},"end":{"line":16,"column":17}},{"start":{"line":16,"column":21},"end":{"line":16,"column":30}}],"line":16},"5":{"loc":{"start":{"line":16,"column":55},"end":{"line":16,"column":93}},"type":"binary-expr","locations":[{"start":{"line":16,"column":55},"end":{"line":16,"column":64}},{"start":{"line":16,"column":68},"end":{"line":16,"column":93}}],"line":16},"6":{"loc":{"start":{"line":23,"column":79},"end":{"line":23,"column":92}},"type":"binary-expr","locations":[{"start":{"line":23,"column":79},"end":{"line":23,"column":83}},{"start":{"line":23,"column":87},"end":{"line":23,"column":92}}],"line":23},"7":{"loc":{"start":{"line":28,"column":9},"end":{"line":32,"column":16}},"type":"cond-expr","locations":[{"start":{"line":29,"column":10},"end":{"line":31,"column":19}},{"start":{"line":32,"column":12},"end":{"line":32,"column":16}}],"line":28}},"s":{"0":1,"1":3,"2":1},"f":{"0":3},"b":{"0":[3,0],"1":[3,0],"2":[3,0],"3":[3,0],"4":[3,0],"5":[3,0],"6":[3,3],"7":[0,3]},"_coverageSchema":"1a1c01bbd47fc00a2c39e90264f33305004495a9","hash":"8914424fb3f08131c7506af7ac70f471e350f4ff"}
,"/Users/shends/bootcamp/phincon/slaapdoos/client/src/components/Search/Cabin/index.jsx": {"path":"/Users/shends/bootcamp/phincon/slaapdoos/client/src/components/Search/Cabin/index.jsx","statementMap":{"0":{"start":{"line":24,"column":20},"end":{"line":128,"column":1}},"1":{"start":{"line":25,"column":19},"end":{"line":25,"column":32}},"2":{"start":{"line":26,"column":20},"end":{"line":26,"column":54}},"3":{"start":{"line":27,"column":38},"end":{"line":31,"column":4}},"4":{"start":{"line":32,"column":39},"end":{"line":40,"column":3}},"5":{"start":{"line":33,"column":4},"end":{"line":35,"column":5}},"6":{"start":{"line":34,"column":6},"end":{"line":34,"column":13}},"7":{"start":{"line":36,"column":4},"end":{"line":39,"column":8}},"8":{"start":{"line":36,"column":34},"end":{"line":39,"column":5}},"9":{"start":{"line":42,"column":23},"end":{"line":47,"column":3}},"10":{"start":{"line":43,"column":4},"end":{"line":43,"column":23}},"11":{"start":{"line":44,"column":4},"end":{"line":46,"column":6}},"12":{"start":{"line":48,"column":2},"end":{"line":127,"column":4}},"13":{"start":{"line":56,"column":29},"end":{"line":56,"column":69}},"14":{"start":{"line":59,"column":64},"end":{"line":59,"column":104}},"15":{"start":{"line":61,"column":29},"end":{"line":61,"column":69}},"16":{"start":{"line":70,"column":27},"end":{"line":70,"column":67}},"17":{"start":{"line":73,"column":29},"end":{"line":73,"column":69}},"18":{"start":{"line":84,"column":29},"end":{"line":84,"column":68}},"19":{"start":{"line":87,"column":63},"end":{"line":87,"column":102}},"20":{"start":{"line":88,"column":69},"end":{"line":88,"column":108}},"21":{"start":{"line":91,"column":79},"end":{"line":91,"column":118}},"22":{"start":{"line":92,"column":69},"end":{"line":92,"column":108}},"23":{"start":{"line":100,"column":29},"end":{"line":100,"column":69}},"24":{"start":{"line":103,"column":64},"end":{"line":103,"column":104}},"25":{"start":{"line":104,"column":70},"end":{"line":104,"column":110}},"26":{"start":{"line":110,"column":27},"end":{"line":110,"column":67}},"27":{"start":{"line":112,"column":70},"end":{"line":112,"column":110}},"28":{"start":{"line":129,"column":24},"end":{"line":132,"column":2}},"29":{"start":{"line":133,"column":0},"end":{"line":137,"column":2}}},"fnMap":{"0":{"name":"(anonymous_0)","decl":{"start":{"line":24,"column":20},"end":{"line":24,"column":21}},"loc":{"start":{"line":24,"column":68},"end":{"line":128,"column":1}},"line":24},"1":{"name":"(anonymous_1)","decl":{"start":{"line":32,"column":39},"end":{"line":32,"column":40}},"loc":{"start":{"line":32,"column":55},"end":{"line":40,"column":3}},"line":32},"2":{"name":"(anonymous_2)","decl":{"start":{"line":36,"column":18},"end":{"line":36,"column":19}},"loc":{"start":{"line":36,"column":34},"end":{"line":39,"column":5}},"line":36},"3":{"name":"(anonymous_3)","decl":{"start":{"line":42,"column":23},"end":{"line":42,"column":24}},"loc":{"start":{"line":42,"column":30},"end":{"line":47,"column":3}},"line":42},"4":{"name":"(anonymous_4)","decl":{"start":{"line":56,"column":23},"end":{"line":56,"column":24}},"loc":{"start":{"line":56,"column":29},"end":{"line":56,"column":69}},"line":56},"5":{"name":"(anonymous_5)","decl":{"start":{"line":59,"column":58},"end":{"line":59,"column":59}},"loc":{"start":{"line":59,"column":64},"end":{"line":59,"column":104}},"line":59},"6":{"name":"(anonymous_6)","decl":{"start":{"line":61,"column":23},"end":{"line":61,"column":24}},"loc":{"start":{"line":61,"column":29},"end":{"line":61,"column":69}},"line":61},"7":{"name":"(anonymous_7)","decl":{"start":{"line":70,"column":21},"end":{"line":70,"column":22}},"loc":{"start":{"line":70,"column":27},"end":{"line":70,"column":67}},"line":70},"8":{"name":"(anonymous_8)","decl":{"start":{"line":73,"column":23},"end":{"line":73,"column":24}},"loc":{"start":{"line":73,"column":29},"end":{"line":73,"column":69}},"line":73},"9":{"name":"(anonymous_9)","decl":{"start":{"line":84,"column":23},"end":{"line":84,"column":24}},"loc":{"start":{"line":84,"column":29},"end":{"line":84,"column":68}},"line":84},"10":{"name":"(anonymous_10)","decl":{"start":{"line":87,"column":57},"end":{"line":87,"column":58}},"loc":{"start":{"line":87,"column":63},"end":{"line":87,"column":102}},"line":87},"11":{"name":"(anonymous_11)","decl":{"start":{"line":88,"column":63},"end":{"line":88,"column":64}},"loc":{"start":{"line":88,"column":69},"end":{"line":88,"column":108}},"line":88},"12":{"name":"(anonymous_12)","decl":{"start":{"line":91,"column":73},"end":{"line":91,"column":74}},"loc":{"start":{"line":91,"column":79},"end":{"line":91,"column":118}},"line":91},"13":{"name":"(anonymous_13)","decl":{"start":{"line":92,"column":63},"end":{"line":92,"column":64}},"loc":{"start":{"line":92,"column":69},"end":{"line":92,"column":108}},"line":92},"14":{"name":"(anonymous_14)","decl":{"start":{"line":100,"column":23},"end":{"line":100,"column":24}},"loc":{"start":{"line":100,"column":29},"end":{"line":100,"column":69}},"line":100},"15":{"name":"(anonymous_15)","decl":{"start":{"line":103,"column":58},"end":{"line":103,"column":59}},"loc":{"start":{"line":103,"column":64},"end":{"line":103,"column":104}},"line":103},"16":{"name":"(anonymous_16)","decl":{"start":{"line":104,"column":64},"end":{"line":104,"column":65}},"loc":{"start":{"line":104,"column":70},"end":{"line":104,"column":110}},"line":104},"17":{"name":"(anonymous_17)","decl":{"start":{"line":110,"column":21},"end":{"line":110,"column":22}},"loc":{"start":{"line":110,"column":27},"end":{"line":110,"column":67}},"line":110},"18":{"name":"(anonymous_18)","decl":{"start":{"line":112,"column":64},"end":{"line":112,"column":65}},"loc":{"start":{"line":112,"column":70},"end":{"line":112,"column":110}},"line":112}},"branchMap":{"0":{"loc":{"start":{"line":33,"column":4},"end":{"line":35,"column":5}},"type":"if","locations":[{"start":{"line":33,"column":4},"end":{"line":35,"column":5}},{"start":{},"end":{}}],"line":33},"1":{"loc":{"start":{"line":33,"column":8},"end":{"line":33,"column":64}},"type":"binary-expr","locations":[{"start":{"line":33,"column":8},"end":{"line":33,"column":33}},{"start":{"line":33,"column":37},"end":{"line":33,"column":64}}],"line":33},"2":{"loc":{"start":{"line":58,"column":9},"end":{"line":78,"column":9}},"type":"cond-expr","locations":[{"start":{"line":59,"column":10},"end":{"line":65,"column":23}},{"start":{"line":67,"column":10},"end":{"line":77,"column":25}}],"line":58},"3":{"loc":{"start":{"line":86,"column":9},"end":{"line":94,"column":9}},"type":"cond-expr","locations":[{"start":{"line":87,"column":10},"end":{"line":89,"column":23}},{"start":{"line":91,"column":10},"end":{"line":93,"column":25}}],"line":86},"4":{"loc":{"start":{"line":102,"column":9},"end":{"line":114,"column":9}},"type":"cond-expr","locations":[{"start":{"line":103,"column":10},"end":{"line":105,"column":23}},{"start":{"line":107,"column":10},"end":{"line":113,"column":25}}],"line":102}},"s":{"0":1,"1":1,"2":1,"3":1,"4":1,"5":0,"6":0,"7":0,"8":0,"9":1,"10":0,"11":0,"12":1,"13":0,"14":0,"15":0,"16":0,"17":0,"18":0,"19":0,"20":0,"21":0,"22":0,"23":0,"24":0,"25":0,"26":0,"27":0,"28":1,"29":1},"f":{"0":1,"1":0,"2":0,"3":0,"4":0,"5":0,"6":0,"7":0,"8":0,"9":0,"10":0,"11":0,"12":0,"13":0,"14":0,"15":0,"16":0,"17":0,"18":0},"b":{"0":[0,0],"1":[0,0],"2":[0,1],"3":[0,1],"4":[0,1]},"_coverageSchema":"1a1c01bbd47fc00a2c39e90264f33305004495a9","hash":"5d0c4e0846e2ec9ff2b29b652f98c66a1b5745e0"}
,"/Users/shends/bootcamp/phincon/slaapdoos/client/src/components/Search/ContentCheckin/index.jsx": {"path":"/Users/shends/bootcamp/phincon/slaapdoos/client/src/components/Search/ContentCheckin/index.jsx","statementMap":{"0":{"start":{"line":12,"column":23},"end":{"line":45,"column":1}},"1":{"start":{"line":13,"column":16},"end":{"line":13,"column":51}},"2":{"start":{"line":14,"column":16},"end":{"line":14,"column":24}},"3":{"start":{"line":15,"column":19},"end":{"line":15,"column":32}},"4":{"start":{"line":17,"column":27},"end":{"line":30,"column":3}},"5":{"start":{"line":18,"column":4},"end":{"line":28,"column":6}},"6":{"start":{"line":29,"column":4},"end":{"line":29,"column":14}},"7":{"start":{"line":31,"column":2},"end":{"line":44,"column":4}},"8":{"start":{"line":46,"column":0},"end":{"line":49,"column":2}}},"fnMap":{"0":{"name":"(anonymous_0)","decl":{"start":{"line":12,"column":23},"end":{"line":12,"column":24}},"loc":{"start":{"line":12,"column":53},"end":{"line":45,"column":1}},"line":12},"1":{"name":"(anonymous_1)","decl":{"start":{"line":17,"column":27},"end":{"line":17,"column":28}},"loc":{"start":{"line":17,"column":37},"end":{"line":30,"column":3}},"line":17}},"branchMap":{},"s":{"0":1,"1":0,"2":0,"3":0,"4":0,"5":0,"6":0,"7":0,"8":1},"f":{"0":0,"1":0},"b":{},"_coverageSchema":"1a1c01bbd47fc00a2c39e90264f33305004495a9","hash":"78ec1f2b3b1ff1a1e8e95ec01e628543d5ba427c"}
,"/Users/shends/bootcamp/phincon/slaapdoos/client/src/components/Search/ContentDuration/index.jsx": {"path":"/Users/shends/bootcamp/phincon/slaapdoos/client/src/components/Search/ContentDuration/index.jsx","statementMap":{"0":{"start":{"line":18,"column":24},"end":{"line":53,"column":1}},"1":{"start":{"line":19,"column":19},"end":{"line":19,"column":32}},"2":{"start":{"line":20,"column":31},"end":{"line":29,"column":3}},"3":{"start":{"line":21,"column":34},"end":{"line":21,"column":45}},"4":{"start":{"line":22,"column":4},"end":{"line":27,"column":6}},"5":{"start":{"line":28,"column":4},"end":{"line":28,"column":14}},"6":{"start":{"line":31,"column":2},"end":{"line":52,"column":4}},"7":{"start":{"line":38,"column":10},"end":{"line":48,"column":27}},"8":{"start":{"line":46,"column":29},"end":{"line":46,"column":93}},"9":{"start":{"line":54,"column":24},"end":{"line":56,"column":2}},"10":{"start":{"line":58,"column":0},"end":{"line":62,"column":2}}},"fnMap":{"0":{"name":"(anonymous_0)","decl":{"start":{"line":18,"column":24},"end":{"line":18,"column":25}},"loc":{"start":{"line":18,"column":62},"end":{"line":53,"column":1}},"line":18},"1":{"name":"(anonymous_1)","decl":{"start":{"line":20,"column":31},"end":{"line":20,"column":32}},"loc":{"start":{"line":20,"column":45},"end":{"line":29,"column":3}},"line":20},"2":{"name":"(anonymous_2)","decl":{"start":{"line":37,"column":37},"end":{"line":37,"column":38}},"loc":{"start":{"line":38,"column":10},"end":{"line":48,"column":27}},"line":38},"3":{"name":"(anonymous_3)","decl":{"start":{"line":46,"column":23},"end":{"line":46,"column":24}},"loc":{"start":{"line":46,"column":29},"end":{"line":46,"column":93}},"line":46}},"branchMap":{"0":{"loc":{"start":{"line":42,"column":36},"end":{"line":42,"column":88}},"type":"binary-expr","locations":[{"start":{"line":42,"column":36},"end":{"line":42,"column":79}},{"start":{"line":42,"column":83},"end":{"line":42,"column":88}}],"line":42}},"s":{"0":1,"1":0,"2":0,"3":0,"4":0,"5":0,"6":0,"7":0,"8":0,"9":1,"10":1},"f":{"0":0,"1":0,"2":0,"3":0},"b":{"0":[0,0]},"_coverageSchema":"1a1c01bbd47fc00a2c39e90264f33305004495a9","hash":"5be847e4ade63bc99c3c9cfef9d16db51e237390"}
,"/Users/shends/bootcamp/phincon/slaapdoos/client/src/components/Search/ContentLocation/index.jsx": {"path":"/Users/shends/bootcamp/phincon/slaapdoos/client/src/components/Search/ContentLocation/index.jsx","statementMap":{"0":{"start":{"line":13,"column":24},"end":{"line":60,"column":1}},"1":{"start":{"line":14,"column":19},"end":{"line":14,"column":32}},"2":{"start":{"line":16,"column":31},"end":{"line":19,"column":3}},"3":{"start":{"line":17,"column":4},"end":{"line":17,"column":104}},"4":{"start":{"line":18,"column":4},"end":{"line":18,"column":14}},"5":{"start":{"line":21,"column":18},"end":{"line":30,"column":8}},"6":{"start":{"line":22,"column":4},"end":{"line":27,"column":5}},"7":{"start":{"line":23,"column":6},"end":{"line":26,"column":8}},"8":{"start":{"line":28,"column":4},"end":{"line":28,"column":71}},"9":{"start":{"line":29,"column":4},"end":{"line":29,"column":15}},"10":{"start":{"line":32,"column":24},"end":{"line":32,"column":46}},"11":{"start":{"line":34,"column":2},"end":{"line":59,"column":4}},"12":{"start":{"line":39,"column":10},"end":{"line":55,"column":27}},"13":{"start":{"line":43,"column":16},"end":{"line":52,"column":18}},"14":{"start":{"line":51,"column":33},"end":{"line":51,"column":115}},"15":{"start":{"line":62,"column":0},"end":{"line":66,"column":2}}},"fnMap":{"0":{"name":"(anonymous_0)","decl":{"start":{"line":13,"column":24},"end":{"line":13,"column":25}},"loc":{"start":{"line":13,"column":70},"end":{"line":60,"column":1}},"line":13},"1":{"name":"(anonymous_1)","decl":{"start":{"line":16,"column":31},"end":{"line":16,"column":32}},"loc":{"start":{"line":16,"column":45},"end":{"line":19,"column":3}},"line":16},"2":{"name":"(anonymous_2)","decl":{"start":{"line":21,"column":40},"end":{"line":21,"column":41}},"loc":{"start":{"line":21,"column":56},"end":{"line":30,"column":3}},"line":21},"3":{"name":"(anonymous_3)","decl":{"start":{"line":38,"column":27},"end":{"line":38,"column":28}},"loc":{"start":{"line":39,"column":10},"end":{"line":55,"column":27}},"line":39},"4":{"name":"(anonymous_4)","decl":{"start":{"line":42,"column":34},"end":{"line":42,"column":35}},"loc":{"start":{"line":43,"column":16},"end":{"line":52,"column":18}},"line":43},"5":{"name":"(anonymous_5)","decl":{"start":{"line":51,"column":27},"end":{"line":51,"column":28}},"loc":{"start":{"line":51,"column":33},"end":{"line":51,"column":115}},"line":51}},"branchMap":{"0":{"loc":{"start":{"line":22,"column":4},"end":{"line":27,"column":5}},"type":"if","locations":[{"start":{"line":22,"column":4},"end":{"line":27,"column":5}},{"start":{},"end":{}}],"line":22},"1":{"loc":{"start":{"line":46,"column":40},"end":{"line":46,"column":91}},"type":"binary-expr","locations":[{"start":{"line":46,"column":40},"end":{"line":46,"column":82}},{"start":{"line":46,"column":86},"end":{"line":46,"column":91}}],"line":46}},"s":{"0":1,"1":0,"2":0,"3":0,"4":0,"5":0,"6":0,"7":0,"8":0,"9":0,"10":0,"11":0,"12":0,"13":0,"14":0,"15":1},"f":{"0":0,"1":0,"2":0,"3":0,"4":0,"5":0},"b":{"0":[0,0],"1":[0,0]},"_coverageSchema":"1a1c01bbd47fc00a2c39e90264f33305004495a9","hash":"9b44dee8b2b1461e92a1c32745b73f73f0678a3c"}
,"/Users/shends/bootcamp/phincon/slaapdoos/client/src/components/Search/Select/index.jsx": {"path":"/Users/shends/bootcamp/phincon/slaapdoos/client/src/components/Search/Select/index.jsx","statementMap":{"0":{"start":{"line":8,"column":15},"end":{"line":34,"column":1}},"1":{"start":{"line":9,"column":2},"end":{"line":33,"column":8}},"2":{"start":{"line":35,"column":0},"end":{"line":43,"column":2}}},"fnMap":{"0":{"name":"(anonymous_0)","decl":{"start":{"line":8,"column":15},"end":{"line":8,"column":16}},"loc":{"start":{"line":9,"column":2},"end":{"line":33,"column":8}},"line":9}},"branchMap":{"0":{"loc":{"start":{"line":18,"column":79},"end":{"line":18,"column":96}},"type":"binary-expr","locations":[{"start":{"line":18,"column":79},"end":{"line":18,"column":87}},{"start":{"line":18,"column":91},"end":{"line":18,"column":96}}],"line":18},"1":{"loc":{"start":{"line":21,"column":9},"end":{"line":21,"column":76}},"type":"binary-expr","locations":[{"start":{"line":21,"column":9},"end":{"line":21,"column":22}},{"start":{"line":21,"column":26},"end":{"line":21,"column":76}}],"line":21},"2":{"loc":{"start":{"line":25,"column":29},"end":{"line":25,"column":99}},"type":"binary-expr","locations":[{"start":{"line":25,"column":30},"end":{"line":25,"column":35}},{"start":{"line":25,"column":39},"end":{"line":25,"column":89}},{"start":{"line":25,"column":94},"end":{"line":25,"column":99}}],"line":25},"3":{"loc":{"start":{"line":28,"column":11},"end":{"line":28,"column":57}},"type":"binary-expr","locations":[{"start":{"line":28,"column":11},"end":{"line":28,"column":16}},{"start":{"line":28,"column":20},"end":{"line":28,"column":57}}],"line":28},"4":{"loc":{"start":{"line":31,"column":7},"end":{"line":31,"column":71}},"type":"binary-expr","locations":[{"start":{"line":31,"column":7},"end":{"line":31,"column":16}},{"start":{"line":31,"column":20},"end":{"line":31,"column":71}}],"line":31}},"s":{"0":1,"1":4,"2":1},"f":{"0":4},"b":{"0":[4,3],"1":[4,4],"2":[4,3,2],"3":[4,1],"4":[4,3]},"_coverageSchema":"1a1c01bbd47fc00a2c39e90264f33305004495a9","hash":"828fbbb9f2eb2f8575da81911dd7adee60de16df"}
,"/Users/shends/bootcamp/phincon/slaapdoos/client/src/components/Sidebar/index.jsx": {"path":"/Users/shends/bootcamp/phincon/slaapdoos/client/src/components/Sidebar/index.jsx","statementMap":{"0":{"start":{"line":19,"column":16},"end":{"line":88,"column":1}},"1":{"start":{"line":20,"column":19},"end":{"line":20,"column":32}},"2":{"start":{"line":21,"column":19},"end":{"line":21,"column":32}},"3":{"start":{"line":22,"column":2},"end":{"line":87,"column":4}},"4":{"start":{"line":29,"column":25},"end":{"line":29,"column":38}},"5":{"start":{"line":67,"column":47},"end":{"line":67,"column":72}},"6":{"start":{"line":74,"column":27},"end":{"line":74,"column":118}},"7":{"start":{"line":89,"column":24},"end":{"line":91,"column":2}},"8":{"start":{"line":92,"column":0},"end":{"line":96,"column":2}}},"fnMap":{"0":{"name":"(anonymous_0)","decl":{"start":{"line":19,"column":16},"end":{"line":19,"column":17}},"loc":{"start":{"line":19,"column":55},"end":{"line":88,"column":1}},"line":19},"1":{"name":"(anonymous_1)","decl":{"start":{"line":29,"column":19},"end":{"line":29,"column":20}},"loc":{"start":{"line":29,"column":25},"end":{"line":29,"column":38}},"line":29},"2":{"name":"(anonymous_2)","decl":{"start":{"line":67,"column":41},"end":{"line":67,"column":42}},"loc":{"start":{"line":67,"column":47},"end":{"line":67,"column":72}},"line":67},"3":{"name":"(anonymous_3)","decl":{"start":{"line":74,"column":21},"end":{"line":74,"column":22}},"loc":{"start":{"line":74,"column":27},"end":{"line":74,"column":118}},"line":74}},"branchMap":{"0":{"loc":{"start":{"line":68,"column":38},"end":{"line":68,"column":70}},"type":"binary-expr","locations":[{"start":{"line":68,"column":38},"end":{"line":68,"column":60}},{"start":{"line":68,"column":64},"end":{"line":68,"column":70}}],"line":68}},"s":{"0":1,"1":3,"2":3,"3":3,"4":1,"5":0,"6":0,"7":1,"8":1},"f":{"0":3,"1":1,"2":0,"3":0},"b":{"0":[3,3]},"_coverageSchema":"1a1c01bbd47fc00a2c39e90264f33305004495a9","hash":"376df3a9fe7ce7427187d49616c58c87e19eec9c"}
,"/Users/shends/bootcamp/phincon/slaapdoos/client/src/components/SnackBar/index.jsx": {"path":"/Users/shends/bootcamp/phincon/slaapdoos/client/src/components/SnackBar/index.jsx","statementMap":{"0":{"start":{"line":4,"column":17},"end":{"line":13,"column":1}},"1":{"start":{"line":5,"column":2},"end":{"line":12,"column":4}},"2":{"start":{"line":14,"column":0},"end":{"line":18,"column":2}}},"fnMap":{"0":{"name":"(anonymous_0)","decl":{"start":{"line":4,"column":17},"end":{"line":4,"column":18}},"loc":{"start":{"line":5,"column":2},"end":{"line":12,"column":4}},"line":5}},"branchMap":{},"s":{"0":1,"1":2,"2":1},"f":{"0":2},"b":{},"_coverageSchema":"1a1c01bbd47fc00a2c39e90264f33305004495a9","hash":"885b2a3107e21a1bf687bf2ad90cd206d84dc919"}
,"/Users/shends/bootcamp/phincon/slaapdoos/client/src/components/SubHeadTitle/index.jsx": {"path":"/Users/shends/bootcamp/phincon/slaapdoos/client/src/components/SubHeadTitle/index.jsx","statementMap":{"0":{"start":{"line":7,"column":21},"end":{"line":31,"column":1}},"1":{"start":{"line":8,"column":15},"end":{"line":8,"column":49}},"2":{"start":{"line":9,"column":15},"end":{"line":9,"column":49}},"3":{"start":{"line":11,"column":21},"end":{"line":11,"column":25}},"4":{"start":{"line":13,"column":2},"end":{"line":15,"column":3}},"5":{"start":{"line":14,"column":4},"end":{"line":14,"column":24}},"6":{"start":{"line":17,"column":2},"end":{"line":19,"column":3}},"7":{"start":{"line":18,"column":4},"end":{"line":18,"column":24}},"8":{"start":{"line":21,"column":20},"end":{"line":24,"column":3}},"9":{"start":{"line":26,"column":2},"end":{"line":30,"column":4}},"10":{"start":{"line":33,"column":0},"end":{"line":39,"column":2}}},"fnMap":{"0":{"name":"(anonymous_0)","decl":{"start":{"line":7,"column":21},"end":{"line":7,"column":22}},"loc":{"start":{"line":7,"column":77},"end":{"line":31,"column":1}},"line":7}},"branchMap":{"0":{"loc":{"start":{"line":7,"column":52},"end":{"line":7,"column":59}},"type":"default-arg","locations":[{"start":{"line":7,"column":57},"end":{"line":7,"column":59}}],"line":7},"1":{"loc":{"start":{"line":7,"column":61},"end":{"line":7,"column":70}},"type":"default-arg","locations":[{"start":{"line":7,"column":68},"end":{"line":7,"column":70}}],"line":7},"2":{"loc":{"start":{"line":13,"column":2},"end":{"line":15,"column":3}},"type":"if","locations":[{"start":{"line":13,"column":2},"end":{"line":15,"column":3}},{"start":{},"end":{}}],"line":13},"3":{"loc":{"start":{"line":17,"column":2},"end":{"line":19,"column":3}},"type":"if","locations":[{"start":{"line":17,"column":2},"end":{"line":19,"column":3}},{"start":{},"end":{}}],"line":17},"4":{"loc":{"start":{"line":28,"column":7},"end":{"line":28,"column":24}},"type":"binary-expr","locations":[{"start":{"line":28,"column":7},"end":{"line":28,"column":12}},{"start":{"line":28,"column":16},"end":{"line":28,"column":24}}],"line":28}},"s":{"0":1,"1":2,"2":2,"3":2,"4":2,"5":0,"6":2,"7":0,"8":2,"9":2,"10":1},"f":{"0":2},"b":{"0":[2],"1":[2],"2":[0,2],"3":[0,2],"4":[2,2]},"_coverageSchema":"1a1c01bbd47fc00a2c39e90264f33305004495a9","hash":"907a65815966be734b9ab6b94a09431e99e7d12c"}
,"/Users/shends/bootcamp/phincon/slaapdoos/client/src/containers/App/actions.js": {"path":"/Users/shends/bootcamp/phincon/slaapdoos/client/src/containers/App/actions.js","statementMap":{"0":{"start":{"line":12,"column":25},"end":{"line":15,"column":2}},"1":{"start":{"line":12,"column":38},"end":{"line":15,"column":1}},"2":{"start":{"line":17,"column":25},"end":{"line":27,"column":2}},"3":{"start":{"line":17,"column":95},"end":{"line":27,"column":1}},"4":{"start":{"line":28,"column":28},"end":{"line":34,"column":2}},"5":{"start":{"line":28,"column":47},"end":{"line":34,"column":1}},"6":{"start":{"line":36,"column":28},"end":{"line":42,"column":2}},"7":{"start":{"line":36,"column":35},"end":{"line":42,"column":1}},"8":{"start":{"line":44,"column":25},"end":{"line":52,"column":2}},"9":{"start":{"line":44,"column":32},"end":{"line":52,"column":1}},"10":{"start":{"line":54,"column":26},"end":{"line":57,"column":2}},"11":{"start":{"line":54,"column":40},"end":{"line":57,"column":1}},"12":{"start":{"line":58,"column":25},"end":{"line":61,"column":2}},"13":{"start":{"line":58,"column":38},"end":{"line":61,"column":1}},"14":{"start":{"line":63,"column":25},"end":{"line":65,"column":2}},"15":{"start":{"line":63,"column":32},"end":{"line":65,"column":1}},"16":{"start":{"line":67,"column":31},"end":{"line":69,"column":2}},"17":{"start":{"line":67,"column":38},"end":{"line":69,"column":1}},"18":{"start":{"line":71,"column":34},"end":{"line":74,"column":2}},"19":{"start":{"line":71,"column":49},"end":{"line":74,"column":1}}},"fnMap":{"0":{"name":"(anonymous_0)","decl":{"start":{"line":12,"column":25},"end":{"line":12,"column":26}},"loc":{"start":{"line":12,"column":38},"end":{"line":15,"column":1}},"line":12},"1":{"name":"(anonymous_1)","decl":{"start":{"line":17,"column":25},"end":{"line":17,"column":26}},"loc":{"start":{"line":17,"column":95},"end":{"line":27,"column":1}},"line":17},"2":{"name":"(anonymous_2)","decl":{"start":{"line":28,"column":28},"end":{"line":28,"column":29}},"loc":{"start":{"line":28,"column":47},"end":{"line":34,"column":1}},"line":28},"3":{"name":"(anonymous_3)","decl":{"start":{"line":36,"column":28},"end":{"line":36,"column":29}},"loc":{"start":{"line":36,"column":35},"end":{"line":42,"column":1}},"line":36},"4":{"name":"(anonymous_4)","decl":{"start":{"line":44,"column":25},"end":{"line":44,"column":26}},"loc":{"start":{"line":44,"column":32},"end":{"line":52,"column":1}},"line":44},"5":{"name":"(anonymous_5)","decl":{"start":{"line":54,"column":26},"end":{"line":54,"column":27}},"loc":{"start":{"line":54,"column":40},"end":{"line":57,"column":1}},"line":54},"6":{"name":"(anonymous_6)","decl":{"start":{"line":58,"column":25},"end":{"line":58,"column":26}},"loc":{"start":{"line":58,"column":38},"end":{"line":61,"column":1}},"line":58},"7":{"name":"(anonymous_7)","decl":{"start":{"line":63,"column":25},"end":{"line":63,"column":26}},"loc":{"start":{"line":63,"column":32},"end":{"line":65,"column":1}},"line":63},"8":{"name":"(anonymous_8)","decl":{"start":{"line":67,"column":31},"end":{"line":67,"column":32}},"loc":{"start":{"line":67,"column":38},"end":{"line":69,"column":1}},"line":67},"9":{"name":"(anonymous_9)","decl":{"start":{"line":71,"column":34},"end":{"line":71,"column":35}},"loc":{"start":{"line":71,"column":49},"end":{"line":74,"column":1}},"line":71}},"branchMap":{"0":{"loc":{"start":{"line":17,"column":26},"end":{"line":17,"column":36}},"type":"default-arg","locations":[{"start":{"line":17,"column":34},"end":{"line":17,"column":36}}],"line":17},"1":{"loc":{"start":{"line":17,"column":38},"end":{"line":17,"column":50}},"type":"default-arg","locations":[{"start":{"line":17,"column":48},"end":{"line":17,"column":50}}],"line":17},"2":{"loc":{"start":{"line":17,"column":52},"end":{"line":17,"column":59}},"type":"default-arg","locations":[{"start":{"line":17,"column":57},"end":{"line":17,"column":59}}],"line":17},"3":{"loc":{"start":{"line":17,"column":61},"end":{"line":17,"column":73}},"type":"default-arg","locations":[{"start":{"line":17,"column":71},"end":{"line":17,"column":73}}],"line":17},"4":{"loc":{"start":{"line":17,"column":75},"end":{"line":17,"column":89}},"type":"default-arg","locations":[{"start":{"line":17,"column":87},"end":{"line":17,"column":89}}],"line":17},"5":{"loc":{"start":{"line":28,"column":29},"end":{"line":28,"column":41}},"type":"default-arg","locations":[{"start":{"line":28,"column":39},"end":{"line":28,"column":41}}],"line":28}},"s":{"0":9,"1":0,"2":9,"3":0,"4":9,"5":0,"6":9,"7":0,"8":9,"9":0,"10":9,"11":0,"12":9,"13":0,"14":9,"15":0,"16":9,"17":0,"18":9,"19":0},"f":{"0":0,"1":0,"2":0,"3":0,"4":0,"5":0,"6":0,"7":0,"8":0,"9":0},"b":{"0":[0],"1":[0],"2":[0],"3":[0],"4":[0],"5":[0]},"_coverageSchema":"1a1c01bbd47fc00a2c39e90264f33305004495a9","hash":"88dac6e769a45486d30518a9f869325b581d8ea8"}
,"/Users/shends/bootcamp/phincon/slaapdoos/client/src/containers/App/constants.js": {"path":"/Users/shends/bootcamp/phincon/slaapdoos/client/src/containers/App/constants.js","statementMap":{"0":{"start":{"line":1,"column":25},"end":{"line":1,"column":40}},"1":{"start":{"line":2,"column":25},"end":{"line":2,"column":40}},"2":{"start":{"line":3,"column":25},"end":{"line":3,"column":40}},"3":{"start":{"line":4,"column":28},"end":{"line":4,"column":46}},"4":{"start":{"line":5,"column":27},"end":{"line":5,"column":44}},"5":{"start":{"line":6,"column":26},"end":{"line":6,"column":42}},"6":{"start":{"line":7,"column":32},"end":{"line":7,"column":54}},"7":{"start":{"line":8,"column":26},"end":{"line":8,"column":42}},"8":{"start":{"line":9,"column":36},"end":{"line":9,"column":62}}},"fnMap":{},"branchMap":{},"s":{"0":9,"1":9,"2":9,"3":9,"4":9,"5":9,"6":9,"7":9,"8":9},"f":{},"b":{},"_coverageSchema":"1a1c01bbd47fc00a2c39e90264f33305004495a9","hash":"2ed8712aeca67c1558f070c822fe17083b40abd0"}
,"/Users/shends/bootcamp/phincon/slaapdoos/client/src/containers/App/reducer.js": {"path":"/Users/shends/bootcamp/phincon/slaapdoos/client/src/containers/App/reducer.js","statementMap":{"0":{"start":{"line":12,"column":28},"end":{"line":29,"column":1}},"1":{"start":{"line":31,"column":25},"end":{"line":31,"column":57}},"2":{"start":{"line":33,"column":19},"end":{"line":55,"column":4}},"3":{"start":{"line":34,"column":2},"end":{"line":55,"column":4}},"4":{"start":{"line":35,"column":4},"end":{"line":54,"column":5}},"5":{"start":{"line":37,"column":8},"end":{"line":37,"column":37}},"6":{"start":{"line":38,"column":8},"end":{"line":38,"column":14}},"7":{"start":{"line":40,"column":8},"end":{"line":40,"column":35}},"8":{"start":{"line":41,"column":8},"end":{"line":41,"column":14}},"9":{"start":{"line":43,"column":8},"end":{"line":43,"column":35}},"10":{"start":{"line":44,"column":8},"end":{"line":44,"column":14}},"11":{"start":{"line":46,"column":8},"end":{"line":46,"column":39}},"12":{"start":{"line":47,"column":8},"end":{"line":47,"column":14}},"13":{"start":{"line":49,"column":8},"end":{"line":49,"column":37}},"14":{"start":{"line":50,"column":8},"end":{"line":50,"column":14}},"15":{"start":{"line":52,"column":8},"end":{"line":52,"column":41}},"16":{"start":{"line":53,"column":8},"end":{"line":53,"column":14}}},"fnMap":{"0":{"name":"(anonymous_0)","decl":{"start":{"line":33,"column":19},"end":{"line":33,"column":20}},"loc":{"start":{"line":34,"column":2},"end":{"line":55,"column":4}},"line":34},"1":{"name":"(anonymous_1)","decl":{"start":{"line":34,"column":17},"end":{"line":34,"column":18}},"loc":{"start":{"line":34,"column":28},"end":{"line":55,"column":3}},"line":34}},"branchMap":{"0":{"loc":{"start":{"line":33,"column":20},"end":{"line":33,"column":40}},"type":"default-arg","locations":[{"start":{"line":33,"column":28},"end":{"line":33,"column":40}}],"line":33},"1":{"loc":{"start":{"line":35,"column":4},"end":{"line":54,"column":5}},"type":"switch","locations":[{"start":{"line":36,"column":6},"end":{"line":38,"column":14}},{"start":{"line":39,"column":6},"end":{"line":41,"column":14}},{"start":{"line":42,"column":6},"end":{"line":44,"column":14}},{"start":{"line":45,"column":6},"end":{"line":47,"column":14}},{"start":{"line":48,"column":6},"end":{"line":50,"column":14}},{"start":{"line":51,"column":6},"end":{"line":53,"column":14}}],"line":35}},"s":{"0":9,"1":9,"2":9,"3":90,"4":90,"5":0,"6":0,"7":0,"8":0,"9":0,"10":0,"11":0,"12":0,"13":0,"14":0,"15":0,"16":0},"f":{"0":90,"1":90},"b":{"0":[27],"1":[0,0,0,0,0,0]},"_coverageSchema":"1a1c01bbd47fc00a2c39e90264f33305004495a9","hash":"d093d3fa0080242d0d060da6d87d18651970c259"}
,"/Users/shends/bootcamp/phincon/slaapdoos/client/src/containers/App/saga.js": {"path":"/Users/shends/bootcamp/phincon/slaapdoos/client/src/containers/App/saga.js","statementMap":{"0":{"start":{"line":10,"column":2},"end":{"line":10,"column":30}},"1":{"start":{"line":11,"column":2},"end":{"line":20,"column":3}},"2":{"start":{"line":12,"column":21},"end":{"line":12,"column":42}},"3":{"start":{"line":13,"column":4},"end":{"line":15,"column":5}},"4":{"start":{"line":14,"column":6},"end":{"line":14,"column":42}},"5":{"start":{"line":17,"column":4},"end":{"line":17,"column":27}},"6":{"start":{"line":19,"column":4},"end":{"line":19,"column":33}},"7":{"start":{"line":23,"column":2},"end":{"line":23,"column":30}},"8":{"start":{"line":24,"column":2},"end":{"line":33,"column":3}},"9":{"start":{"line":25,"column":21},"end":{"line":25,"column":47}},"10":{"start":{"line":26,"column":4},"end":{"line":28,"column":5}},"11":{"start":{"line":27,"column":6},"end":{"line":27,"column":44}},"12":{"start":{"line":30,"column":4},"end":{"line":30,"column":27}},"13":{"start":{"line":32,"column":4},"end":{"line":32,"column":33}},"14":{"start":{"line":37,"column":2},"end":{"line":37,"column":44}},"15":{"start":{"line":38,"column":2},"end":{"line":38,"column":55}}},"fnMap":{"0":{"name":"doGetAssets","decl":{"start":{"line":9,"column":10},"end":{"line":9,"column":21}},"loc":{"start":{"line":9,"column":24},"end":{"line":21,"column":1}},"line":9},"1":{"name":"doGetTranslation","decl":{"start":{"line":22,"column":10},"end":{"line":22,"column":26}},"loc":{"start":{"line":22,"column":29},"end":{"line":34,"column":1}},"line":22},"2":{"name":"appSaga","decl":{"start":{"line":36,"column":25},"end":{"line":36,"column":32}},"loc":{"start":{"line":36,"column":35},"end":{"line":39,"column":1}},"line":36}},"branchMap":{"0":{"loc":{"start":{"line":13,"column":4},"end":{"line":15,"column":5}},"type":"if","locations":[{"start":{"line":13,"column":4},"end":{"line":15,"column":5}},{"start":{},"end":{}}],"line":13},"1":{"loc":{"start":{"line":26,"column":4},"end":{"line":28,"column":5}},"type":"if","locations":[{"start":{"line":26,"column":4},"end":{"line":28,"column":5}},{"start":{},"end":{}}],"line":26}},"s":{"0":0,"1":0,"2":0,"3":0,"4":0,"5":0,"6":0,"7":0,"8":0,"9":0,"10":0,"11":0,"12":0,"13":0,"14":9,"15":9},"f":{"0":0,"1":0,"2":9},"b":{"0":[0,0],"1":[0,0]},"_coverageSchema":"1a1c01bbd47fc00a2c39e90264f33305004495a9","hash":"c948a68124bdb24f25bf94d33a9dc45ef5bec990"}
,"/Users/shends/bootcamp/phincon/slaapdoos/client/src/containers/App/selectors.js": {"path":"/Users/shends/bootcamp/phincon/slaapdoos/client/src/containers/App/selectors.js","statementMap":{"0":{"start":{"line":4,"column":23},"end":{"line":4,"column":59}},"1":{"start":{"line":4,"column":34},"end":{"line":4,"column":59}},"2":{"start":{"line":6,"column":28},"end":{"line":6,"column":83}},"3":{"start":{"line":6,"column":70},"end":{"line":6,"column":82}},"4":{"start":{"line":7,"column":27},"end":{"line":7,"column":81}},"5":{"start":{"line":7,"column":69},"end":{"line":7,"column":80}},"6":{"start":{"line":8,"column":27},"end":{"line":8,"column":81}},"7":{"start":{"line":8,"column":69},"end":{"line":8,"column":80}},"8":{"start":{"line":9,"column":30},"end":{"line":9,"column":84}},"9":{"start":{"line":9,"column":72},"end":{"line":9,"column":83}},"10":{"start":{"line":10,"column":29},"end":{"line":10,"column":85}},"11":{"start":{"line":10,"column":71},"end":{"line":10,"column":84}},"12":{"start":{"line":11,"column":28},"end":{"line":11,"column":83}},"13":{"start":{"line":11,"column":70},"end":{"line":11,"column":82}},"14":{"start":{"line":12,"column":37},"end":{"line":12,"column":94}},"15":{"start":{"line":12,"column":79},"end":{"line":12,"column":93}}},"fnMap":{"0":{"name":"(anonymous_0)","decl":{"start":{"line":4,"column":23},"end":{"line":4,"column":24}},"loc":{"start":{"line":4,"column":34},"end":{"line":4,"column":59}},"line":4},"1":{"name":"(anonymous_1)","decl":{"start":{"line":6,"column":59},"end":{"line":6,"column":60}},"loc":{"start":{"line":6,"column":70},"end":{"line":6,"column":82}},"line":6},"2":{"name":"(anonymous_2)","decl":{"start":{"line":7,"column":58},"end":{"line":7,"column":59}},"loc":{"start":{"line":7,"column":69},"end":{"line":7,"column":80}},"line":7},"3":{"name":"(anonymous_3)","decl":{"start":{"line":8,"column":58},"end":{"line":8,"column":59}},"loc":{"start":{"line":8,"column":69},"end":{"line":8,"column":80}},"line":8},"4":{"name":"(anonymous_4)","decl":{"start":{"line":9,"column":61},"end":{"line":9,"column":62}},"loc":{"start":{"line":9,"column":72},"end":{"line":9,"column":83}},"line":9},"5":{"name":"(anonymous_5)","decl":{"start":{"line":10,"column":60},"end":{"line":10,"column":61}},"loc":{"start":{"line":10,"column":71},"end":{"line":10,"column":84}},"line":10},"6":{"name":"(anonymous_6)","decl":{"start":{"line":11,"column":59},"end":{"line":11,"column":60}},"loc":{"start":{"line":11,"column":70},"end":{"line":11,"column":82}},"line":11},"7":{"name":"(anonymous_7)","decl":{"start":{"line":12,"column":68},"end":{"line":12,"column":69}},"loc":{"start":{"line":12,"column":79},"end":{"line":12,"column":93}},"line":12}},"branchMap":{"0":{"loc":{"start":{"line":4,"column":34},"end":{"line":4,"column":59}},"type":"binary-expr","locations":[{"start":{"line":4,"column":34},"end":{"line":4,"column":43}},{"start":{"line":4,"column":47},"end":{"line":4,"column":59}}],"line":4}},"s":{"0":1,"1":0,"2":1,"3":0,"4":1,"5":0,"6":1,"7":0,"8":1,"9":0,"10":1,"11":0,"12":1,"13":0,"14":1,"15":0},"f":{"0":0,"1":0,"2":0,"3":0,"4":0,"5":0,"6":0,"7":0},"b":{"0":[0,0]},"_coverageSchema":"1a1c01bbd47fc00a2c39e90264f33305004495a9","hash":"4d41bf4921a7089b64c62cbeb042f5cc13d244de"}
,"/Users/shends/bootcamp/phincon/slaapdoos/client/src/containers/Client/actions.js": {"path":"/Users/shends/bootcamp/phincon/slaapdoos/client/src/containers/Client/actions.js","statementMap":{"0":{"start":{"line":3,"column":24},"end":{"line":6,"column":2}},"1":{"start":{"line":3,"column":36},"end":{"line":6,"column":1}},"2":{"start":{"line":8,"column":24},"end":{"line":11,"column":2}},"3":{"start":{"line":8,"column":36},"end":{"line":11,"column":1}},"4":{"start":{"line":13,"column":27},"end":{"line":15,"column":2}},"5":{"start":{"line":13,"column":34},"end":{"line":15,"column":1}},"6":{"start":{"line":17,"column":25},"end":{"line":21,"column":2}},"7":{"start":{"line":17,"column":40},"end":{"line":21,"column":1}},"8":{"start":{"line":23,"column":26},"end":{"line":26,"column":2}},"9":{"start":{"line":23,"column":40},"end":{"line":26,"column":1}},"10":{"start":{"line":28,"column":25},"end":{"line":31,"column":2}},"11":{"start":{"line":28,"column":39},"end":{"line":31,"column":1}}},"fnMap":{"0":{"name":"(anonymous_0)","decl":{"start":{"line":3,"column":24},"end":{"line":3,"column":25}},"loc":{"start":{"line":3,"column":36},"end":{"line":6,"column":1}},"line":3},"1":{"name":"(anonymous_1)","decl":{"start":{"line":8,"column":24},"end":{"line":8,"column":25}},"loc":{"start":{"line":8,"column":36},"end":{"line":11,"column":1}},"line":8},"2":{"name":"(anonymous_2)","decl":{"start":{"line":13,"column":27},"end":{"line":13,"column":28}},"loc":{"start":{"line":13,"column":34},"end":{"line":15,"column":1}},"line":13},"3":{"name":"(anonymous_3)","decl":{"start":{"line":17,"column":25},"end":{"line":17,"column":26}},"loc":{"start":{"line":17,"column":40},"end":{"line":21,"column":1}},"line":17},"4":{"name":"(anonymous_4)","decl":{"start":{"line":23,"column":26},"end":{"line":23,"column":27}},"loc":{"start":{"line":23,"column":40},"end":{"line":26,"column":1}},"line":23},"5":{"name":"(anonymous_5)","decl":{"start":{"line":28,"column":25},"end":{"line":28,"column":26}},"loc":{"start":{"line":28,"column":39},"end":{"line":31,"column":1}},"line":28}},"branchMap":{},"s":{"0":9,"1":0,"2":9,"3":0,"4":9,"5":0,"6":9,"7":0,"8":9,"9":0,"10":9,"11":0},"f":{"0":0,"1":0,"2":0,"3":0,"4":0,"5":0},"b":{},"_coverageSchema":"1a1c01bbd47fc00a2c39e90264f33305004495a9","hash":"62e2d2b6ddeef46ea2e236b5ba4fe9ef8f91d2cc"}
,"/Users/shends/bootcamp/phincon/slaapdoos/client/src/containers/Client/constants.js": {"path":"/Users/shends/bootcamp/phincon/slaapdoos/client/src/containers/Client/constants.js","statementMap":{"0":{"start":{"line":1,"column":25},"end":{"line":1,"column":43}},"1":{"start":{"line":2,"column":25},"end":{"line":2,"column":43}},"2":{"start":{"line":3,"column":28},"end":{"line":3,"column":49}},"3":{"start":{"line":4,"column":26},"end":{"line":4,"column":45}},"4":{"start":{"line":5,"column":27},"end":{"line":5,"column":47}},"5":{"start":{"line":6,"column":22},"end":{"line":6,"column":37}}},"fnMap":{},"branchMap":{},"s":{"0":9,"1":9,"2":9,"3":9,"4":9,"5":9},"f":{},"b":{},"_coverageSchema":"1a1c01bbd47fc00a2c39e90264f33305004495a9","hash":"ce79434fde90adca48213513e876afe9eaa8762a"}
,"/Users/shends/bootcamp/phincon/slaapdoos/client/src/containers/Client/reducer.js": {"path":"/Users/shends/bootcamp/phincon/slaapdoos/client/src/containers/Client/reducer.js","statementMap":{"0":{"start":{"line":5,"column":28},"end":{"line":9,"column":1}},"1":{"start":{"line":11,"column":25},"end":{"line":11,"column":43}},"2":{"start":{"line":13,"column":22},"end":{"line":26,"column":4}},"3":{"start":{"line":14,"column":2},"end":{"line":26,"column":4}},"4":{"start":{"line":15,"column":4},"end":{"line":25,"column":5}},"5":{"start":{"line":17,"column":8},"end":{"line":17,"column":35}},"6":{"start":{"line":18,"column":8},"end":{"line":18,"column":14}},"7":{"start":{"line":20,"column":8},"end":{"line":20,"column":35}},"8":{"start":{"line":21,"column":8},"end":{"line":21,"column":14}},"9":{"start":{"line":23,"column":8},"end":{"line":23,"column":39}},"10":{"start":{"line":24,"column":8},"end":{"line":24,"column":14}}},"fnMap":{"0":{"name":"(anonymous_0)","decl":{"start":{"line":13,"column":22},"end":{"line":13,"column":23}},"loc":{"start":{"line":14,"column":2},"end":{"line":26,"column":4}},"line":14},"1":{"name":"(anonymous_1)","decl":{"start":{"line":14,"column":17},"end":{"line":14,"column":18}},"loc":{"start":{"line":14,"column":28},"end":{"line":26,"column":3}},"line":14}},"branchMap":{"0":{"loc":{"start":{"line":13,"column":23},"end":{"line":13,"column":43}},"type":"default-arg","locations":[{"start":{"line":13,"column":31},"end":{"line":13,"column":43}}],"line":13},"1":{"loc":{"start":{"line":15,"column":4},"end":{"line":25,"column":5}},"type":"switch","locations":[{"start":{"line":16,"column":6},"end":{"line":18,"column":14}},{"start":{"line":19,"column":6},"end":{"line":21,"column":14}},{"start":{"line":22,"column":6},"end":{"line":24,"column":14}}],"line":15}},"s":{"0":9,"1":9,"2":9,"3":90,"4":90,"5":0,"6":0,"7":0,"8":0,"9":0,"10":0},"f":{"0":90,"1":90},"b":{"0":[27],"1":[0,0,0]},"_coverageSchema":"1a1c01bbd47fc00a2c39e90264f33305004495a9","hash":"b7a91d8b785b9bd3412b2b775949926b4a92344d"}
,"/Users/shends/bootcamp/phincon/slaapdoos/client/src/containers/Client/saga.js": {"path":"/Users/shends/bootcamp/phincon/slaapdoos/client/src/containers/Client/saga.js","statementMap":{"0":{"start":{"line":14,"column":2},"end":{"line":35,"column":3}},"1":{"start":{"line":15,"column":21},"end":{"line":15,"column":45}},"2":{"start":{"line":16,"column":4},"end":{"line":16,"column":63}},"3":{"start":{"line":17,"column":19},"end":{"line":17,"column":62}},"4":{"start":{"line":18,"column":22},"end":{"line":18,"column":55}},"5":{"start":{"line":19,"column":18},"end":{"line":19,"column":47}},"6":{"start":{"line":20,"column":18},"end":{"line":20,"column":50}},"7":{"start":{"line":21,"column":21},"end":{"line":25,"column":6}},"8":{"start":{"line":26,"column":4},"end":{"line":26,"column":32}},"9":{"start":{"line":27,"column":4},"end":{"line":30,"column":5}},"10":{"start":{"line":28,"column":6},"end":{"line":28,"column":32}},"11":{"start":{"line":29,"column":6},"end":{"line":29,"column":47}},"12":{"start":{"line":32,"column":4},"end":{"line":32,"column":57}},"13":{"start":{"line":34,"column":4},"end":{"line":34,"column":33}},"14":{"start":{"line":38,"column":2},"end":{"line":38,"column":35}},"15":{"start":{"line":39,"column":2},"end":{"line":50,"column":3}},"16":{"start":{"line":40,"column":21},"end":{"line":40,"column":44}},"17":{"start":{"line":41,"column":4},"end":{"line":45,"column":5}},"18":{"start":{"line":42,"column":6},"end":{"line":42,"column":32}},"19":{"start":{"line":43,"column":6},"end":{"line":43,"column":47}},"20":{"start":{"line":44,"column":6},"end":{"line":44,"column":11}},"21":{"start":{"line":47,"column":4},"end":{"line":47,"column":57}},"22":{"start":{"line":49,"column":4},"end":{"line":49,"column":38}},"23":{"start":{"line":53,"column":2},"end":{"line":53,"column":30}},"24":{"start":{"line":54,"column":2},"end":{"line":68,"column":3}},"25":{"start":{"line":55,"column":21},"end":{"line":55,"column":39}},"26":{"start":{"line":56,"column":4},"end":{"line":60,"column":5}},"27":{"start":{"line":57,"column":6},"end":{"line":57,"column":27}},"28":{"start":{"line":58,"column":6},"end":{"line":58,"column":29}},"29":{"start":{"line":59,"column":6},"end":{"line":59,"column":33}},"30":{"start":{"line":62,"column":4},"end":{"line":64,"column":5}},"31":{"start":{"line":63,"column":6},"end":{"line":63,"column":23}},"32":{"start":{"line":65,"column":4},"end":{"line":65,"column":57}},"33":{"start":{"line":67,"column":4},"end":{"line":67,"column":33}},"34":{"start":{"line":72,"column":2},"end":{"line":72,"column":48}},"35":{"start":{"line":73,"column":2},"end":{"line":73,"column":44}},"36":{"start":{"line":74,"column":2},"end":{"line":74,"column":37}}},"fnMap":{"0":{"name":"doOAuthGoogle","decl":{"start":{"line":13,"column":10},"end":{"line":13,"column":23}},"loc":{"start":{"line":13,"column":26},"end":{"line":36,"column":1}},"line":13},"1":{"name":"doUserLogin","decl":{"start":{"line":37,"column":10},"end":{"line":37,"column":21}},"loc":{"start":{"line":37,"column":36},"end":{"line":51,"column":1}},"line":37},"2":{"name":"doLogout","decl":{"start":{"line":52,"column":10},"end":{"line":52,"column":18}},"loc":{"start":{"line":52,"column":32},"end":{"line":69,"column":1}},"line":52},"3":{"name":"clientSaga","decl":{"start":{"line":71,"column":25},"end":{"line":71,"column":35}},"loc":{"start":{"line":71,"column":38},"end":{"line":75,"column":1}},"line":71}},"branchMap":{"0":{"loc":{"start":{"line":27,"column":4},"end":{"line":30,"column":5}},"type":"if","locations":[{"start":{"line":27,"column":4},"end":{"line":30,"column":5}},{"start":{},"end":{}}],"line":27},"1":{"loc":{"start":{"line":41,"column":4},"end":{"line":45,"column":5}},"type":"if","locations":[{"start":{"line":41,"column":4},"end":{"line":45,"column":5}},{"start":{},"end":{}}],"line":41},"2":{"loc":{"start":{"line":56,"column":4},"end":{"line":60,"column":5}},"type":"if","locations":[{"start":{"line":56,"column":4},"end":{"line":60,"column":5}},{"start":{},"end":{}}],"line":56},"3":{"loc":{"start":{"line":62,"column":4},"end":{"line":64,"column":5}},"type":"if","locations":[{"start":{"line":62,"column":4},"end":{"line":64,"column":5}},{"start":{},"end":{}}],"line":62}},"s":{"0":0,"1":0,"2":0,"3":0,"4":0,"5":0,"6":0,"7":0,"8":0,"9":0,"10":0,"11":0,"12":0,"13":0,"14":0,"15":0,"16":0,"17":0,"18":0,"19":0,"20":0,"21":0,"22":0,"23":0,"24":0,"25":0,"26":0,"27":0,"28":0,"29":0,"30":0,"31":0,"32":0,"33":0,"34":9,"35":9,"36":9},"f":{"0":0,"1":0,"2":0,"3":9},"b":{"0":[0,0],"1":[0,0],"2":[0,0],"3":[0,0]},"_coverageSchema":"1a1c01bbd47fc00a2c39e90264f33305004495a9","hash":"182fdf1b783eef1b5a06142b9a1a8973261f1a33"}
,"/Users/shends/bootcamp/phincon/slaapdoos/client/src/containers/Language/actions.js": {"path":"/Users/shends/bootcamp/phincon/slaapdoos/client/src/containers/Language/actions.js","statementMap":{"0":{"start":{"line":3,"column":27},"end":{"line":6,"column":2}},"1":{"start":{"line":3,"column":42},"end":{"line":6,"column":1}}},"fnMap":{"0":{"name":"(anonymous_0)","decl":{"start":{"line":3,"column":27},"end":{"line":3,"column":28}},"loc":{"start":{"line":3,"column":42},"end":{"line":6,"column":1}},"line":3}},"branchMap":{},"s":{"0":9,"1":0},"f":{"0":0},"b":{},"_coverageSchema":"1a1c01bbd47fc00a2c39e90264f33305004495a9","hash":"da702ba80aa9b0e27b04ba85d0acbeb22797802d"}
,"/Users/shends/bootcamp/phincon/slaapdoos/client/src/containers/Language/constants.js": {"path":"/Users/shends/bootcamp/phincon/slaapdoos/client/src/containers/Language/constants.js","statementMap":{"0":{"start":{"line":1,"column":28},"end":{"line":1,"column":51}},"1":{"start":{"line":2,"column":30},"end":{"line":2,"column":34}}},"fnMap":{},"branchMap":{},"s":{"0":9,"1":9},"f":{},"b":{},"_coverageSchema":"1a1c01bbd47fc00a2c39e90264f33305004495a9","hash":"fa1f07aa7ea615a95572b30ab285263b39cce211"}
,"/Users/shends/bootcamp/phincon/slaapdoos/client/src/containers/Language/reducer.js": {"path":"/Users/shends/bootcamp/phincon/slaapdoos/client/src/containers/Language/reducer.js","statementMap":{"0":{"start":{"line":8,"column":28},"end":{"line":13,"column":1}},"1":{"start":{"line":15,"column":24},"end":{"line":22,"column":4}},"2":{"start":{"line":16,"column":2},"end":{"line":22,"column":4}},"3":{"start":{"line":17,"column":4},"end":{"line":21,"column":5}},"4":{"start":{"line":19,"column":8},"end":{"line":19,"column":41}},"5":{"start":{"line":20,"column":8},"end":{"line":20,"column":14}}},"fnMap":{"0":{"name":"(anonymous_0)","decl":{"start":{"line":15,"column":24},"end":{"line":15,"column":25}},"loc":{"start":{"line":16,"column":2},"end":{"line":22,"column":4}},"line":16},"1":{"name":"(anonymous_1)","decl":{"start":{"line":16,"column":17},"end":{"line":16,"column":18}},"loc":{"start":{"line":16,"column":28},"end":{"line":22,"column":3}},"line":16}},"branchMap":{"0":{"loc":{"start":{"line":15,"column":25},"end":{"line":15,"column":45}},"type":"default-arg","locations":[{"start":{"line":15,"column":33},"end":{"line":15,"column":45}}],"line":15},"1":{"loc":{"start":{"line":17,"column":4},"end":{"line":21,"column":5}},"type":"switch","locations":[{"start":{"line":18,"column":6},"end":{"line":20,"column":14}}],"line":17}},"s":{"0":9,"1":9,"2":90,"3":90,"4":0,"5":0},"f":{"0":90,"1":90},"b":{"0":[27],"1":[0]},"_coverageSchema":"1a1c01bbd47fc00a2c39e90264f33305004495a9","hash":"e590b4ee800f8710e27e5d69b444388629d5cf9e"}
,"/Users/shends/bootcamp/phincon/slaapdoos/client/src/domain/api.js": {"path":"/Users/shends/bootcamp/phincon/slaapdoos/client/src/domain/api.js","statementMap":{"0":{"start":{"line":6,"column":13},"end":{"line":13,"column":1}},"1":{"start":{"line":14,"column":23},"end":{"line":33,"column":1}},"2":{"start":{"line":15,"column":24},"end":{"line":17,"column":3}},"3":{"start":{"line":19,"column":18},"end":{"line":19,"column":46}},"4":{"start":{"line":20,"column":18},"end":{"line":27,"column":3}},"5":{"start":{"line":29,"column":2},"end":{"line":32,"column":5}},"6":{"start":{"line":30,"column":24},"end":{"line":30,"column":37}},"7":{"start":{"line":31,"column":4},"end":{"line":31,"column":23}},"8":{"start":{"line":36,"column":27},"end":{"line":36,"column":104}},"9":{"start":{"line":36,"column":37},"end":{"line":36,"column":104}},"10":{"start":{"line":37,"column":21},"end":{"line":37,"column":88}},"11":{"start":{"line":37,"column":31},"end":{"line":37,"column":88}},"12":{"start":{"line":38,"column":28},"end":{"line":38,"column":96}},"13":{"start":{"line":38,"column":34},"end":{"line":38,"column":96}},"14":{"start":{"line":39,"column":22},"end":{"line":39,"column":84}},"15":{"start":{"line":39,"column":28},"end":{"line":39,"column":84}},"16":{"start":{"line":40,"column":27},"end":{"line":40,"column":86}},"17":{"start":{"line":40,"column":37},"end":{"line":40,"column":86}},"18":{"start":{"line":41,"column":25},"end":{"line":41,"column":91}},"19":{"start":{"line":41,"column":35},"end":{"line":41,"column":91}},"20":{"start":{"line":42,"column":24},"end":{"line":42,"column":88}},"21":{"start":{"line":42,"column":34},"end":{"line":42,"column":88}},"22":{"start":{"line":43,"column":30},"end":{"line":43,"column":101}},"23":{"start":{"line":43,"column":40},"end":{"line":43,"column":101}},"24":{"start":{"line":44,"column":29},"end":{"line":44,"column":116}},"25":{"start":{"line":44,"column":46},"end":{"line":44,"column":116}},"26":{"start":{"line":45,"column":40},"end":{"line":45,"column":116}},"27":{"start":{"line":45,"column":51},"end":{"line":45,"column":116}},"28":{"start":{"line":47,"column":25},"end":{"line":47,"column":58}},"29":{"start":{"line":47,"column":31},"end":{"line":47,"column":58}},"30":{"start":{"line":48,"column":30},"end":{"line":48,"column":69}},"31":{"start":{"line":48,"column":36},"end":{"line":48,"column":69}},"32":{"start":{"line":49,"column":33},"end":{"line":53,"column":38}},"33":{"start":{"line":50,"column":2},"end":{"line":53,"column":38}},"34":{"start":{"line":53,"column":24},"end":{"line":53,"column":37}},"35":{"start":{"line":56,"column":30},"end":{"line":56,"column":74}},"36":{"start":{"line":56,"column":36},"end":{"line":56,"column":74}},"37":{"start":{"line":57,"column":28},"end":{"line":57,"column":97}},"38":{"start":{"line":57,"column":38},"end":{"line":57,"column":97}},"39":{"start":{"line":58,"column":28},"end":{"line":58,"column":90}},"40":{"start":{"line":58,"column":38},"end":{"line":58,"column":90}},"41":{"start":{"line":59,"column":37},"end":{"line":59,"column":84}},"42":{"start":{"line":59,"column":43},"end":{"line":59,"column":84}},"43":{"start":{"line":60,"column":33},"end":{"line":61,"column":102}},"44":{"start":{"line":61,"column":2},"end":{"line":61,"column":102}},"45":{"start":{"line":66,"column":30},"end":{"line":66,"column":83}},"46":{"start":{"line":66,"column":40},"end":{"line":66,"column":83}},"47":{"start":{"line":67,"column":29},"end":{"line":67,"column":94}},"48":{"start":{"line":67,"column":42},"end":{"line":67,"column":94}},"49":{"start":{"line":68,"column":33},"end":{"line":68,"column":80}},"50":{"start":{"line":68,"column":39},"end":{"line":68,"column":80}},"51":{"start":{"line":69,"column":30},"end":{"line":69,"column":88}},"52":{"start":{"line":69,"column":43},"end":{"line":69,"column":88}},"53":{"start":{"line":70,"column":29},"end":{"line":76,"column":1}},"54":{"start":{"line":71,"column":12},"end":{"line":71,"column":58}},"55":{"start":{"line":72,"column":2},"end":{"line":74,"column":3}},"56":{"start":{"line":73,"column":4},"end":{"line":73,"column":34}},"57":{"start":{"line":75,"column":2},"end":{"line":75,"column":29}},"58":{"start":{"line":78,"column":25},"end":{"line":84,"column":1}},"59":{"start":{"line":79,"column":12},"end":{"line":79,"column":62}},"60":{"start":{"line":80,"column":2},"end":{"line":82,"column":3}},"61":{"start":{"line":81,"column":4},"end":{"line":81,"column":33}},"62":{"start":{"line":83,"column":2},"end":{"line":83,"column":29}},"63":{"start":{"line":87,"column":31},"end":{"line":88,"column":93}},"64":{"start":{"line":88,"column":2},"end":{"line":88,"column":93}},"65":{"start":{"line":89,"column":33},"end":{"line":89,"column":82}},"66":{"start":{"line":89,"column":39},"end":{"line":89,"column":82}},"67":{"start":{"line":90,"column":34},"end":{"line":90,"column":109}},"68":{"start":{"line":90,"column":52},"end":{"line":90,"column":109}},"69":{"start":{"line":91,"column":27},"end":{"line":91,"column":77}},"70":{"start":{"line":91,"column":33},"end":{"line":91,"column":77}},"71":{"start":{"line":92,"column":26},"end":{"line":92,"column":90}},"72":{"start":{"line":92,"column":36},"end":{"line":92,"column":90}},"73":{"start":{"line":93,"column":27},"end":{"line":94,"column":89}},"74":{"start":{"line":94,"column":2},"end":{"line":94,"column":89}},"75":{"start":{"line":95,"column":30},"end":{"line":96,"column":104}},"76":{"start":{"line":96,"column":2},"end":{"line":96,"column":104}},"77":{"start":{"line":99,"column":26},"end":{"line":99,"column":62}},"78":{"start":{"line":99,"column":32},"end":{"line":99,"column":62}},"79":{"start":{"line":100,"column":31},"end":{"line":100,"column":76}},"80":{"start":{"line":100,"column":37},"end":{"line":100,"column":76}},"81":{"start":{"line":101,"column":28},"end":{"line":101,"column":92}},"82":{"start":{"line":101,"column":42},"end":{"line":101,"column":92}},"83":{"start":{"line":102,"column":34},"end":{"line":102,"column":115}},"84":{"start":{"line":102,"column":56},"end":{"line":102,"column":115}},"85":{"start":{"line":103,"column":28},"end":{"line":104,"column":90}},"86":{"start":{"line":104,"column":2},"end":{"line":104,"column":90}}},"fnMap":{"0":{"name":"(anonymous_0)","decl":{"start":{"line":14,"column":23},"end":{"line":14,"column":24}},"loc":{"start":{"line":14,"column":90},"end":{"line":33,"column":1}},"line":14},"1":{"name":"(anonymous_1)","decl":{"start":{"line":29,"column":31},"end":{"line":29,"column":32}},"loc":{"start":{"line":29,"column":45},"end":{"line":32,"column":3}},"line":29},"2":{"name":"(anonymous_2)","decl":{"start":{"line":36,"column":27},"end":{"line":36,"column":28}},"loc":{"start":{"line":36,"column":37},"end":{"line":36,"column":104}},"line":36},"3":{"name":"(anonymous_3)","decl":{"start":{"line":37,"column":21},"end":{"line":37,"column":22}},"loc":{"start":{"line":37,"column":31},"end":{"line":37,"column":88}},"line":37},"4":{"name":"(anonymous_4)","decl":{"start":{"line":38,"column":28},"end":{"line":38,"column":29}},"loc":{"start":{"line":38,"column":34},"end":{"line":38,"column":96}},"line":38},"5":{"name":"(anonymous_5)","decl":{"start":{"line":39,"column":22},"end":{"line":39,"column":23}},"loc":{"start":{"line":39,"column":28},"end":{"line":39,"column":84}},"line":39},"6":{"name":"(anonymous_6)","decl":{"start":{"line":40,"column":27},"end":{"line":40,"column":28}},"loc":{"start":{"line":40,"column":37},"end":{"line":40,"column":86}},"line":40},"7":{"name":"(anonymous_7)","decl":{"start":{"line":41,"column":25},"end":{"line":41,"column":26}},"loc":{"start":{"line":41,"column":35},"end":{"line":41,"column":91}},"line":41},"8":{"name":"(anonymous_8)","decl":{"start":{"line":42,"column":24},"end":{"line":42,"column":25}},"loc":{"start":{"line":42,"column":34},"end":{"line":42,"column":88}},"line":42},"9":{"name":"(anonymous_9)","decl":{"start":{"line":43,"column":30},"end":{"line":43,"column":31}},"loc":{"start":{"line":43,"column":40},"end":{"line":43,"column":101}},"line":43},"10":{"name":"(anonymous_10)","decl":{"start":{"line":44,"column":29},"end":{"line":44,"column":30}},"loc":{"start":{"line":44,"column":46},"end":{"line":44,"column":116}},"line":44},"11":{"name":"(anonymous_11)","decl":{"start":{"line":45,"column":40},"end":{"line":45,"column":41}},"loc":{"start":{"line":45,"column":51},"end":{"line":45,"column":116}},"line":45},"12":{"name":"(anonymous_12)","decl":{"start":{"line":47,"column":25},"end":{"line":47,"column":26}},"loc":{"start":{"line":47,"column":31},"end":{"line":47,"column":58}},"line":47},"13":{"name":"(anonymous_13)","decl":{"start":{"line":48,"column":30},"end":{"line":48,"column":31}},"loc":{"start":{"line":48,"column":36},"end":{"line":48,"column":69}},"line":48},"14":{"name":"(anonymous_14)","decl":{"start":{"line":49,"column":33},"end":{"line":49,"column":34}},"loc":{"start":{"line":50,"column":2},"end":{"line":53,"column":38}},"line":50},"15":{"name":"(anonymous_15)","decl":{"start":{"line":53,"column":10},"end":{"line":53,"column":11}},"loc":{"start":{"line":53,"column":24},"end":{"line":53,"column":37}},"line":53},"16":{"name":"(anonymous_16)","decl":{"start":{"line":56,"column":30},"end":{"line":56,"column":31}},"loc":{"start":{"line":56,"column":36},"end":{"line":56,"column":74}},"line":56},"17":{"name":"(anonymous_17)","decl":{"start":{"line":57,"column":28},"end":{"line":57,"column":29}},"loc":{"start":{"line":57,"column":38},"end":{"line":57,"column":97}},"line":57},"18":{"name":"(anonymous_18)","decl":{"start":{"line":58,"column":28},"end":{"line":58,"column":29}},"loc":{"start":{"line":58,"column":38},"end":{"line":58,"column":90}},"line":58},"19":{"name":"(anonymous_19)","decl":{"start":{"line":59,"column":37},"end":{"line":59,"column":38}},"loc":{"start":{"line":59,"column":43},"end":{"line":59,"column":84}},"line":59},"20":{"name":"(anonymous_20)","decl":{"start":{"line":60,"column":33},"end":{"line":60,"column":34}},"loc":{"start":{"line":61,"column":2},"end":{"line":61,"column":102}},"line":61},"21":{"name":"(anonymous_21)","decl":{"start":{"line":66,"column":30},"end":{"line":66,"column":31}},"loc":{"start":{"line":66,"column":40},"end":{"line":66,"column":83}},"line":66},"22":{"name":"(anonymous_22)","decl":{"start":{"line":67,"column":29},"end":{"line":67,"column":30}},"loc":{"start":{"line":67,"column":42},"end":{"line":67,"column":94}},"line":67},"23":{"name":"(anonymous_23)","decl":{"start":{"line":68,"column":33},"end":{"line":68,"column":34}},"loc":{"start":{"line":68,"column":39},"end":{"line":68,"column":80}},"line":68},"24":{"name":"(anonymous_24)","decl":{"start":{"line":69,"column":30},"end":{"line":69,"column":31}},"loc":{"start":{"line":69,"column":43},"end":{"line":69,"column":88}},"line":69},"25":{"name":"(anonymous_25)","decl":{"start":{"line":70,"column":29},"end":{"line":70,"column":30}},"loc":{"start":{"line":70,"column":55},"end":{"line":76,"column":1}},"line":70},"26":{"name":"(anonymous_26)","decl":{"start":{"line":78,"column":25},"end":{"line":78,"column":26}},"loc":{"start":{"line":78,"column":60},"end":{"line":84,"column":1}},"line":78},"27":{"name":"(anonymous_27)","decl":{"start":{"line":87,"column":31},"end":{"line":87,"column":32}},"loc":{"start":{"line"
[...]
3":{"start":{"line":97,"column":2},"end":{"line":97,"column":61}}},"fnMap":{"0":{"name":"doGetUserProfile","decl":{"start":{"line":21,"column":10},"end":{"line":21,"column":26}},"loc":{"start":{"line":21,"column":29},"end":{"line":33,"column":1}},"line":21},"1":{"name":"doUploadIdCard","decl":{"start":{"line":34,"column":10},"end":{"line":34,"column":24}},"loc":{"start":{"line":34,"column":48},"end":{"line":47,"column":1}},"line":34},"2":{"name":"doCreateIdCard","decl":{"start":{"line":48,"column":10},"end":{"line":48,"column":24}},"loc":{"start":{"line":48,"column":55},"end":{"line":63,"column":1}},"line":48},"3":{"name":"doGetDataCredential","decl":{"start":{"line":64,"column":10},"end":{"line":64,"column":29}},"loc":{"start":{"line":64,"column":32},"end":{"line":77,"column":1}},"line":64},"4":{"name":"doUpdateUserProfile","decl":{"start":{"line":79,"column":10},"end":{"line":79,"column":29}},"loc":{"start":{"line":79,"column":51},"end":{"line":91,"column":1}},"line":79},"5":{"name":"userProfileSaga","decl":{"start":{"line":92,"column":25},"end":{"line":92,"column":40}},"loc":{"start":{"line":92,"column":43},"end":{"line":98,"column":1}},"line":92}},"branchMap":{"0":{"loc":{"start":{"line":25,"column":4},"end":{"line":27,"column":5}},"type":"if","locations":[{"start":{"line":25,"column":4},"end":{"line":27,"column":5}},{"start":{},"end":{}}],"line":25},"1":{"loc":{"start":{"line":38,"column":4},"end":{"line":40,"column":5}},"type":"if","locations":[{"start":{"line":38,"column":4},"end":{"line":40,"column":5}},{"start":{},"end":{}}],"line":38},"2":{"loc":{"start":{"line":52,"column":4},"end":{"line":54,"column":5}},"type":"if","locations":[{"start":{"line":52,"column":4},"end":{"line":54,"column":5}},{"start":{},"end":{}}],"line":52},"3":{"loc":{"start":{"line":53,"column":6},"end":{"line":53,"column":30}},"type":"binary-expr","locations":[{"start":{"line":53,"column":6},"end":{"line":53,"column":15}},{"start":{"line":53,"column":19},"end":{"line":53,"column":30}}],"line":53},"4":{"loc":{"start":{"line":56,"column":4},"end":{"line":58,"column":5}},"type":"if","locations":[{"start":{"line":56,"column":4},"end":{"line":58,"column":5}},{"start":{},"end":{}}],"line":56},"5":{"loc":{"start":{"line":68,"column":4},"end":{"line":71,"column":5}},"type":"if","locations":[{"start":{"line":68,"column":4},"end":{"line":71,"column":5}},{"start":{},"end":{}}],"line":68},"6":{"loc":{"start":{"line":83,"column":4},"end":{"line":85,"column":5}},"type":"if","locations":[{"start":{"line":83,"column":4},"end":{"line":85,"column":5}},{"start":{},"end":{}}],"line":83},"7":{"loc":{"start":{"line":84,"column":6},"end":{"line":84,"column":30}},"type":"binary-expr","locations":[{"start":{"line":84,"column":6},"end":{"line":84,"column":15}},{"start":{"line":84,"column":19},"end":{"line":84,"column":30}}],"line":84}},"s":{"0":0,"1":0,"2":0,"3":0,"4":0,"5":0,"6":0,"7":0,"8":0,"9":0,"10":0,"11":0,"12":0,"13":0,"14":0,"15":0,"16":0,"17":0,"18":0,"19":0,"20":0,"21":0,"22":0,"23":0,"24":0,"25":0,"26":0,"27":0,"28":0,"29":0,"30":0,"31":0,"32":0,"33":0,"34":0,"35":0,"36":0,"37":0,"38":0,"39":9,"40":9,"41":9,"42":9,"43":9},"f":{"0":0,"1":0,"2":0,"3":0,"4":0,"5":9},"b":{"0":[0,0],"1":[0,0],"2":[0,0],"3":[0,0],"4":[0,0],"5":[0,0],"6":[0,0],"7":[0,0]},"_coverageSchema":"1a1c01bbd47fc00a2c39e90264f33305004495a9","hash":"4dd18f91999103beaa25b715e1b694cb738fae1a"}
,"/Users/shends/bootcamp/phincon/slaapdoos/client/src/pages/UserProfile/selectors.js": {"path":"/Users/shends/bootcamp/phincon/slaapdoos/client/src/pages/UserProfile/selectors.js","statementMap":{"0":{"start":{"line":5,"column":31},"end":{"line":5,"column":75}},"1":{"start":{"line":5,"column":42},"end":{"line":5,"column":75}},"2":{"start":{"line":7,"column":33},"end":{"line":7,"column":101}},"3":{"start":{"line":7,"column":83},"end":{"line":7,"column":100}},"4":{"start":{"line":8,"column":32},"end":{"line":8,"column":99}},"5":{"start":{"line":8,"column":82},"end":{"line":8,"column":98}},"6":{"start":{"line":9,"column":30},"end":{"line":9,"column":95}},"7":{"start":{"line":9,"column":80},"end":{"line":9,"column":94}},"8":{"start":{"line":10,"column":29},"end":{"line":10,"column":93}},"9":{"start":{"line":10,"column":79},"end":{"line":10,"column":92}},"10":{"start":{"line":11,"column":35},"end":{"line":11,"column":105}},"11":{"start":{"line":11,"column":85},"end":{"line":11,"column":104}},"12":{"start":{"line":12,"column":35},"end":{"line":12,"column":105}},"13":{"start":{"line":12,"column":85},"end":{"line":12,"column":104}}},"fnMap":{"0":{"name":"(anonymous_0)","decl":{"start":{"line":5,"column":31},"end":{"line":5,"column":32}},"loc":{"start":{"line":5,"column":42},"end":{"line":5,"column":75}},"line":5},"1":{"name":"(anonymous_1)","decl":{"start":{"line":7,"column":72},"end":{"line":7,"column":73}},"loc":{"start":{"line":7,"column":83},"end":{"line":7,"column":100}},"line":7},"2":{"name":"(anonymous_2)","decl":{"start":{"line":8,"column":71},"end":{"line":8,"column":72}},"loc":{"start":{"line":8,"column":82},"end":{"line":8,"column":98}},"line":8},"3":{"name":"(anonymous_3)","decl":{"start":{"line":9,"column":69},"end":{"line":9,"column":70}},"loc":{"start":{"line":9,"column":80},"end":{"line":9,"column":94}},"line":9},"4":{"name":"(anonymous_4)","decl":{"start":{"line":10,"column":68},"end":{"line":10,"column":69}},"loc":{"start":{"line":10,"column":79},"end":{"line":10,"column":92}},"line":10},"5":{"name":"(anonymous_5)","decl":{"start":{"line":11,"column":74},"end":{"line":11,"column":75}},"loc":{"start":{"line":11,"column":85},"end":{"line":11,"column":104}},"line":11},"6":{"name":"(anonymous_6)","decl":{"start":{"line":12,"column":74},"end":{"line":12,"column":75}},"loc":{"start":{"line":12,"column":85},"end":{"line":12,"column":104}},"line":12}},"branchMap":{"0":{"loc":{"start":{"line":5,"column":42},"end":{"line":5,"column":75}},"type":"binary-expr","locations":[{"start":{"line":5,"column":42},"end":{"line":5,"column":59}},{"start":{"line":5,"column":63},"end":{"line":5,"column":75}}],"line":5}},"s":{"0":1,"1":3,"2":1,"3":1,"4":1,"5":0,"6":1,"7":0,"8":1,"9":0,"10":1,"11":0,"12":1,"13":0},"f":{"0":3,"1":1,"2":0,"3":0,"4":0,"5":0,"6":0},"b":{"0":[3,0]},"_coverageSchema":"1a1c01bbd47fc00a2c39e90264f33305004495a9","hash":"891994d3f9b9717cce4ed692c96ab0471fb0f008"}
,"/Users/shends/bootcamp/phincon/slaapdoos/client/src/utils/decryptPayload.js": {"path":"/Users/shends/bootcamp/phincon/slaapdoos/client/src/utils/decryptPayload.js","statementMap":{"0":{"start":{"line":4,"column":36},"end":{"line":11,"column":1}},"1":{"start":{"line":5,"column":2},"end":{"line":10,"column":3}},"2":{"start":{"line":6,"column":18},"end":{"line":6,"column":71}},"3":{"start":{"line":7,"column":4},"end":{"line":7,"column":57}},"4":{"start":{"line":9,"column":4},"end":{"line":9,"column":16}},"5":{"start":{"line":12,"column":34},"end":{"line":19,"column":1}},"6":{"start":{"line":13,"column":2},"end":{"line":18,"column":3}},"7":{"start":{"line":14,"column":18},"end":{"line":14,"column":71}},"8":{"start":{"line":15,"column":4},"end":{"line":15,"column":45}},"9":{"start":{"line":17,"column":4},"end":{"line":17,"column":16}}},"fnMap":{"0":{"name":"(anonymous_0)","decl":{"start":{"line":4,"column":36},"end":{"line":4,"column":37}},"loc":{"start":{"line":4,"column":47},"end":{"line":11,"column":1}},"line":4},"1":{"name":"(anonymous_1)","decl":{"start":{"line":12,"column":34},"end":{"line":12,"column":35}},"loc":{"start":{"line":12,"column":45},"end":{"line":19,"column":1}},"line":12}},"branchMap":{},"s":{"0":9,"1":0,"2":0,"3":0,"4":0,"5":9,"6":0,"7":0,"8":0,"9":0},"f":{"0":0,"1":0},"b":{},"_coverageSchema":"1a1c01bbd47fc00a2c39e90264f33305004495a9","hash":"1117c69da74f171213d0dc4841dc850e59a978b0"}
,"/Users/shends/bootcamp/phincon/slaapdoos/client/src/utils/firebase.js": {"path":"/Users/shends/bootcamp/phincon/slaapdoos/client/src/utils/firebase.js","statementMap":{"0":{"start":{"line":5,"column":23},"end":{"line":12,"column":1}},"1":{"start":{"line":15,"column":19},"end":{"line":15,"column":48}},"2":{"start":{"line":16,"column":20},"end":{"line":16,"column":32}}},"fnMap":{},"branchMap":{},"s":{"0":9,"1":9,"2":9},"f":{},"b":{},"_coverageSchema":"1a1c01bbd47fc00a2c39e90264f33305004495a9","hash":"9279953ea81e2253559e0cffceeeeba092d97d86"}
,"/Users/shends/bootcamp/phincon/slaapdoos/client/src/utils/request.js": {"path":"/Users/shends/bootcamp/phincon/slaapdoos/client/src/utils/request.js","statementMap":{"0":{"start":{"line":9,"column":19},"end":{"line":9,"column":24}},"1":{"start":{"line":10,"column":28},"end":{"line":10,"column":30}},"2":{"start":{"line":12,"column":0},"end":{"line":19,"column":3}},"3":{"start":{"line":13,"column":16},"end":{"line":13,"column":32}},"4":{"start":{"line":14,"column":20},"end":{"line":14,"column":32}},"5":{"start":{"line":15,"column":2},"end":{"line":17,"column":3}},"6":{"start":{"line":16,"column":4},"end":{"line":16,"column":60}},"7":{"start":{"line":18,"column":2},"end":{"line":18,"column":23}},"8":{"start":{"line":21,"column":30},"end":{"line":31,"column":1}},"9":{"start":{"line":22,"column":2},"end":{"line":30,"column":3}},"10":{"start":{"line":23,"column":41},"end":{"line":23,"column":68}},"11":{"start":{"line":24,"column":4},"end":{"line":29,"column":5}},"12":{"start":{"line":25,"column":23},"end":{"line":25,"column":43}},"13":{"start":{"line":26,"column":6},"end":{"line":26,"column":24}},"14":{"start":{"line":28,"column":6},"end":{"line":28,"column":20}},"15":{"start":{"line":33,"column":0},"end":{"line":72,"column":2}},"16":{"start":{"line":34,"column":16},"end":{"line":34,"column":24}},"17":{"start":{"line":36,"column":25},"end":{"line":36,"column":30}},"18":{"start":{"line":37,"column":28},"end":{"line":37,"column":40}},"19":{"start":{"line":39,"column":4},"end":{"line":69,"column":5}},"20":{"start":{"line":40,"column":6},"end":{"line":68,"column":7}},"21":{"start":{"line":41,"column":8},"end":{"line":41,"column":28}},"22":{"start":{"line":43,"column":8},"end":{"line":61,"column":9}},"23":{"start":{"line":44,"column":27},"end":{"line":44,"column":47}},"24":{"start":{"line":46,"column":10},"end":{"line":53,"column":11}},"25":{"start":{"line":47,"column":12},"end":{"line":47,"column":54}},"26":{"start":{"line":48,"column":12},"end":{"line":48,"column":86}},"27":{"start":{"line":49,"column":12},"end":{"line":49,"column":42}},"28":{"start":{"line":51,"column":12},"end":{"line":51,"column":42}},"29":{"start":{"line":52,"column":12},"end":{"line":52,"column":42}},"30":{"start":{"line":55,"column":10},"end":{"line":55,"column":25}},"31":{"start":{"line":56,"column":10},"end":{"line":56,"column":31}},"32":{"start":{"line":57,"column":10},"end":{"line":57,"column":37}},"33":{"start":{"line":58,"column":10},"end":{"line":58,"column":37}},"34":{"start":{"line":60,"column":10},"end":{"line":60,"column":31}},"35":{"start":{"line":64,"column":37},"end":{"line":66,"column":10}},"36":{"start":{"line":65,"column":10},"end":{"line":65,"column":82}},"37":{"start":{"line":67,"column":8},"end":{"line":67,"column":36}},"38":{"start":{"line":70,"column":4},"end":{"line":70,"column":33}},"39":{"start":{"line":74,"column":16},"end":{"line":74,"column":43}},"40":{"start":{"line":74,"column":29},"end":{"line":74,"column":43}}},"fnMap":{"0":{"name":"(anonymous_0)","decl":{"start":{"line":12,"column":31},"end":{"line":12,"column":32}},"loc":{"start":{"line":12,"column":50},"end":{"line":19,"column":1}},"line":12},"1":{"name":"(anonymous_1)","decl":{"start":{"line":21,"column":30},"end":{"line":21,"column":31}},"loc":{"start":{"line":21,"column":42},"end":{"line":31,"column":1}},"line":21},"2":{"name":"(anonymous_2)","decl":{"start":{"line":34,"column":2},"end":{"line":34,"column":3}},"loc":{"start":{"line":34,"column":16},"end":{"line":34,"column":24}},"line":34},"3":{"name":"(anonymous_3)","decl":{"start":{"line":35,"column":2},"end":{"line":35,"column":3}},"loc":{"start":{"line":35,"column":19},"end":{"line":71,"column":3}},"line":35},"4":{"name":"(anonymous_4)","decl":{"start":{"line":64,"column":49},"end":{"line":64,"column":50}},"loc":{"start":{"line":64,"column":70},"end":{"line":66,"column":9}},"line":64},"5":{"name":"(anonymous_5)","decl":{"start":{"line":74,"column":16},"end":{"line":74,"column":17}},"loc":{"start":{"line":74,"column":29},"end":{"line":74,"column":43}},"line":74}},"branchMap":{"0":{"loc":{"start":{"line":15,"column":2},"end":{"line":17,"column":3}},"type":"if","locations":[{"start":{"line":15,"column":2},"end":{"line":17,"column":3}},{"start":{},"end":{}}],"line":15},"1":{"loc":{"start":{"line":39,"column":4},"end":{"line":69,"column":5}},"type":"if","locations":[{"start":{"line":39,"column":4},"end":{"line":69,"column":5}},{"start":{},"end":{}}],"line":39},"2":{"loc":{"start":{"line":39,"column":8},"end":{"line":39,"column":65}},"type":"binary-expr","locations":[{"start":{"line":39,"column":8},"end":{"line":39,"column":38}},{"start":{"line":39,"column":42},"end":{"line":39,"column":65}}],"line":39},"3":{"loc":{"start":{"line":40,"column":6},"end":{"line":68,"column":7}},"type":"if","locations":[{"start":{"line":40,"column":6},"end":{"line":68,"column":7}},{"start":{"line":62,"column":13},"end":{"line":68,"column":7}}],"line":40},"4":{"loc":{"start":{"line":46,"column":10},"end":{"line":53,"column":11}},"type":"if","locations":[{"start":{"line":46,"column":10},"end":{"line":53,"column":11}},{"start":{},"end":{}}],"line":46}},"s":{"0":9,"1":9,"2":9,"3":0,"4":0,"5":0,"6":0,"7":0,"8":9,"9":0,"10":0,"11":0,"12":0,"13":0,"14":0,"15":9,"16":0,"17":0,"18":0,"19":0,"20":0,"21":0,"22":0,"23":0,"24":0,"25":0,"26":0,"27":0,"28":0,"29":0,"30":0,"31":0,"32":0,"33":0,"34":0,"35":0,"36":0,"37":0,"38":0,"39":9,"40":0},"f":{"0":0,"1":0,"2":0,"3":0,"4":0,"5":0},"b":{"0":[0,0],"1":[0,0],"2":[0,0],"3":[0,0],"4":[0,0]},"_coverageSchema":"1a1c01bbd47fc00a2c39e90264f33305004495a9","hash":"3089af9f62113b82e6a224b708e1dd40d978703e"}
,"/Users/shends/bootcamp/phincon/slaapdoos/client/src/utils/testHelper.js": {"path":"/Users/shends/bootcamp/phincon/slaapdoos/client/src/utils/testHelper.js","statementMap":{"0":{"start":{"line":12,"column":17},"end":{"line":15,"column":1}},"1":{"start":{"line":17,"column":20},"end":{"line":23,"column":1}},"2":{"start":{"line":18,"column":2},"end":{"line":22,"column":13}},"3":{"start":{"line":25,"column":0},"end":{"line":27,"column":2}},"4":{"start":{"line":29,"column":21},"end":{"line":29,"column":86}},"5":{"start":{"line":29,"column":38},"end":{"line":29,"column":86}},"6":{"start":{"line":31,"column":13},"end":{"line":34,"column":4}},"7":{"start":{"line":32,"column":2},"end":{"line":34,"column":4}},"8":{"start":{"line":33,"column":4},"end":{"line":33,"column":38}},"9":{"start":{"line":33,"column":21},"end":{"line":33,"column":30}}},"fnMap":{"0":{"name":"(anonymous_0)","decl":{"start":{"line":17,"column":20},"end":{"line":17,"column":21}},"loc":{"start":{"line":18,"column":2},"end":{"line":22,"column":13}},"line":18},"1":{"name":"(anonymous_1)","decl":{"start":{"line":29,"column":21},"end":{"line":29,"column":22}},"loc":{"start":{"line":29,"column":38},"end":{"line":29,"column":86}},"line":29},"2":{"name":"(anonymous_2)","decl":{"start":{"line":31,"column":13},"end":{"line":31,"column":14}},"loc":{"start":{"line":32,"column":2},"end":{"line":34,"column":4}},"line":32},"3":{"name":"(anonymous_3)","decl":{"start":{"line":32,"column":14},"end":{"line":32,"column":15}},"loc":{"start":{"line":32,"column":27},"end":{"line":34,"column":3}},"line":32},"4":{"name":"(anonymous_4)","decl":{"start":{"line":33,"column":15},"end":{"line":33,"column":16}},"loc":{"start":{"line":33,"column":21},"end":{"line":33,"column":30}},"line":33}},"branchMap":{},"s":{"0":9,"1":9,"2":19,"3":9,"4":9,"5":19,"6":9,"7":0,"8":0,"9":0},"f":{"0":19,"1":19,"2":0,"3":0,"4":0},"b":{},"_coverageSchema":"1a1c01bbd47fc00a2c39e90264f33305004495a9","hash":"05ab77cdf9046bc44b942db80a545f114aeeaa6c"}
,"/Users/shends/bootcamp/phincon/slaapdoos/client/src/utils/times.js": {"path":"/Users/shends/bootcamp/phincon/slaapdoos/client/src/utils/times.js","statementMap":{"0":{"start":{"line":3,"column":27},"end":{"line":13,"column":1}},"1":{"start":{"line":4,"column":22},"end":{"line":4,"column":43}},"2":{"start":{"line":6,"column":2},"end":{"line":8,"column":3}},"3":{"start":{"line":7,"column":4},"end":{"line":7,"column":26}},"4":{"start":{"line":9,"column":2},"end":{"line":11,"column":3}},"5":{"start":{"line":10,"column":4},"end":{"line":10,"column":28}},"6":{"start":{"line":12,"column":2},"end":{"line":12,"column":24}},"7":{"start":{"line":15,"column":26},"end":{"line":20,"column":1}},"8":{"start":{"line":16,"column":16},"end":{"line":16,"column":45}},"9":{"start":{"line":17,"column":15},"end":{"line":17,"column":60}},"10":{"start":{"line":18,"column":18},"end":{"line":18,"column":53}},"11":{"start":{"line":19,"column":2},"end":{"line":19,"column":34}},"12":{"start":{"line":23,"column":27},"end":{"line":28,"column":1}},"13":{"start":{"line":24,"column":16},"end":{"line":24,"column":60}},"14":{"start":{"line":25,"column":15},"end":{"line":25,"column":60}},"15":{"start":{"line":26,"column":18},"end":{"line":26,"column":68}},"16":{"start":{"line":27,"column":2},"end":{"line":27,"column":34}},"17":{"start":{"line":29,"column":39},"end":{"line":34,"column":1}},"18":{"start":{"line":30,"column":22},"end":{"line":30,"column":50}},"19":{"start":{"line":31,"column":20},"end":{"line":31,"column":46}},"20":{"start":{"line":32,"column":19},"end":{"line":32,"column":63}},"21":{"start":{"line":33,"column":2},"end":{"line":33,"column":27}}},"fnMap":{"0":{"name":"(anonymous_0)","decl":{"start":{"line":3,"column":27},"end":{"line":3,"column":28}},"loc":{"start":{"line":3,"column":33},"end":{"line":13,"column":1}},"line":3},"1":{"name":"(anonymous_1)","decl":{"start":{"line":15,"column":26},"end":{"line":15,"column":27}},"loc":{"start":{"line":15,"column":36},"end":{"line":20,"column":1}},"line":15},"2":{"name":"(anonymous_2)","decl":{"start":{"line":23,"column":27},"end":{"line":23,"column":28}},"loc":{"start":{"line":23,"column":37},"end":{"line":28,"column":1}},"line":23},"3":{"name":"(anonymous_3)","decl":{"start":{"line":29,"column":39},"end":{"line":29,"column":40}},"loc":{"start":{"line":29,"column":55},"end":{"line":34,"column":1}},"line":29}},"branchMap":{"0":{"loc":{"start":{"line":6,"column":2},"end":{"line":8,"column":3}},"type":"if","locations":[{"start":{"line":6,"column":2},"end":{"line":8,"column":3}},{"start":{},"end":{}}],"line":6},"1":{"loc":{"start":{"line":6,"column":6},"end":{"line":6,"column":42}},"type":"binary-expr","locations":[{"start":{"line":6,"column":6},"end":{"line":6,"column":22}},{"start":{"line":6,"column":26},"end":{"line":6,"column":42}}],"line":6},"2":{"loc":{"start":{"line":9,"column":2},"end":{"line":11,"column":3}},"type":"if","locations":[{"start":{"line":9,"column":2},"end":{"line":11,"column":3}},{"start":{},"end":{}}],"line":9},"3":{"loc":{"start":{"line":9,"column":6},"end":{"line":9,"column":43}},"type":"binary-expr","locations":[{"start":{"line":9,"column":6},"end":{"line":9,"column":23}},{"start":{"line":9,"column":27},"end":{"line":9,"column":43}}],"line":9},"4":{"loc":{"start":{"line":17,"column":25},"end":{"line":17,"column":38}},"type":"binary-expr","locations":[{"start":{"line":17,"column":25},"end":{"line":17,"column":29}},{"start":{"line":17,"column":33},"end":{"line":17,"column":38}}],"line":17},"5":{"loc":{"start":{"line":25,"column":25},"end":{"line":25,"column":38}},"type":"binary-expr","locations":[{"start":{"line":25,"column":25},"end":{"line":25,"column":29}},{"start":{"line":25,"column":33},"end":{"line":25,"column":38}}],"line":25}},"s":{"0":9,"1":0,"2":0,"3":0,"4":0,"5":0,"6":0,"7":9,"8":9,"9":9,"10":9,"11":9,"12":9,"13":9,"14":9,"15":9,"16":9,"17":9,"18":0,"19":0,"20":0,"21":0},"f":{"0":0,"1":9,"2":9,"3":0},"b":{"0":[0,0],"1":[0,0],"2":[0,0],"3":[0,0],"4":[9,9],"5":[9,9]},"_coverageSchema":"1a1c01bbd47fc00a2c39e90264f33305004495a9","hash":"6160917fcaac78e299024da95c566a34516f88b4"}
}
