{"/Users/shends/bootcamp/phincon/slaapdoos/client/src/components/DrawerMobile/index.jsx": {"path":"/Users/shends/bootcamp/phincon/slaapdoos/client/src/components/DrawerMobile/index.jsx","statementMap":{"0":{"start":{"line":5,"column":21},"end":{"line":46,"column":1}},"1":{"start":{"line":6,"column":2},"end":{"line":45,"column":11}},"2":{"start":{"line":48,"column":0},"end":{"line":55,"column":2}}},"fnMap":{"0":{"name":"(anonymous_0)","decl":{"start":{"line":5,"column":21},"end":{"line":5,"column":22}},"loc":{"start":{"line":6,"column":2},"end":{"line":45,"column":11}},"line":6}},"branchMap":{"0":{"loc":{"start":{"line":5,"column":39},"end":{"line":5,"column":55}},"type":"default-arg","locations":[{"start":{"line":5,"column":48},"end":{"line":5,"column":55}}],"line":5},"1":{"loc":{"start":{"line":5,"column":57},"end":{"line":5,"column":75}},"type":"default-arg","locations":[{"start":{"line":5,"column":67},"end":{"line":5,"column":75}}],"line":5}},"s":{"0":1,"1":2,"2":1},"f":{"0":2},"b":{"0":[2],"1":[2]},"_coverageSchema":"1a1c01bbd47fc00a2c39e90264f33305004495a9","hash":"0968ff48fa00f7e8fcf04dadc874bef4d1295aa6"}
,"/Users/shends/bootcamp/phincon/slaapdoos/client/src/components/Footer/index.jsx": {"path":"/Users/shends/bootcamp/phincon/slaapdoos/client/src/components/Footer/index.jsx","statementMap":{"0":{"start":{"line":5,"column":15},"end":{"line":9,"column":1}},"1":{"start":{"line":6,"column":2},"end":{"line":8,"column":14}}},"fnMap":{"0":{"name":"(anonymous_0)","decl":{"start":{"line":5,"column":15},"end":{"line":5,"column":16}},"loc":{"start":{"line":6,"column":2},"end":{"line":8,"column":14}},"line":6}},"branchMap":{},"s":{"0":1,"1":2},"f":{"0":2},"b":{},"_coverageSchema":"1a1c01bbd47fc00a2c39e90264f33305004495a9","hash":"a406441560f0ced8a2ff8d107d1c65943f0f1494"}
,"/Users/shends/bootcamp/phincon/slaapdoos/client/src/components/HeadTitle/index.jsx": {"path":"/Users/shends/bootcamp/phincon/slaapdoos/client/src/components/HeadTitle/index.jsx","statementMap":{"0":{"start":{"line":7,"column":18},"end":{"line":30,"column":1}},"1":{"start":{"line":8,"column":15},"end":{"line":8,"column":49}},"2":{"start":{"line":9,"column":15},"end":{"line":9,"column":49}},"3":{"start":{"line":11,"column":21},"end":{"line":11,"column":25}},"4":{"start":{"line":13,"column":2},"end":{"line":15,"column":3}},"5":{"start":{"line":14,"column":4},"end":{"line":14,"column":24}},"6":{"start":{"line":17,"column":2},"end":{"line":19,"column":3}},"7":{"start":{"line":18,"column":4},"end":{"line":18,"column":22}},"8":{"start":{"line":21,"column":20},"end":{"line":23,"column":3}},"9":{"start":{"line":25,"column":2},"end":{"line":29,"column":4}},"10":{"start":{"line":32,"column":0},"end":{"line":37,"column":2}}},"fnMap":{"0":{"name":"(anonymous_0)","decl":{"start":{"line":7,"column":18},"end":{"line":7,"column":19}},"loc":{"start":{"line":7,"column":65},"end":{"line":30,"column":1}},"line":7}},"branchMap":{"0":{"loc":{"start":{"line":7,"column":49},"end":{"line":7,"column":58}},"type":"default-arg","locations":[{"start":{"line":7,"column":56},"end":{"line":7,"column":58}}],"line":7},"1":{"loc":{"start":{"line":13,"column":2},"end":{"line":15,"column":3}},"type":"if","locations":[{"start":{"line":13,"column":2},"end":{"line":15,"column":3}},{"start":{},"end":{}}],"line":13},"2":{"loc":{"start":{"line":17,"column":2},"end":{"line":19,"column":3}},"type":"if","locations":[{"start":{"line":17,"column":2},"end":{"line":19,"column":3}},{"start":{},"end":{}}],"line":17},"3":{"loc":{"start":{"line":27,"column":7},"end":{"line":27,"column":24}},"type":"binary-expr","locations":[{"start":{"line":27,"column":7},"end":{"line":27,"column":12}},{"start":{"line":27,"column":16},"end":{"line":27,"column":24}}],"line":27}},"s":{"0":1,"1":2,"2":2,"3":2,"4":2,"5":0,"6":2,"7":0,"8":2,"9":2,"10":1},"f":{"0":2},"b":{"0":[2],"1":[0,2],"2":[0,2],"3":[2,2]},"_coverageSchema":"1a1c01bbd47fc00a2c39e90264f33305004495a9","hash":"85a53f4f68e0ccc9fdef75fdc2e4ca70aee379a8"}
,"/Users/shends/bootcamp/phincon/slaapdoos/client/src/containers/App/actions.js": {"path":"/Users/shends/bootcamp/phincon/slaapdoos/client/src/containers/App/actions.js","statementMap":{"0":{"start":{"line":12,"column":25},"end":{"line":15,"column":2}},"1":{"start":{"line":12,"column":38},"end":{"line":15,"column":1}},"2":{"start":{"line":17,"column":25},"end":{"line":27,"column":2}},"3":{"start":{"line":17,"column":95},"end":{"line":27,"column":1}},"4":{"start":{"line":28,"column":28},"end":{"line":34,"column":2}},"5":{"start":{"line":28,"column":47},"end":{"line":34,"column":1}},"6":{"start":{"line":36,"column":28},"end":{"line":42,"column":2}},"7":{"start":{"line":36,"column":35},"end":{"line":42,"column":1}},"8":{"start":{"line":44,"column":25},"end":{"line":52,"column":2}},"9":{"start":{"line":44,"column":32},"end":{"line":52,"column":1}},"10":{"start":{"line":54,"column":26},"end":{"line":57,"column":2}},"11":{"start":{"line":54,"column":40},"end":{"line":57,"column":1}},"12":{"start":{"line":58,"column":25},"end":{"line":61,"column":2}},"13":{"start":{"line":58,"column":38},"end":{"line":61,"column":1}},"14":{"start":{"line":63,"column":25},"end":{"line":65,"column":2}},"15":{"start":{"line":63,"column":32},"end":{"line":65,"column":1}},"16":{"start":{"line":67,"column":31},"end":{"line":69,"column":2}},"17":{"start":{"line":67,"column":38},"end":{"line":69,"column":1}},"18":{"start":{"line":71,"column":34},"end":{"line":74,"column":2}},"19":{"start":{"line":71,"column":49},"end":{"line":74,"column":1}}},"fnMap":{"0":{"name":"(anonymous_0)","decl":{"start":{"line":12,"column":25},"end":{"line":12,"column":26}},"loc":{"start":{"line":12,"column":38},"end":{"line":15,"column":1}},"line":12},"1":{"name":"(anonymous_1)","decl":{"start":{"line":17,"column":25},"end":{"line":17,"column":26}},"loc":{"start":{"line":17,"column":95},"end":{"line":27,"column":1}},"line":17},"2":{"name":"(anonymous_2)","decl":{"start":{"line":28,"column":28},"end":{"line":28,"column":29}},"loc":{"start":{"line":28,"column":47},"end":{"line":34,"column":1}},"line":28},"3":{"name":"(anonymous_3)","decl":{"start":{"line":36,"column":28},"end":{"line":36,"column":29}},"loc":{"start":{"line":36,"column":35},"end":{"line":42,"column":1}},"line":36},"4":{"name":"(anonymous_4)","decl":{"start":{"line":44,"column":25},"end":{"line":44,"column":26}},"loc":{"start":{"line":44,"column":32},"end":{"line":52,"column":1}},"line":44},"5":{"name":"(anonymous_5)","decl":{"start":{"line":54,"column":26},"end":{"line":54,"column":27}},"loc":{"start":{"line":54,"column":40},"end":{"line":57,"column":1}},"line":54},"6":{"name":"(anonymous_6)","decl":{"start":{"line":58,"column":25},"end":{"line":58,"column":26}},"loc":{"start":{"line":58,"column":38},"end":{"line":61,"column":1}},"line":58},"7":{"name":"(anonymous_7)","decl":{"start":{"line":63,"column":25},"end":{"line":63,"column":26}},"loc":{"start":{"line":63,"column":32},"end":{"line":65,"column":1}},"line":63},"8":{"name":"(anonymous_8)","decl":{"start":{"line":67,"column":31},"end":{"line":67,"column":32}},"loc":{"start":{"line":67,"column":38},"end":{"line":69,"column":1}},"line":67},"9":{"name":"(anonymous_9)","decl":{"start":{"line":71,"column":34},"end":{"line":71,"column":35}},"loc":{"start":{"line":71,"column":49},"end":{"line":74,"column":1}},"line":71}},"branchMap":{"0":{"loc":{"start":{"line":17,"column":26},"end":{"line":17,"column":36}},"type":"default-arg","locations":[{"start":{"line":17,"column":34},"end":{"line":17,"column":36}}],"line":17},"1":{"loc":{"start":{"line":17,"column":38},"end":{"line":17,"column":50}},"type":"default-arg","locations":[{"start":{"line":17,"column":48},"end":{"line":17,"column":50}}],"line":17},"2":{"loc":{"start":{"line":17,"column":52},"end":{"line":17,"column":59}},"type":"default-arg","locations":[{"start":{"line":17,"column":57},"end":{"line":17,"column":59}}],"line":17},"3":{"loc":{"start":{"line":17,"column":61},"end":{"line":17,"column":73}},"type":"default-arg","locations":[{"start":{"line":17,"column":71},"end":{"line":17,"column":73}}],"line":17},"4":{"loc":{"start":{"line":17,"column":75},"end":{"line":17,"column":89}},"type":"default-arg","locations":[{"start":{"line":17,"column":87},"end":{"line":17,"column":89}}],"line":17},"5":{"loc":{"start":{"line":28,"column":29},"end":{"line":28,"column":41}},"type":"default-arg","locations":[{"start":{"line":28,"column":39},"end":{"line":28,"column":41}}],"line":28}},"s":{"0":6,"1":0,"2":6,"3":0,"4":6,"5":0,"6":6,"7":0,"8":6,"9":0,"10":6,"11":0,"12":6,"13":0,"14":6,"15":0,"16":6,"17":0,"18":6,"19":0},"f":{"0":0,"1":0,"2":0,"3":0,"4":0,"5":0,"6":0,"7":0,"8":0,"9":0},"b":{"0":[0],"1":[0],"2":[0],"3":[0],"4":[0],"5":[0]},"_coverageSchema":"1a1c01bbd47fc00a2c39e90264f33305004495a9","hash":"88dac6e769a45486d30518a9f869325b581d8ea8"}
,"/Users/shends/bootcamp/phincon/slaapdoos/client/src/containers/App/constants.js": {"path":"/Users/shends/bootcamp/phincon/slaapdoos/client/src/containers/App/constants.js","statementMap":{"0":{"start":{"line":1,"column":25},"end":{"line":1,"column":40}},"1":{"start":{"line":2,"column":25},"end":{"line":2,"column":40}},"2":{"start":{"line":3,"column":25},"end":{"line":3,"column":40}},"3":{"start":{"line":4,"column":28},"end":{"line":4,"column":46}},"4":{"start":{"line":5,"column":27},"end":{"line":5,"column":44}},"5":{"start":{"line":6,"column":26},"end":{"line":6,"column":42}},"6":{"start":{"line":7,"column":32},"end":{"line":7,"column":54}},"7":{"start":{"line":8,"column":26},"end":{"line":8,"column":42}},"8":{"start":{"line":9,"column":36},"end":{"line":9,"column":62}}},"fnMap":{},"branchMap":{},"s":{"0":6,"1":6,"2":6,"3":6,"4":6,"5":6,"6":6,"7":6,"8":6},"f":{},"b":{},"_coverageSchema":"1a1c01bbd47fc00a2c39e90264f33305004495a9","hash":"2ed8712aeca67c1558f070c822fe17083b40abd0"}
,"/Users/shends/bootcamp/phincon/slaapdoos/client/src/containers/App/reducer.js": {"path":"/Users/shends/bootcamp/phincon/slaapdoos/client/src/containers/App/reducer.js","statementMap":{"0":{"start":{"line":12,"column":28},"end":{"line":29,"column":1}},"1":{"start":{"line":31,"column":25},"end":{"line":31,"column":57}},"2":{"start":{"line":33,"column":19},"end":{"line":55,"column":4}},"3":{"start":{"line":34,"column":2},"end":{"line":55,"column":4}},"4":{"start":{"line":35,"column":4},"end":{"line":54,"column":5}},"5":{"start":{"line":37,"column":8},"end":{"line":37,"column":37}},"6":{"start":{"line":38,"column":8},"end":{"line":38,"column":14}},"7":{"start":{"line":40,"column":8},"end":{"line":40,"column":35}},"8":{"start":{"line":41,"column":8},"end":{"line":41,"column":14}},"9":{"start":{"line":43,"column":8},"end":{"line":43,"column":35}},"10":{"start":{"line":44,"column":8},"end":{"line":44,"column":14}},"11":{"start":{"line":46,"column":8},"end":{"line":46,"column":39}},"12":{"start":{"line":47,"column":8},"end":{"line":47,"column":14}},"13":{"start":{"line":49,"column":8},"end":{"line":49,"column":37}},"14":{"start":{"line":50,"column":8},"end":{"line":50,"column":14}},"15":{"start":{"line":52,"column":8},"end":{"line":52,"column":41}},"16":{"start":{"line":53,"column":8},"end":{"line":53,"column":14}}},"fnMap":{"0":{"name":"(anonymous_0)","decl":{"start":{"line":33,"column":19},"end":{"line":33,"column":20}},"loc":{"start":{"line":34,"column":2},"end":{"line":55,"column":4}},"line":34},"1":{"name":"(anonymous_1)","decl":{"start":{"line":34,"column":17},"end":{"line":34,"column":18}},"loc":{"start":{"line":34,"column":28},"end":{"line":55,"column":3}},"line":34}},"branchMap":{"0":{"loc":{"start":{"line":33,"column":20},"end":{"line":33,"column":40}},"type":"default-arg","locations":[{"start":{"line":33,"column":28},"end":{"line":33,"column":40}}],"line":33},"1":{"loc":{"start":{"line":35,"column":4},"end":{"line":54,"column":5}},"type":"switch","locations":[{"start":{"line":36,"column":6},"end":{"line":38,"column":14}},{"start":{"line":39,"column":6},"end":{"line":41,"column":14}},{"start":{"line":42,"column":6},"end":{"line":44,"column":14}},{"start":{"line":45,"column":6},"end":{"line":47,"column":14}},{"start":{"line":48,"column":6},"end":{"line":50,"column":14}},{"start":{"line":51,"column":6},"end":{"line":53,"column":14}}],"line":35}},"s":{"0":6,"1":6,"2":6,"3":60,"4":60,"5":0,"6":0,"7":0,"8":0,"9":0,"10":0,"11":0,"12":0,"13":0,"14":0,"15":0,"16":0},"f":{"0":60,"1":60},"b":{"0":[18],"1":[0,0,0,0,0,0]},"_coverageSchema":"1a1c01bbd47fc00a2c39e90264f33305004495a9","hash":"d093d3fa0080242d0d060da6d87d18651970c259"}
,"/Users/shends/bootcamp/phincon/slaapdoos/client/src/containers/Client/saga.js": {"path":"/Users/shends/bootcamp/phincon/slaapdoos/client/src/containers/Client/saga.js","statementMap":{"0":{"start":{"line":14,"column":2},"end":{"line":35,"column":3}},"1":{"start":{"line":15,"column":21},"end":{"line":15,"column":45}},"2":{"start":{"line":16,"column":4},"end":{"line":16,"column":63}},"3":{"start":{"line":17,"column":19},"end":{"line":17,"column":62}},"4":{"start":{"line":18,"column":22},"end":{"line":18,"column":55}},"5":{"start":{"line":19,"column":18},"end":{"line":19,"column":47}},"6":{"start":{"line":20,"column":18},"end":{"line":20,"column":50}},"7":{"start":{"line":21,"column":21},"end":{"line":25,"column":6}},"8":{"start":{"line":26,"column":4},"end":{"line":26,"column":32}},"9":{"start":{"line":27,"column":4},"end":{"line":30,"column":5}},"10":{"start":{"line":28,"column":6},"end":{"line":28,"column":32}},"11":{"start":{"line":29,"column":6},"end":{"line":29,"column":47}},"12":{"start":{"line":32,"column":4},"end":{"line":32,"column":57}},"13":{"start":{"line":34,"column":4},"end":{"line":34,"column":33}},"14":{"start":{"line":38,"column":2},"end":{"line":38,"column":35}},"15":{"start":{"line":39,"column":2},"end":{"line":50,"column":3}},"16":{"start":{"line":40,"column":21},"end":{"line":40,"column":44}},"17":{"start":{"line":41,"column":4},"end":{"line":45,"column":5}},"18":{"start":{"line":42,"column":6},"end":{"line":42,"column":32}},"19":{"start":{"line":43,"column":6},"end":{"line":43,"column":47}},"20":{"start":{"line":44,"column":6},"end":{"line":44,"column":11}},"21":{"start":{"line":47,"column":4},"end":{"line":47,"column":57}},"22":{"start":{"line":49,"column":4},"end":{"line":49,"column":38}},"23":{"start":{"line":53,"column":2},"end":{"line":53,"column":30}},"24":{"start":{"line":54,"column":2},"end":{"line":68,"column":3}},"25":{"start":{"line":55,"column":21},"end":{"line":55,"column":39}},"26":{"start":{"line":56,"column":4},"end":{"line":60,"column":5}},"27":{"start":{"line":57,"column":6},"end":{"line":57,"column":27}},"28":{"start":{"line":58,"column":6},"end":{"line":58,"column":29}},"29":{"start":{"line":59,"column":6},"end":{"line":59,"column":33}},"30":{"start":{"line":62,"column":4},"end":{"line":64,"column":5}},"31":{"start":{"line":63,"column":6},"end":{"line":63,"column":23}},"32":{"start":{"line":65,"column":4},"end":{"line":65,"column":57}},"33":{"start":{"line":67,"column":4},"end":{"line":67,"column":33}},"34":{"start":{"line":72,"column":2},"end":{"line":72,"column":48}},"35":{"start":{"line":73,"column":2},"end":{"line":73,"column":44}},"36":{"start":{"line":74,"column":2},"end":{"line":74,"column":37}}},"fnMap":{"0":{"name":"doOAuthGoogle","decl":{"start":{"line":13,"column":10},"end":{"line":13,"column":23}},"loc":{"start":{"line":13,"column":26},"end":{"line":36,"column":1}},"line":13},"1":{"name":"doUserLogin","decl":{"start":{"line":37,"column":10},"end":{"line":37,"column":21}},"loc":{"start":{"line":37,"column":36},"end":{"line":51,"column":1}},"line":37},"2":{"name":"doLogout","decl":{"start":{"line":52,"column":10},"end":{"line":52,"column":18}},"loc":{"start":{"line":52,"column":32},"end":{"line":69,"column":1}},"line":52},"3":{"name":"clientSaga","decl":{"start":{"line":71,"column":25},"end":{"line":71,"column":35}},"loc":{"start":{"line":71,"column":38},"end":{"line":75,"column":1}},"line":71}},"branchMap":{"0":{"loc":{"start":{"line":27,"column":4},"end":{"line":30,"column":5}},"type":"if","locations":[{"start":{"line":27,"column":4},"end":{"line":30,"column":5}},{"start":{},"end":{}}],"line":27},"1":{"loc":{"start":{"line":41,"column":4},"end":{"line":45,"column":5}},"type":"if","locations":[{"start":{"line":41,"column":4},"end":{"line":45,"column":5}},{"start":{},"end":{}}],"line":41},"2":{"loc":{"start":{"line":56,"column":4},"end":{"line":60,"column":5}},"type":"if","locations":[{"start":{"line":56,"column":4},"end":{"line":60,"column":5}},{"start":{},"end":{}}],"line":56},"3":{"loc":{"start":{"line":62,"column":4},"end":{"line":64,"column":5}},"type":"if","locations":[{"start":{"line":62,"column":4},"end":{"line":64,"column":5}},{"start":{},"end":{}}],"line":62}},"s":{"0":0,"1":0,"2":0,"3":0,"4":0,"5":0,"6":0,"7":0,"8":0,"9":0,"10":0,"11":0,"12":0,"13":0,"14":0,"15":0,"16":0,"17":0,"18":0,"19":0,"20":0,"21":0,"22":0,"23":0,"24":0,"25":0,"26":0,"27":0,"28":0,"29":0,"30":0,"31":0,"32":0,"33":0,"34":6,"35":6,"36":6},"f":{"0":0,"1":0,"2":0,"3":6},"b":{"0":[0,0],"1":[0,0],"2":[0,0],"3":[0,0]},"_coverageSchema":"1a1c01bbd47fc00a2c39e90264f33305004495a9","hash":"182fdf1b783eef1b5a06142b9a1a8973261f1a33"}
,"/Users/shends/bootcamp/phincon/slaapdoos/client/src/domain/api.js": {"path":"/Users/shends/bootcamp/phincon/slaapdoos/client/src/domain/api.js","statementMap":{"0":{"start":{"line":6,"column":13},"end":{"line":13,"column":1}},"1":{"start":{"line":14,"column":23},"end":{"line":33,"column":1}},"2":{"start":{"line":15,"column":24},"end":{"line":17,"column":3}},"3":{"start":{"line":19,"column":18},"end":{"line":19,"column":46}},"4":{"start":{"line":20,"column":18},"end":{"line":27,"column":3}},"5":{"start":{"line":29,"column":2},"end":{"line":32,"column":5}},"6":{"start":{"line":30,"column":24},"end":{"line":30,"column":37}},"7":{"start":{"line":31,"column":4},"end":{"line":31,"column":23}},"8":{"start":{"line":36,"column":27},"end":{"line":36,"column":104}},"9":{"start":{"line":36,"column":37},"end":{"line":36,"column":104}},"10":{"start":{"line":37,"column":21},"end":{"line":37,"column":88}},"11":{"start":{"line":37,"column":31},"end":{"line":37,"column":88}},"12":{"start":{"line":38,"column":28},"end":{"line":38,"column":96}},"13":{"start":{"line":38,"column":34},"end":{"line":38,"column":96}},"14":{"start":{"line":39,"column":22},"end":{"line":39,"column":84}},"15":{"start":{"line":39,"column":28},"end":{"line":39,"column":84}},"16":{"start":{"line":40,"column":27},"end":{"line":40,"column":86}},"17":{"start":{"line":40,"column":37},"end":{"line":40,"column":86}},"18":{"start":{"line":41,"column":25},"end":{"line":41,"column":91}},"19":{"start":{"line":41,"column":35},"end":{"line":41,"column":91}},"20":{"start":{"line":42,"column":24},"end":{"line":42,"column":88}},"21":{"start":{"line":42,"column":34},"end":{"line":42,"column":88}},"22":{"start":{"line":43,"column":30},"end":{"line":43,"column":101}},"23":{"start":{"line":43,"column":40},"end":{"line":43,"column":101}},"24":{"start":{"line":44,"column":29},"end":{"line":44,"column":116}},"25":{"start":{"line":44,"column":46},"end":{"line":44,"column":116}},"26":{"start":{"line":45,"column":40},"end":{"line":45,"column":116}},"27":{"start":{"line":45,"column":51},"end":{"line":45,"column":116}},"28":{"start":{"line":47,"column":25},"end":{"line":47,"column":58}},"29":{"start":{"line":47,"column":31},"end":{"line":47,"column":58}},"30":{"start":{"line":48,"column":30},"end":{"line":48,"column":69}},"31":{"start":{"line":48,"column":36},"end":{"line":48,"column":69}},"32":{"start":{"line":49,"column":33},"end":{"line":53,"column":38}},"33":{"start":{"line":50,"column":2},"end":{"line":53,"column":38}},"34":{"start":{"line":53,"column":24},"end":{"line":53,"column":37}},"35":{"start":{"line":56,"column":30},"end":{"line":56,"column":74}},"36":{"start":{"line":56,"column":36},"end":{"line":56,"column":74}},"37":{"start":{"line":57,"column":28},"end":{"line":57,"column":97}},"38":{"start":{"line":57,"column":38},"end":{"line":57,"column":97}},"39":{"start":{"line":58,"column":28},"end":{"line":58,"column":90}},"40":{"start":{"line":58,"column":38},"end":{"line":58,"column":90}},"41":{"start":{"line":59,"column":37},"end":{"line":59,"column":84}},"42":{"start":{"line":59,"column":43},"end":{"line":59,"column":84}},"43":{"start":{"line":60,"column":33},"end":{"line":61,"column":102}},"44":{"start":{"line":61,"column":2},"end":{"line":61,"column":102}},"45":{"start":{"line":66,"column":30},"end":{"line":66,"column":83}},"46":{"start":{"line":66,"column":40},"end":{"line":66,"column":83}},"47":{"start":{"line":67,"column":29},"end":{"line":67,"column":94}},"48":{"start":{"line":67,"column":42},"end":{"line":67,"column":94}},"49":{"start":{"line":68,"column":33},"end":{"line":68,"column":80}},"50":{"start":{"line":68,"column":39},"end":{"line":68,"column":80}},"51":{"start":{"line":69,"column":31},"end":{"line":69,"column":97}},"52":{"start":{"line":69,"column":44},"end":{"line":69,"column":97}},"53":{"start":{"line":70,"column":29},"end":{"line":76,"column":1}},"54":{"start":{"line":71,"column":12},"end":{"line":71,"column":58}},"55":{"start":{"line":72,"column":2},"end":{"line":74,"column":3}},"56":{"start":{"line":73,"column":4},"end":{"line":73,"column":34}},"57":{"start":{"line":75,"column":2},"end":{"line":75,"column":29}},"58":{"start":{"line":78,"column":25},"end":{"line":87,"column":1}},"59":{"start":{"line":79,"column":12},"end":{"line":79,"column":34}},"60":{"start":{"line":80,"column":2},"end":{"line":82,"column":3}},"61":{"start":{"line":81,"column":4},"end":{"line":81,"column":33}},"62":{"start":{"line":83,"column":2},"end":{"line":85,"column":3}},"63":{"start":{"line":84,"column":4},"end":{"line":84,"column":42}},"64":{"start":{"line":86,"column":2},"end":{"line":86,"column":29}},"65":{"start":{"line":90,"column":31},"end":{"line":91,"column":93}},"66":{"start":{"line":91,"column":2},"end":{"line":91,"column":93}},"67":{"start":{"line":92,"column":33},"end":{"line":92,"column":82}},"68":{"start":{"line":92,"column":39},"end":{"line":92,"column":82}},"69":{"start":{"line":93,"column":34},"end":{"line":93,"column":109}},"70":{"start":{"line":93,"column":52},"end":{"line":93,"column":109}},"71":{"start":{"line":94,"column":27},"end":{"line":94,"column":77}},"72":{"start":{"line":94,"column":33},"end":{"line":94,"column":77}},"73":{"start":{"line":95,"column":26},"end":{"line":95,"column":90}},"74":{"start":{"line":95,"column":36},"end":{"line":95,"column":90}},"75":{"start":{"line":96,"column":27},"end":{"line":97,"column":89}},"76":{"start":{"line":97,"column":2},"end":{"line":97,"column":89}},"77":{"start":{"line":98,"column":30},"end":{"line":99,"column":104}},"78":{"start":{"line":99,"column":2},"end":{"line":99,"column":104}},"79":{"start":{"line":102,"column":26},"end":{"line":102,"column":62}},"80":{"start":{"line":102,"column":32},"end":{"line":102,"column":62}},"81":{"start":{"line":103,"column":31},"end":{"line":103,"column":76}},"82":{"start":{"line":103,"column":37},"end":{"line":103,"column":76}},"83":{"start":{"line":104,"column":28},"end":{"line":104,"column":92}},"84":{"start":{"line":104,"column":42},"end":{"line":104,"column":92}},"85":{"start":{"line":105,"column":34},"end":{"line":105,"column":115}},"86":{"start":{"line":105,"column":56},"end":{"line":105,"column":115}},"87":{"start":{"line":106,"column":28},"end":{"line":107,"column":90}},"88":{"start":{"line":107,"column":2},"end":{"line":107,"column":90}}},"fnMap":{"0":{"name":"(anonymous_0)","decl":{"start":{"line":14,"column":23},"end":{"line":14,"column":24}},"loc":{"start":{"line":14,"column":90},"end":{"line":33,"column":1}},"line":14},"1":{"name":"(anonymous_1)","decl":{"start":{"line":29,"column":31},"end":{"line":29,"column":32}},"loc":{"start":{"line":29,"column":45},"end":{"line":32,"column":3}},"line":29},"2":{"name":"(anonymous_2)","decl":{"start":{"line":36,"column":27},"end":{"line":36,"column":28}},"loc":{"start":{"line":36,"column":37},"end":{"line":36,"column":104}},"line":36},"3":{"name":"(anonymous_3)","decl":{"start":{"line":37,"column":21},"end":{"line":37,"column":22}},"loc":{"start":{"line":37,"column":31},"end":{"line":37,"column":88}},"line":37},"4":{"name":"(anonymous_4)","decl":{"start":{"line":38,"column":28},"end":{"line":38,"column":29}},"loc":{"start":{"line":38,"column":34},"end":{"line":38,"column":96}},"line":38},"5":{"name":"(anonymous_5)","decl":{"start":{"line":39,"column":22},"end":{"line":39,"column":23}},"loc":{"start":{"line":39,"column":28},"end":{"line":39,"column":84}},"line":39},"6":{"name":"(anonymous_6)","decl":{"start":{"line":40,"column":27},"end":{"line":40,"column":28}},"loc":{"start":{"line":40,"column":37},"end":{"line":40,"column":86}},"line":40},"7":{"name":"(anonymous_7)","decl":{"start":{"line":41,"column":25},"end":{"line":41,"column":26}},"loc":{"start":{"line":41,"column":35},"end":{"line":41,"column":91}},"line":41},"8":{"name":"(anonymous_8)","decl":{"start":{"line":42,"column":24},"end":{"line":42,"column":25}},"loc":{"start":{"line":42,"column":34},"end":{"line":42,"column":88}},"line":42},"9":{"name":"(anonymous_9)","decl":{"start":{"line":43,"column":30},"end":{"line":43,"column":31}},"loc":{"start":{"line":43,"column":40},"end":{"line":43,"column":101}},"line":43},"10":{"name":"(anonymous_10)","decl":{"start":{"line":44,"column":29},"end":{"line":44,"column":30}},"loc":{"start":{"line":44,"column":46},"end":{"line":44,"column":116}},"line":44},"11":{"name":"(anonymous_11)","decl":{"start":{"line":45,"column":40},"end":{"line":45,"column":41}},"loc":{"start":{"line":45,"column":51},"end":{"line":45,"column":116}},"line":45},"12":{"name":"(anonymous_12)","decl":{"start":{"line":47,"column":25},"end":{"line":47,"column":26}},"loc":{"start":{"line":47,"column":31},"end":{"line":47,"column":58}},"line":47},"13":{"name":"(anonymous_13)","decl":{"start":{"line":48,"column":30},"end":{"line":48,"column":31}},"loc":{"start":{"line":48,"column":36},"end":{"line":48,"column":69}},"line":48},"14":{"name":"(anonymous_14)","decl":{"start":{"line":49,"column":33},"end":{"line":49,"column":34}},"loc":{"start":{"line":50,"column":2},"end":{"line":53,"column":38}},"line":50},"15":{"name":"(anonymous_15)","decl":{"start":{"line":53,"column":10},"end":{"line":53,"column":11}},"loc":{"start":{"line":53,"column":24},"end":{"line":53,"column":37}},"line":53},"16":{"name":"(anonymous_16)","decl":{"start":{"line":56,"column":30},"end":{"line":56,"column":31}},"loc":{"start":{"line":56,"column":36},"end":{"line":56,"column":74}},"line":56},"17":{"name":"(anonymous_17)","decl":{"start":{"line":57,"column":28},"end":{"line":57,"column":29}},"loc":{"start":{"line":57,"column":38},"end":{"line":57,"column":97}},"line":57},"18":{"name":"(anonymous_18)","decl":{"start":{"line":58,"column":28},"end":{"line":58,"column":29}},"loc":{"start":{"line":58,"column":38},"end":{"line":58,"column":90}},"line":58},"19":{"name":"(anonymous_19)","decl":{"start":{"line":59,"column":37},"end":{"line":59,"column":38}},"loc":{"start":{"line":59,"column":43},"end":{"line":59,"column":84}},"line":59},"20":{"name":"(anonymous_20)","decl":{"start":{"line":60,"column":33},"end":{"line":60,"column":34}},"loc":{"start":{"line":61,"column":2},"end":{"line":61,"column":102}},"line":61},"21":{"name":"(anonymous_21)","decl":{"start":{"line":66,"column":30},"end":{"line":66,"column":31}},"loc":{"start":{"line":66,"column":40},"end":{"line":66,"column":83}},"line":66},"22":{"name":"(anonymous_22)","decl":{"start":{"line":67,"column":29},"end":{"line":67,"column":30}},"loc":{"start":{"line":67,"column":42},"end":{"line":67,"column":94}},"line":67},"23":{"name":"(anonymous_23)","decl":{"start":{"line":68,"column":33},"end":{"line":68,"column":34}},"loc":{"start":{"line":68,"column":39},"end":{"line":68,"column":80}},"line":68},"24":{"name":"(anonymous_24)","decl":{"start":{"line":69,"column":31},"end":{"line":69,"column":32}},"loc":{"start":{"line":69,"column":44},"end":{"line":69,"column":97}},"line":69},"25":{"name":"(anonymous_25)","decl":{"start":{"line":70,"column":29},"end":{"line":70,"column":30}},"loc":{"start":{"line":70,"column":55},"end":{"line":76,"column":1}},"line":70},"26":{"name":"(anonymous_26)","decl":{"start":{"line":78,"column":25},"end":{"line":78,"column":26}},"loc":{"start":{"line":78,"column":51},"end":{"line":87,"column":1}},"line":78},"27":{"name":"(anonymous_27)","decl":{"start":{"line":90,"column":31},"end":{"line":90,"column":32}},"loc":{"start":{"line":91,"column":2},"end":{"line":91,"column":93}},"line":91},"28":{"name":"(anonymous_28)","decl":{"start":{"line":92,"column":33},"end":{"line":92,"column":34}},"loc":{"start":{"line":92,"column":39},"end":{"line":92,"column":82}},"line":92},"29":{"name":"(anonymous_29)","decl":{"start":{"line":93,"column":34},"end":{"line":93,"column":35}},"loc":{"start":{"line":93,"column":52},"end":{"line":93,"column":109}},"line":93},"30":{"name":"(anonymous_30)","decl":{"start":{"line":94,"column":27},"end":{"line":94,"column":28}},"loc":{"start":{"line":94,"column":33},"end":{"line":94,"column":77}},"line":94},"31":{"name":"(anonymous_31)","decl":{"start":{"line":95,"column":26},"end":{"line":95,"column":27}},"loc":{"start":{"line":95,"column":36},"end":{"line":95,"column":90}},"line":95},"32":{"name":"(anonymous_32)","decl":{"start":{"line":96,"column":27},"end":{"line":96,"column":28}},"loc":{"start":{"line":97,"column":2},"end":{"line":97,"column":89}},"line":97},"33":{"name":"(anonymous_33)","decl":{"start":{"line":98,"column":30},"end":{"line":98,"column":31}},"loc":{"start":{"line":99,"column":2},"end":{"line":99,"column":104}},"line":99},"34":{"name":"(anonymous_34)","decl":{"start":{"line":102,"column":26},"end":{"line":102,"column":27}},"loc":{"start":{"line":102,"column":32},"end":{"line":102,"column":62}},"line":102},"35":{"name":"(anonymous_35)","decl":{"start":{"line":103,"column":31},"end":{"line":103,"column":32}},"loc":{"start":{"line":103,"column":37},"end":{"line":103,"column":76}},"line":103},"36":{"name":"(anonymous_36)","decl":{"start":{"line":104,"column":28},"end":{"line":104,"column":29}},"loc":{"start":{"line":104,"column":42},"end":{"line":104,"column":92}},"line":104},"37":{"name":"(anonymous_37)","decl":{"start":{"line":105,"column":34},"end":{"line":105,"column":35}},"loc":{"start":{"line":105,"column":56},"end":{"line":105,"column":115}},"line":105},"38":{"name":"(anonymous_38)","decl":{"start":{"line":106,"column":28},"end":{"line":106,"column":29}},"loc":{"start":{"line":107,"column":2},"end":{"line":107,"column":90}},"line":107}},"branchMap":{"0":{"loc":{"start":{"line":72,"column":2},"end":{"line":74,"column":3}},"type":"if","locations":[{"start":{"line":72,"column":2},"end":{"line":74,"column":3}},{"start":{},"end":{}}],"line":72},"1":{"loc":{"start":{"line":80,"column":2},"end":{"line":82,"column":3}},"type":"if","locations":[{"start":{"line":80,"column":2},"end":{"line":82,"column":3}},{"start":{},"end":{}}],"line":80},"2":{"loc":{"start":{"line":83,"column":2},"end":{"line":85,"column":3}},"type":"if","locations":[{"start":{"line":83,"column":2},"end":{"line":85,"column":3}},{"start":{},"end":{}}],"line":83},"3":{"loc":{"start":{"line":83,"column":6},"end":{"line":83,"column":19}},"type":"binary-expr","locations":[{"start":{"line":83,"column":6},"end":{"line":83,"column":10}},{"start":{"line":83,"column":14},"end":{"line":83,"column":19}}],"line":83}},"s":{"0":6,"1":6,"2":0,"3":0,"4":0,"5":0,"6":0,"7":0,"8":6,"9":0,"10":6,"11":0,"12":6,"13":0,"14":6,"15":0,"16":6,"17":0,"18":6,"19":0,"20":6,"21":0,"22":6,"23":0,"24":6,"25":0,"26":6,"27":0,"28":6,"29":0,"30":6,"31":0,"32":6,"33":0,"34":0,"35":6,"36":0,"37":6,"38":0,"39":6,"40":0,"41":6,"42":0,"43":6,"44":0,"45":6,"46":0,"47":6,"48":0,"49":6,"50":0,"51":6,"52":0,"53":6,"54":0,"55":0,"56":0,"57":0,"58":6,"59":0,"60":0,"61":0,"62":0,"63":0,"64":0,"65":6,"66":0,"67":6,"68":0,"69":6,"70":0,"71":6,"72":0,"73":6,"74":0,"75":6,"76":0,"77":6,"78":0,"79":6,"80":0,"81":6,"82":0,"83":6,"84":0,"85":6,"86":0,"87":6,"88":0},"f":{"0":0,"1":0,"2":0,"3":0,"4":0,"5":0,"6":0,"7":0,"8":0,"9":0,"10":0,"11":0,"12":0,"13":0,"14":0,"15":0,"16":0,"17":0,"18":0,"19":0,"20":0,"21":0,"22":0,"23":0,"24":0,"25":0,"26":0,"27":0,"28":0,"29":0,"30":0,"31":0,"32":0,"33":0,"34":0,"35":0,"36":0,"37":0,"38":0},"b":{"0":[0,0],"1":[0,0],"2":[0,0],"3":[0,0]},"_coverageSchema":"1a1c01bbd47fc00a2c39e90264f33305004495a9","hash":"e722121fce838f55e600ba342efdcb4bb4f2cbb8"}
,"/Users/shends/bootcamp/phincon/slaapdoos/client/src/languages/en.js": {"path":"/Users/shends/bootcamp/phincon/slaapdoos/client/src/languages/en.js","statementMap":{},"fnMap":{},"branchMap":{},"s":{},"f":{},"b":{},"_coverageSchema":"1a1c01bbd47fc00a2c39e90264f33305004495a9","hash":"06c9834d0e9a177b9929fc6b9738759f8a538f6e"}
,"/Users/shends/bootcamp/phincon/slaapdoos/client/src/languages/id.js": {"path":"/Users/shends/bootcamp/phincon/slaapdoos/client/src/languages/id.js","statementMap":{},"fnMap":{},"branchMap":{},"s":{},"f":{},"b":{},"_coverageSchema":"1a1c01bbd47fc00a2c39e90264f33305004495a9","hash":"2a08715d46dfab8237145d0b5e9af60a0429b0f2"}
,"/Users/shends/bootcamp/phincon/slaapdoos/client/src/pages/Orders/actions.js": {"path":"/Users/shends/bootcamp/phincon/slaapdoos/client/src/pages/Orders/actions.js","statementMap":{"0":{"start":{"line":9,"column":29},"end":{"line":15,"column":2}},"1":{"start":{"line":9,"column":65},"end":{"line":15,"column":1}},"2":{"start":{"line":16,"column":29},"end":{"line":19,"column":2}},"3":{"start":{"line":16,"column":42},"end":{"line":19,"column":1}},"4":{"start":{"line":21,"column":33},"end":{"line":25,"column":2}},"5":{"start":{"line":21,"column":58},"end":{"line":25,"column":1}},"6":{"start":{"line":26,"column":31},"end":{"line":30,"column":2}},"7":{"start":{"line":26,"column":54},"end":{"line":30,"column":1}},"8":{"start":{"line":31,"column":31},"end":{"line":34,"column":2}},"9":{"start":{"line":31,"column":43},"end":{"line":34,"column":1}}},"fnMap":{"0":{"name":"(anonymous_0)","decl":{"start":{"line":9,"column":29},"end":{"line":9,"column":30}},"loc":{"start":{"line":9,"column":65},"end":{"line":15,"column":1}},"line":9},"1":{"name":"(anonymous_1)","decl":{"start":{"line":16,"column":29},"end":{"line":16,"column":30}},"loc":{"start":{"line":16,"column":42},"end":{"line":19,"column":1}},"line":16},"2":{"name":"(anonymous_2)","decl":{"start":{"line":21,"column":33},"end":{"line":21,"column":34}},"loc":{"start":{"line":21,"column":58},"end":{"line":25,"column":1}},"line":21},"3":{"name":"(anonymous_3)","decl":{"start":{"line":26,"column":31},"end":{"line":26,"column":32}},"loc":{"start":{"line":26,"column":54},"end":{"line":30,"column":1}},"line":26},"4":{"name":"(anonymous_4)","decl":{"start":{"line":31,"column":31},"end":{"line":31,"column":32}},"loc":{"start":{"line":31,"column":43},"end":{"line":34,"column":1}},"line":31}},"branchMap":{},"s":{"0":6,"1":0,"2":6,"3":0,"4":6,"5":0,"6":6,"7":0,"8":6,"9":0},"f":{"0":0,"1":0,"2":0,"3":0,"4":0},"b":{},"_coverageSchema":"1a1c01bbd47fc00a2c39e90264f33305004495a9","hash":"ee9e85e33936a8a30c772b93af9d01e7834f2836"}
,"/Users/shends/bootcamp/phincon/slaapdoos/client/src/pages/Orders/reducer.js": {"path":"/Users/shends/bootcamp/phincon/slaapdoos/client/src/pages/Orders/reducer.js","statementMap":{"0":{"start":{"line":5,"column":28},"end":{"line":8,"column":1}},"1":{"start":{"line":10,"column":22},"end":{"line":20,"column":4}},"2":{"start":{"line":11,"column":2},"end":{"line":20,"column":4}},"3":{"start":{"line":12,"column":4},"end":{"line":19,"column":5}},"4":{"start":{"line":14,"column":8},"end":{"line":14,"column":37}},"5":{"start":{"line":15,"column":8},"end":{"line":15,"column":14}},"6":{"start":{"line":17,"column":8},"end":{"line":17,"column":42}},"7":{"start":{"line":18,"column":8},"end":{"line":18,"column":14}}},"fnMap":{"0":{"name":"(anonymous_0)","decl":{"start":{"line":10,"column":22},"end":{"line":10,"column":23}},"loc":{"start":{"line":11,"column":2},"end":{"line":20,"column":4}},"line":11},"1":{"name":"(anonymous_1)","decl":{"start":{"line":11,"column":17},"end":{"line":11,"column":18}},"loc":{"start":{"line":11,"column":28},"end":{"line":20,"column":3}},"line":11}},"branchMap":{"0":{"loc":{"start":{"line":10,"column":23},"end":{"line":10,"column":43}},"type":"default-arg","locations":[{"start":{"line":10,"column":31},"end":{"line":10,"column":43}}],"line":10},"1":{"loc":{"start":{"line":12,"column":4},"end":{"line":19,"column":5}},"type":"switch","locations":[{"start":{"line":13,"column":6},"end":{"line":15,"column":14}},{"start":{"line":16,"column":6},"end":{"line":18,"column":14}}],"line":12}},"s":{"0":6,"1":6,"2":60,"3":60,"4":0,"5":0,"6":0,"7":0},"f":{"0":60,"1":60},"b":{"0":[18],"1":[0,0]},"_coverageSchema":"1a1c01bbd47fc00a2c39e90264f33305004495a9","hash":"ea0ba38f927a57708fe4365f378f896ca91d015a"}
,"/Users/shends/bootcamp/phincon/slaapdoos/client/src/pages/Orders/saga.js": {"path":"/Users/shends/bootcamp/phincon/slaapdoos/client/src/pages/Orders/saga.js","statementMap":{"0":{"start":{"line":11,"column":2},"end":{"line":11,"column":36}},"1":{"start":{"line":12,"column":2},"end":{"line":24,"column":3}},"2":{"start":{"line":13,"column":21},"end":{"line":13,"column":68}},"3":{"start":{"line":14,"column":4},"end":{"line":16,"column":5}},"4":{"start":{"line":15,"column":6},"end":{"line":15,"column":47}},"5":{"start":{"line":18,"column":4},"end":{"line":20,"column":5}},"6":{"start":{"line":19,"column":6},"end":{"line":19,"column":23}},"7":{"start":{"line":21,"column":4},"end":{"line":21,"column":54}},"8":{"start":{"line":23,"column":4},"end":{"line":23,"column":39}},"9":{"start":{"line":27,"column":2},"end":{"line":27,"column":36}},"10":{"start":{"line":28,"column":2},"end":{"line":37,"column":3}},"11":{"start":{"line":29,"column":21},"end":{"line":29,"column":55}},"12":{"start":{"line":30,"column":4},"end":{"line":32,"column":5}},"13":{"start":{"line":31,"column":6},"end":{"line":31,"column":18}},"14":{"start":{"line":34,"column":4},"end":{"line":34,"column":54}},"15":{"start":{"line":36,"column":4},"end":{"line":36,"column":39}},"16":{"start":{"line":40,"column":2},"end":{"line":40,"column":36}},"17":{"start":{"line":41,"column":2},"end":{"line":53,"column":3}},"18":{"start":{"line":42,"column":21},"end":{"line":42,"column":57}},"19":{"start":{"line":43,"column":4},"end":{"line":45,"column":5}},"20":{"start":{"line":44,"column":6},"end":{"line":44,"column":48}},"21":{"start":{"line":47,"column":4},"end":{"line":49,"column":5}},"22":{"start":{"line":48,"column":6},"end":{"line":48,"column":23}},"23":{"start":{"line":50,"column":4},"end":{"line":50,"column":54}},"24":{"start":{"line":52,"column":4},"end":{"line":52,"column":39}},"25":{"start":{"line":57,"column":2},"end":{"line":57,"column":53}},"26":{"start":{"line":58,"column":2},"end":{"line":58,"column":61}},"27":{"start":{"line":59,"column":2},"end":{"line":59,"column":57}}},"fnMap":{"0":{"name":"doGetordersUser","decl":{"start":{"line":10,"column":10},"end":{"line":10,"column":25}},"loc":{"start":{"line":10,"column":61},"end":{"line":25,"column":1}},"line":10},"1":{"name":"doCancelTransaction","decl":{"start":{"line":26,"column":10},"end":{"line":26,"column":29}},"loc":{"start":{"line":26,"column":54},"end":{"line":38,"column":1}},"line":26},"2":{"name":"doGetOrderSuccess","decl":{"start":{"line":39,"column":10},"end":{"line":39,"column":27}},"loc":{"start":{"line":39,"column":50},"end":{"line":54,"column":1}},"line":39},"3":{"name":"ordersSaga","decl":{"start":{"line":56,"column":25},"end":{"line":56,"column":35}},"loc":{"start":{"line":56,"column":38},"end":{"line":60,"column":1}},"line":56}},"branchMap":{"0":{"loc":{"start":{"line":14,"column":4},"end":{"line":16,"column":5}},"type":"if","locations":[{"start":{"line":14,"column":4},"end":{"line":16,"column":5}},{"start":{},"end":{}}],"line":14},"1":{"loc":{"start":{"line":18,"column":4},"end":{"line":20,"column":5}},"type":"if","locations":[{"start":{"line":18,"column":4},"end":{"line":20,"column":5}},{"start":{},"end":{}}],"line":18},"2":{"loc":{"start":{"line":18,"column":8},"end":{"line":18,"column":48}},"type":"binary-expr","locations":[{"start":{"line":18,"column":8},"end":{"line":18,"column":37}},{"start":{"line":18,"column":41},"end":{"line":18,"column":48}}],"line":18},"3":{"loc":{"start":{"line":30,"column":4},"end":{"line":32,"column":5}},"type":"if","locations":[{"start":{"line":30,"column":4},"end":{"line":32,"column":5}},{"start":{},"end":{}}],"line":30},"4":{"loc":{"start":{"line":43,"column":4},"end":{"line":45,"column":5}},"type":"if","locations":[{"start":{"line":43,"column":4},"end":{"line":45,"column":5}},{"start":{},"end":{}}],"line":43},"5":{"loc":{"start":{"line":47,"column":4},"end":{"line":49,"column":5}},"type":"if","locations":[{"start":{"line":47,"column":4},"end":{"line":49,"column":5}},{"start":{},"end":{}}],"line":47}},"s":{"0":0,"1":0,"2":0,"3":0,"4":0,"5":0,"6":0,"7":0,"8":0,"9":0,"10":0,"11":0,"12":0,"13":0,"14":0,"15":0,"16":0,"17":0,"18":0,"19":0,"20":0,"21":0,"22":0,"23":0,"24":0,"25":6,"26":6,"27":6},"f":{"0":0,"1":0,"2":0,"3":6},"b":{"0":[0,0],"1":[0,0],"2":[0,0],"3":[0,0],"4":[0,0],"5":[0,0]},"_coverageSchema":"1a1c01bbd47fc00a2c39e90264f33305004495a9","hash":"34da44655aae0d5c857ff3d13c2bd3a9d71afbfe"}
,"/Users/shends/bootcamp/phincon/slaapdoos/client/src/pages/Reservation/saga.js": {"path":"/Users/shends/bootcamp/phincon/slaapdoos/client/src/pages/Reservation/saga.js","statementMap":{"0":{"start":{"line":10,"column":2},"end":{"line":10,"column":30}},"1":{"start":{"line":11,"column":2},"end":{"line":23,"column":3}},"2":{"start":{"line":12,"column":21},"end":{"line":12,"column":53}},"3":{"start":{"line":13,"column":4},"end":{"line":15,"column":5}},"4":{"start":{"line":14,"column":6},"end":{"line":14,"column":42}},"5":{"start":{"line":17,"column":4},"end":{"line":19,"column":5}},"6":{"start":{"line":18,"column":6},"end":{"line":18,"column":14}},"7":{"start":{"line":20,"column":4},"end":{"line":20,"column":54}},"8":{"start":{"line":22,"column":4},"end":{"line":22,"column":33}},"9":{"start":{"line":27,"column":2},"end":{"line":27,"column":64}}},"fnMap":{"0":{"name":"doCreatePayment","decl":{"start":{"line":9,"column":10},"end":{"line":9,"column":25}},"loc":{"start":{"line":9,"column":54},"end":{"line":24,"column":1}},"line":9},"1":{"name":"reservationSaga","decl":{"start":{"line":26,"column":25},"end":{"line":26,"column":40}},"loc":{"start":{"line":26,"column":43},"end":{"line":28,"column":1}},"line":26}},"branchMap":{"0":{"loc":{"start":{"line":13,"column":4},"end":{"line":15,"column":5}},"type":"if","locations":[{"start":{"line":13,"column":4},"end":{"line":15,"column":5}},{"start":{},"end":{}}],"line":13},"1":{"loc":{"start":{"line":17,"column":4},"end":{"line":19,"column":5}},"type":"if","locations":[{"start":{"line":17,"column":4},"end":{"line":19,"column":5}},{"start":{},"end":{}}],"line":17}},"s":{"0":0,"1":0,"2":0,"3":0,"4":0,"5":0,"6":0,"7":0,"8":0,"9":6},"f":{"0":0,"1":6},"b":{"0":[0,0],"1":[0,0]},"_coverageSchema":"1a1c01bbd47fc00a2c39e90264f33305004495a9","hash":"d1a38c2f78d17155b8a7175040ec104d74d5d974"}
,"/Users/shends/bootcamp/phincon/slaapdoos/client/src/pages/UserProfile/actions.js": {"path":"/Users/shends/bootcamp/phincon/slaapdoos/client/src/pages/UserProfile/actions.js","statementMap":{"0":{"start":{"line":15,"column":30},"end":{"line":17,"column":2}},"1":{"start":{"line":15,"column":37},"end":{"line":17,"column":1}},"2":{"start":{"line":18,"column":30},"end":{"line":21,"column":2}},"3":{"start":{"line":18,"column":44},"end":{"line":21,"column":1}},"4":{"start":{"line":22,"column":28},"end":{"line":27,"column":2}},"5":{"start":{"line":22,"column":59},"end":{"line":27,"column":1}},"6":{"start":{"line":28,"column":28},"end":{"line":32,"column":2}},"7":{"start":{"line":28,"column":52},"end":{"line":32,"column":1}},"8":{"start":{"line":33,"column":29},"end":{"line":36,"column":2}},"9":{"start":{"line":33,"column":40},"end":{"line":36,"column":1}},"10":{"start":{"line":37,"column":26},"end":{"line":40,"column":2}},"11":{"start":{"line":37,"column":40},"end":{"line":40,"column":1}},"12":{"start":{"line":41,"column":34},"end":{"line":44,"column":2}},"13":{"start":{"line":41,"column":45},"end":{"line":44,"column":1}},"14":{"start":{"line":45,"column":34},"end":{"line":47,"column":2}},"15":{"start":{"line":45,"column":41},"end":{"line":47,"column":1}},"16":{"start":{"line":48,"column":32},"end":{"line":51,"column":2}},"17":{"start":{"line":48,"column":44},"end":{"line":51,"column":1}},"18":{"start":{"line":52,"column":33},"end":{"line":56,"column":2}},"19":{"start":{"line":52,"column":55},"end":{"line":56,"column":1}},"20":{"start":{"line":57,"column":32},"end":{"line":63,"column":2}},"21":{"start":{"line":57,"column":54},"end":{"line":63,"column":1}}},"fnMap":{"0":{"name":"(anonymous_0)","decl":{"start":{"line":15,"column":30},"end":{"line":15,"column":31}},"loc":{"start":{"line":15,"column":37},"end":{"line":17,"column":1}},"line":15},"1":{"name":"(anonymous_1)","decl":{"start":{"line":18,"column":30},"end":{"line":18,"column":31}},"loc":{"start":{"line":18,"column":44},"end":{"line":21,"column":1}},"line":18},"2":{"name":"(anonymous_2)","decl":{"start":{"line":22,"column":28},"end":{"line":22,"column":29}},"loc":{"start":{"line":22,"column":59},"end":{"line":27,"column":1}},"line":22},"3":{"name":"(anonymous_3)","decl":{"start":{"line":28,"column":28},"end":{"line":28,"column":29}},"loc":{"start":{"line":28,"column":52},"end":{"line":32,"column":1}},"line":28},"4":{"name":"(anonymous_4)","decl":{"start":{"line":33,"column":29},"end":{"line":33,"column":30}},"loc":{"start":{"line":33,"column":40},"end":{"line":36,"column":1}},"line":33},"5":{"name":"(anonymous_5)","decl":{"start":{"line":37,"column":26},"end":{"line":37,"column":27}},"loc":{"start":{"line":37,"column":40},"end":{"line":40,"column":1}},"line":37},"6":{"name":"(anonymous_6)","decl":{"start":{"line":41,"column":34},"end":{"line":41,"column":35}},"loc":{"start":{"line":41,"column":45},"end":{"line":44,"column":1}},"line":41},"7":{"name":"(anonymous_7)","decl":{"start":{"line":45,"column":34},"end":{"line":45,"column":35}},"loc":{"start":{"line":45,"column":41},"end":{"line":47,"column":1}},"line":45},"8":{"name":"(anonymous_8)","decl":{"start":{"line":48,"column":32},"end":{"line":48,"column":33}},"loc":{"start":{"line":48,"column":44},"end":{"line":51,"column":1}},"line":48},"9":{"name":"(anonymous_9)","decl":{"start":{"line":52,"column":33},"end":{"line":52,"column":34}},"loc":{"start":{"line":52,"column":55},"end":{"line":56,"column":1}},"line":52},"10":{"name":"(anonymous_10)","decl":{"start":{"line":57,"column":32},"end":{"line":57,"column":33}},"loc":{"start":{"line":57,"column":54},"end":{"line":63,"column":1}},"line":57}},"branchMap":{},"s":{"0":6,"1":0,"2":6,"3":0,"4":6,"5":0,"6":6,"7":0,"8":6,"9":0,"10":6,"11":0,"12":6,"13":0,"14":6,"15":0,"16":6,"17":0,"18":6,"19":0,"20":6,"21":0},"f":{"0":0,"1":0,"2":0,"3":0,"4":0,"5":0,"6":0,"7":0,"8":0,"9":0,"10":0},"b":{},"_coverageSchema":"1a1c01bbd47fc00a2c39e90264f33305004495a9","hash":"40fe2f2443b69a2e25acb148b98a13f595fa97c2"}
,"/Users/shends/bootcamp/phincon/slaapdoos/client/src/pages/UserProfile/saga.js": {"path":"/Users/shends/bootcamp/phincon/slaapdoos/client/src/pages/UserProfile/saga.js","statementMap":{"0":{"start":{"line":22,"column":2},"end":{"line":22,"column":41}},"1":{"start":{"line":23,"column":2},"end":{"line":32,"column":3}},"2":{"start":{"line":24,"column":21},"end":{"line":24,"column":47}},"3":{"start":{"line":25,"column":4},"end":{"line":27,"column":5}},"4":{"start":{"line":26,"column":6},"end":{"line":26,"column":47}},"5":{"start":{"line":29,"column":4},"end":{"line":29,"column":57}},"6":{"start":{"line":31,"column":4},"end":{"line":31,"column":44}},"7":{"start":{"line":35,"column":2},"end":{"line":35,"column":30}},"8":{"start":{"line":36,"column":2},"end":{"line":46,"column":3}},"9":{"start":{"line":37,"column":21},"end":{"line":37,"column":55}},"10":{"start":{"line":38,"column":4},"end":{"line":40,"column":5}},"11":{"start":{"line":39,"column":6},"end":{"line":39,"column":47}},"12":{"start":{"line":42,"column":4},"end":{"line":42,"column":14}},"13":{"start":{"line":43,"column":4},"end":{"line":43,"column":57}},"14":{"start":{"line":45,"column":4},"end":{"line":45,"column":33}},"15":{"start":{"line":49,"column":2},"end":{"line":49,"column":30}},"16":{"start":{"line":50,"column":2},"end":{"line":62,"column":3}},"17":{"start":{"line":51,"column":21},"end":{"line":51,"column":51}},"18":{"start":{"line":52,"column":4},"end":{"line":54,"column":5}},"19":{"start":{"line":53,"column":6},"end":{"line":53,"column":31}},"20":{"start":{"line":56,"column":4},"end":{"line":58,"column":5}},"21":{"start":{"line":57,"column":6},"end":{"line":57,"column":16}},"22":{"start":{"line":59,"column":4},"end":{"line":59,"column":57}},"23":{"start":{"line":61,"column":4},"end":{"line":61,"column":33}},"24":{"start":{"line":65,"column":2},"end":{"line":65,"column":30}},"25":{"start":{"line":66,"column":2},"end":{"line":76,"column":3}},"26":{"start":{"line":67,"column":21},"end":{"line":67,"column":54}},"27":{"start":{"line":68,"column":4},"end":{"line":71,"column":5}},"28":{"start":{"line":69,"column":21},"end":{"line":69,"column":57}},"29":{"start":{"line":70,"column":6},"end":{"line":70,"column":44}},"30":{"start":{"line":73,"column":4},"end":{"line":73,"column":57}},"31":{"start":{"line":75,"column":4},"end":{"line":75,"column":33}},"32":{"start":{"line":80,"column":2},"end":{"line":80,"column":30}},"33":{"start":{"line":81,"column":2},"end":{"line":90,"column":3}},"34":{"start":{"line":82,"column":21},"end":{"line":82,"column":56}},"35":{"start":{"line":83,"column":4},"end":{"line":85,"column":5}},"36":{"start":{"line":84,"column":6},"end":{"line":84,"column":31}},"37":{"start":{"line":87,"column":4},"end":{"line":87,"column":57}},"38":{"start":{"line":89,"column":4},"end":{"line":89,"column":33}},"39":{"start":{"line":93,"column":2},"end":{"line":93,"column":55}},"40":{"start":{"line":94,"column":2},"end":{"line":94,"column":51}},"41":{"start":{"line":95,"column":2},"end":{"line":95,"column":51}},"42":{"start":{"line":96,"column":2},"end":{"line":96,"column":63}},"43":{"start":{"line":97,"column":2},"end":{"line":97,"column":61}}},"fnMap":{"0":{"name":"doGetUserProfile","decl":{"start":{"line":21,"column":10},"end":{"line":21,"column":26}},"loc":{"start":{"line":21,"column":29},"end":{"line":33,"column":1}},"line":21},"1":{"name":"doUploadIdCard","decl":{"start":{"line":34,"column":10},"end":{"line":34,"column":24}},"loc":{"start":{"line":34,"column":48},"end":{"line":47,"column":1}},"line":34},"2":{"name":"doCreateIdCard","decl":{"start":{"line":48,"column":10},"end":{"line":48,"column":24}},"loc":{"start":{"line":48,"column":55},"end":{"line":63,"column":1}},"line":48},"3":{"name":"doGetDataCredential","decl":{"start":{"line":64,"column":10},"end":{"line":64,"column":29}},"loc":{"start":{"line":64,"column":32},"end":{"line":77,"column":1}},"line":64},"4":{"name":"doUpdateUserProfile","decl":{"start":{"line":79,"column":10},"end":{"line":79,"column":29}},"loc":{"start":{"line":79,"column":51},"end":{"line":91,"column":1}},"line":79},"5":{"name":"userProfileSaga","decl":{"start":{"line":92,"column":25},"end":{"line":92,"column":40}},"loc":{"start":{"line":92,"column":43},"end":{"line":98,"column":1}},"line":92}},"branchMap":{"0":{"loc":{"start":{"line":25,"column":4},"end":{"line":27,"column":5}},"type":"if","locations":[{"start":{"line":25,"column":4},"end":{"line":27,"column":5}},{"start":{},"end":{}}],"line":25},"1":{"loc":{"start":{"line":38,"column":4},"end":{"line":40,"column":5}},"type":"if","locations":[{"start":{"line":38,"column":4},"end":{"line":40,"column":5}},{"start":{},"end":{}}],"line":38},"2":{"loc":{"start":{"line":52,"column":4},"end":{"line":54,"column":5}},"type":"if","locations":[{"start":{"line":52,"column":4},"end":{"line":54,"column":5}},{"start":{},"end":{}}],"line":52},"3":{"loc":{"start":{"line":53,"column":6},"end":{"line":53,"column":30}},"type":"binary-expr","locations":[{"start":{"line":53,"column":6},"end":{"line":53,"column":15}},{"start":{"line":53,"column":19},"end":{"line":53,"column":30}}],"line":53},"4":{"loc":{"start":{"line":56,"column":4},"end":{"line":58,"column":5}},"type":"if","locations":[{"start":{"line":56,"column":4},"end":{"line":58,"column":5}},{"start":{},"end":{}}],"line":56},"5":{"loc":{"start":{"line":68,"column":4},"end":{"line":71,"column":5}},"type":"if","locations":[{"start":{"line":68,"column":4},"end":{"line":71,"column":5}},{"start":{},"end":{}}],"line":68},"6":{"loc":{"start":{"line":83,"column":4},"end":{"line":85,"column":5}},"type":"if","locations":[{"start":{"line":83,"column":4},"end":{"line":85,"column":5}},{"start":{},"end":{}}],"line":83},"7":{"loc":{"start":{"line":84,"column":6},"end":{"line":84,"column":30}},"type":"binary-expr","locations":[{"start":{"line":84,"column":6},"end":{"line":84,"column":15}},{"start":{"line":84,"column":19},"end":{"line":84,"column":30}}],"line":84}},"s":{"0":0,"1":0,"2":0,"3":0,"4":0,"5":0,"6":0,"7":0,"8":0,"9":0,"10":0,"11":0,"12":0,"13":0,"14":0,"15":0,"16":0,"17":0,"18":0,"19":0,"20":0,"21":0,"22":0,"23":0,"24":0,"25":0,"26":0,"27":0,"28":0,"29":0,"30":0,"31":0,"32":0,"33":0,"34":0,"35":0,"36":0,"37":0,"38":0,"39":6,"40":6,"41":6,"42":6,"43":6},"f":{"0":0,"1":0,"2":0,"3":0,"4":0,"5":6},"b":{"0":[0,0],"1":[0,0],"2":[0,0],"3":[0,0],"4":[0,0],"5":[0,0],"6":[0,0],"7":[0,0]},"_coverageSchema":"1a1c01bbd47fc00a2c39e90264f33305004495a9","hash":"4dd18f91999103beaa25b715e1b694cb738fae1a"}
,"/Users/shends/bootcamp/phincon/slaapdoos/client/src/utils/testHelper.js": {"path":"/Users/shends/bootcamp/phincon/slaapdoos/client/src/utils/testHelper.js","statementMap":{"0":{"start":{"line":12,"column":17},"end":{"line":15,"column":1}},"1":{"start":{"line":17,"column":20},"end":{"line":23,"column":1}},"2":{"start":{"line":18,"column":2},"end":{"line":22,"column":13}},"3":{"start":{"line":25,"column":0},"end":{"line":27,"column":2}},"4":{"start":{"line":29,"column":21},"end":{"line":29,"column":86}},"5":{"start":{"line":29,"column":38},"end":{"line":29,"column":86}},"6":{"start":{"line":31,"column":13},"end":{"line":34,"column":4}},"7":{"start":{"line":32,"column":2},"end":{"line":34,"column":4}},"8":{"start":{"line":33,"column":4},"end":{"line":33,"column":38}},"9":{"start":{"line":33,"column":21},"end":{"line":33,"column":30}}},"fnMap":{"0":{"name":"(anonymous_0)","decl":{"start":{"line":17,"column":20},"end":{"line":17,"column":21}},"loc":{"start":{"line":18,"column":2},"end":{"line":22,"column":13}},"line":18},"1":{"name":"(anonymous_1)","decl":{"start":{"line":29,"column":21},"end":{"line":29,"column":22}},"loc":{"start":{"line":29,"column":38},"end":{"line":29,"column":86}},"line":29},"2":{"name":"(anonymous_2)","decl":{"start":{"line":31,"column":13},"end":{"line":31,"column":14}},"loc":{"start":{"line":32,"column":2},"end":{"line":34,"column":4}},"line":32},"3":{"name":"(anonymous_3)","decl":{"start":{"line":32,"column":14},"end":{"line":32,"column":15}},"loc":{"start":{"line":32,"column":27},"end":{"line":34,"column":3}},"line":32},"4":{"name":"(anonymous_4)","decl":{"start":{"line":33,"column":15},"end":{"line":33,"column":16}},"loc":{"start":{"line":33,"column":21},"end":{"line":33,"column":30}},"line":33}},"branchMap":{},"s":{"0":6,"1":6,"2":13,"3":6,"4":6,"5":13,"6":6,"7":0,"8":0,"9":0},"f":{"0":13,"1":13,"2":0,"3":0,"4":0},"b":{},"_coverageSchema":"1a1c01bbd47fc00a2c39e90264f33305004495a9","hash":"05ab77cdf9046bc44b942db80a545f114aeeaa6c"}
}
