TN:
SF:config/development.js
FNF:0
FNH:0
LF:0
LH:0
BRF:0
BRH:0
end_of_record
TN:
SF:config/index.js
FNF:0
FNH:0
DA:5,9
DA:7,9
DA:9,9
LF:3
LH:3
BRDA:5,0,0,9
BRDA:5,0,1,0
BRF:2
BRH:1
end_of_record
TN:
SF:config/production.js
FNF:0
FNH:0
LF:0
LH:0
BRF:0
BRH:0
end_of_record
TN:
SF:config/test.env.js
FNF:0
FNH:0
LF:0
LH:0
BRF:0
BRH:0
end_of_record
TN:
SF:src/configureStore.js
FN:12,(anonymous_0)
FNF:1
FNH:1
FNDA:9,(anonymous_0)
DA:9,9
DA:12,9
DA:13,9
DA:14,9
DA:18,9
DA:19,9
DA:22,9
DA:23,9
DA:24,9
DA:25,9
DA:27,9
DA:29,9
DA:32,9
DA:33,9
DA:36,9
DA:39,9
LF:16
LH:16
BRDA:12,0,0,0
BRDA:18,1,0,9
BRDA:18,1,1,0
BRDA:18,2,0,9
BRDA:18,2,1,9
BRDA:19,3,0,0
BRDA:19,3,1,9
BRF:7
BRH:4
end_of_record
TN:
SF:src/persistence.js
FN:10,(anonymous_0)
FN:12,(anonymous_1)
FN:22,(anonymous_2)
FNF:3
FNH:3
FNDA:9,(anonymous_0)
FNDA:45,(anonymous_1)
FNDA:45,(anonymous_2)
DA:4,9
DA:10,9
DA:11,9
DA:12,45
DA:22,45
LF:5
LH:5
BRF:0
BRH:0
end_of_record
TN:
SF:src/reducers.js
FN:47,(anonymous_0)
FN:52,(anonymous_1)
FNF:2
FNH:2
FNDA:9,(anonymous_0)
FNDA:72,(anonymous_1)
DA:24,9
DA:32,9
DA:47,9
DA:48,9
DA:52,72
DA:53,9
LF:6
LH:6
BRF:0
BRH:0
end_of_record
TN:
SF:src/rootSaga.js
FN:23,rootSaga
FNF:1
FNH:1
FNDA:9,rootSaga
DA:24,9
LF:1
LH:1
BRF:0
BRH:0
end_of_record
TN:
SF:src/components/Button/index.jsx
FN:7,(anonymous_0)
FNF:1
FNH:1
FNDA:6,(anonymous_0)
DA:7,3
DA:8,6
DA:23,3
LF:3
LH:3
BRDA:11,0,0,6
BRDA:11,0,1,5
BRDA:13,1,0,6
BRDA:13,1,1,5
BRDA:13,1,2,5
BRDA:16,2,0,6
BRDA:16,2,1,3
BRDA:19,3,0,6
BRDA:19,3,1,4
BRF:9
BRH:9
end_of_record
TN:
SF:src/components/ButtonLang/index.jsx
FN:13,(anonymous_0)
FN:17,(anonymous_1)
FN:21,(anonymous_2)
FN:25,(anonymous_3)
FN:60,(anonymous_4)
FN:70,(anonymous_5)
FNF:6
FNH:1
FNDA:5,(anonymous_0)
FNDA:0,(anonymous_1)
FNDA:0,(anonymous_2)
FNDA:0,(anonymous_3)
FNDA:0,(anonymous_4)
FNDA:0,(anonymous_5)
DA:13,2
DA:14,5
DA:15,5
DA:17,5
DA:18,0
DA:21,5
DA:22,0
DA:25,5
DA:26,0
DA:27,0
DA:29,0
DA:32,5
DA:60,0
DA:70,0
DA:87,2
LF:15
LH:8
BRDA:26,0,0,0
BRDA:26,0,1,0
BRDA:40,1,0,5
BRDA:40,1,1,0
BRDA:67,2,0,5
BRDA:67,2,1,5
BRDA:77,3,0,5
BRDA:77,3,1,0
BRF:8
BRH:4
end_of_record
TN:
SF:src/components/DrawerMobile/index.jsx
FN:5,(anonymous_0)
FNF:1
FNH:1
FNDA:5,(anonymous_0)
DA:5,2
DA:6,5
DA:48,2
LF:3
LH:3
BRDA:5,0,0,2
BRDA:5,1,0,5
BRF:2
BRH:2
end_of_record
TN:
SF:src/components/HeadTitle/index.jsx
FN:7,(anonymous_0)
FNF:1
FNH:1
FNDA:2,(anonymous_0)
DA:7,2
DA:8,2
DA:9,2
DA:11,2
DA:13,2
DA:14,0
DA:17,2
DA:18,0
DA:21,2
DA:25,2
DA:32,2
LF:11
LH:9
BRDA:7,0,0,2
BRDA:13,1,0,0
BRDA:13,1,1,2
BRDA:17,2,0,0
BRDA:17,2,1,2
BRDA:27,3,0,2
BRDA:27,3,1,2
BRF:7
BRH:5
end_of_record
TN:
SF:src/components/Loader/index.jsx
FN:6,(anonymous_0)
FNF:1
FNH:1
FNDA:3,(anonymous_0)
DA:6,1
DA:7,3
DA:20,1
LF:3
LH:3
BRDA:11,0,0,3
BRDA:11,0,1,1
BRF:2
BRH:2
end_of_record
TN:
SF:src/components/ModalPopUp/index.jsx
FN:7,(anonymous_0)
FNF:1
FNH:0
FNDA:0,(anonymous_0)
DA:7,1
DA:8,0
DA:31,1
LF:3
LH:2
BRF:0
BRH:0
end_of_record
TN:
SF:src/components/PopupMessage/Dialog.jsx
FN:9,(anonymous_0)
FNF:1
FNH:1
FNDA:3,(anonymous_0)
DA:9,1
DA:10,3
DA:38,1
LF:3
LH:3
BRDA:13,0,0,3
BRDA:13,0,1,0
BRDA:13,1,0,3
BRDA:13,1,1,0
BRDA:13,2,0,3
BRDA:13,2,1,0
BRDA:16,3,0,3
BRDA:16,3,1,0
BRDA:16,4,0,3
BRDA:16,4,1,0
BRDA:16,5,0,3
BRDA:16,5,1,0
BRDA:23,6,0,3
BRDA:23,6,1,3
BRDA:28,7,0,0
BRDA:28,7,1,3
BRF:16
BRH:9
end_of_record
TN:
SF:src/components/Search/Cabin/index.jsx
FN:24,(anonymous_0)
FN:32,(anonymous_1)
FN:36,(anonymous_2)
FN:42,(anonymous_3)
FN:56,(anonymous_4)
FN:59,(anonymous_5)
FN:61,(anonymous_6)
FN:70,(anonymous_7)
FN:73,(anonymous_8)
FN:84,(anonymous_9)
FN:87,(anonymous_10)
FN:88,(anonymous_11)
FN:91,(anonymous_12)
FN:92,(anonymous_13)
FN:100,(anonymous_14)
FN:103,(anonymous_15)
FN:104,(anonymous_16)
FN:110,(anonymous_17)
FN:112,(anonymous_18)
FNF:19
FNH:1
FNDA:1,(anonymous_0)
FNDA:0,(anonymous_1)
FNDA:0,(anonymous_2)
FNDA:0,(anonymous_3)
FNDA:0,(anonymous_4)
FNDA:0,(anonymous_5)
FNDA:0,(anonymous_6)
FNDA:0,(anonymous_7)
FNDA:0,(anonymous_8)
FNDA:0,(anonymous_9)
FNDA:0,(anonymous_10)
FNDA:0,(anonymous_11)
FNDA:0,(anonymous_12)
FNDA:0,(anonymous_13)
FNDA:0,(anonymous_14)
FNDA:0,(anonymous_15)
FNDA:0,(anonymous_16)
FNDA:0,(anonymous_17)
FNDA:0,(anonymous_18)
DA:24,1
DA:25,1
DA:26,1
DA:27,1
DA:32,1
DA:33,0
DA:34,0
DA:36,0
DA:42,1
DA:43,0
DA:44,0
DA:48,1
DA:56,0
DA:59,0
DA:61,0
DA:70,0
DA:73,0
DA:84,0
DA:87,0
DA:88,0
DA:91,0
DA:92,0
DA:100,0
DA:103,0
DA:104,0
DA:110,0
DA:112,0
DA:129,1
DA:133,1
LF:29
LH:9
BRDA:33,0,0,0
BRDA:33,0,1,0
BRDA:33,1,0,0
BRDA:33,1,1,0
BRDA:58,2,0,0
BRDA:58,2,1,1
BRDA:86,3,0,0
BRDA:86,3,1,1
BRDA:102,4,0,0
BRDA:102,4,1,1
BRF:10
BRH:3
end_of_record
TN:
SF:src/components/Search/ContentCheckin/index.jsx
FN:12,(anonymous_0)
FN:17,(anonymous_1)
FNF:2
FNH:0
FNDA:0,(anonymous_0)
FNDA:0,(anonymous_1)
DA:12,1
DA:13,0
DA:14,0
DA:15,0
DA:17,0
DA:18,0
DA:29,0
DA:31,0
DA:46,1
LF:9
LH:2
BRF:0
BRH:0
end_of_record
TN:
SF:src/components/Search/ContentDuration/index.jsx
FN:18,(anonymous_0)
FN:20,(anonymous_1)
FN:37,(anonymous_2)
FN:46,(anonymous_3)
FNF:4
FNH:0
FNDA:0,(anonymous_0)
FNDA:0,(anonymous_1)
FNDA:0,(anonymous_2)
FNDA:0,(anonymous_3)
DA:18,1
DA:19,0
DA:20,0
DA:21,0
DA:22,0
DA:28,0
DA:31,0
DA:38,0
DA:46,0
DA:54,1
DA:58,1
LF:11
LH:3
BRDA:42,0,0,0
BRDA:42,0,1,0
BRF:2
BRH:0
end_of_record
TN:
SF:src/components/Search/ContentLocation/index.jsx
FN:13,(anonymous_0)
FN:16,(anonymous_1)
FN:21,(anonymous_2)
FN:38,(anonymous_3)
FN:42,(anonymous_4)
FN:51,(anonymous_5)
FNF:6
FNH:0
FNDA:0,(anonymous_0)
FNDA:0,(anonymous_1)
FNDA:0,(anonymous_2)
FNDA:0,(anonymous_3)
FNDA:0,(anonymous_4)
FNDA:0,(anonymous_5)
DA:13,1
DA:14,0
DA:16,0
DA:17,0
DA:18,0
DA:21,0
DA:22,0
DA:23,0
DA:28,0
DA:29,0
DA:32,0
DA:34,0
DA:39,0
DA:43,0
DA:51,0
DA:62,1
LF:16
LH:2
BRDA:22,0,0,0
BRDA:22,0,1,0
BRDA:46,1,0,0
BRDA:46,1,1,0
BRF:4
BRH:0
end_of_record
TN:
SF:src/components/Search/Select/index.jsx
FN:8,(anonymous_0)
FNF:1
FNH:1
FNDA:4,(anonymous_0)
DA:8,1
DA:9,4
DA:35,1
LF:3
LH:3
BRDA:18,0,0,4
BRDA:18,0,1,3
BRDA:21,1,0,4
BRDA:21,1,1,4
BRDA:25,2,0,4
BRDA:25,2,1,3
BRDA:25,2,2,2
BRDA:28,3,0,4
BRDA:28,3,1,1
BRDA:31,4,0,4
BRDA:31,4,1,3
BRF:11
BRH:11
end_of_record
TN:
SF:src/components/Sidebar/index.jsx
FN:19,(anonymous_0)
FN:29,(anonymous_1)
FN:72,(anonymous_2)
FN:78,(anonymous_3)
FNF:4
FNH:2
FNDA:3,(anonymous_0)
FNDA:1,(anonymous_1)
FNDA:0,(anonymous_2)
FNDA:0,(anonymous_3)
DA:19,1
DA:20,3
DA:21,3
DA:22,3
DA:29,1
DA:72,0
DA:78,0
DA:93,1
DA:96,1
LF:9
LH:7
BRDA:73,0,0,3
BRDA:73,0,1,3
BRF:2
BRH:2
end_of_record
TN:
SF:src/components/SnackBar/index.jsx
FN:4,(anonymous_0)
FNF:1
FNH:1
FNDA:2,(anonymous_0)
DA:4,1
DA:5,2
DA:14,1
LF:3
LH:3
BRF:0
BRH:0
end_of_record
TN:
SF:src/components/SubHeadTitle/index.jsx
FN:7,(anonymous_0)
FNF:1
FNH:1
FNDA:2,(anonymous_0)
DA:7,1
DA:8,2
DA:9,2
DA:11,2
DA:13,2
DA:14,0
DA:17,2
DA:18,0
DA:21,2
DA:26,2
DA:33,1
LF:11
LH:9
BRDA:7,0,0,2
BRDA:7,1,0,2
BRDA:13,2,0,0
BRDA:13,2,1,2
BRDA:17,3,0,0
BRDA:17,3,1,2
BRDA:28,4,0,2
BRDA:28,4,1,2
BRF:8
BRH:6
end_of_record
TN:
SF:src/containers/App/actions.js
FN:12,(anonymous_0)
FN:17,(anonymous_1)
FN:28,(anonymous_2)
FN:36,(anonymous_3)
FN:44,(anonymous_4)
FN:54,(anonymous_5)
FN:58,(anonymous_6)
FN:63,(anonymous_7)
FN:67,(anonymous_8)
FN:71,(anonymous_9)
FNF:10
FNH:0
FNDA:0,(anonymous_0)
FNDA:0,(anonymous_1)
FNDA:0,(anonymous_2)
FNDA:0,(anonymous_3)
FNDA:0,(anonymous_4)
FNDA:0,(anonymous_5)
FNDA:0,(anonymous_6)
FNDA:0,(anonymous_7)
FNDA:0,(anonymous_8)
FNDA:0,(anonymous_9)
DA:12,9
DA:17,9
DA:28,9
DA:36,9
DA:44,9
DA:54,9
DA:58,9
DA:63,9
DA:67,9
DA:71,9
LF:10
LH:10
BRDA:17,0,0,0
BRDA:17,1,0,0
BRDA:17,2,0,0
BRDA:17,3,0,0
BRDA:17,4,0,0
BRDA:28,5,0,0
BRF:6
BRH:0
end_of_record
TN:
SF:src/containers/App/constants.js
FNF:0
FNH:0
DA:1,9
DA:2,9
DA:3,9
DA:4,9
DA:5,9
DA:6,9
DA:7,9
DA:8,9
DA:9,9
LF:9
LH:9
BRF:0
BRH:0
end_of_record
TN:
SF:src/containers/App/reducer.js
FN:33,(anonymous_0)
FN:34,(anonymous_1)
FNF:2
FNH:2
FNDA:90,(anonymous_0)
FNDA:90,(anonymous_1)
DA:12,9
DA:31,9
DA:33,9
DA:34,90
DA:35,90
DA:37,0
DA:38,0
DA:40,0
DA:41,0
DA:43,0
DA:44,0
DA:46,0
DA:47,0
DA:49,0
DA:50,0
DA:52,0
DA:53,0
LF:17
LH:5
BRDA:33,0,0,27
BRDA:35,1,0,0
BRDA:35,1,1,0
BRDA:35,1,2,0
BRDA:35,1,3,0
BRDA:35,1,4,0
BRDA:35,1,5,0
BRF:7
BRH:1
end_of_record
TN:
SF:src/containers/App/saga.js
FN:9,doGetAssets
FN:22,doGetTranslation
FN:36,appSaga
FNF:3
FNH:1
FNDA:0,doGetAssets
FNDA:0,doGetTranslation
FNDA:9,appSaga
DA:10,0
DA:11,0
DA:12,0
DA:13,0
DA:14,0
DA:17,0
DA:19,0
DA:23,0
DA:24,0
DA:25,0
DA:26,0
DA:27,0
DA:30,0
DA:32,0
DA:37,9
DA:38,9
LF:16
LH:2
BRDA:13,0,0,0
BRDA:13,0,1,0
BRDA:26,1,0,0
BRDA:26,1,1,0
BRF:4
BRH:0
end_of_record
TN:
SF:src/containers/App/selectors.js
FN:4,(anonymous_0)
FN:6,(anonymous_1)
FN:7,(anonymous_2)
FN:8,(anonymous_3)
FN:9,(anonymous_4)
FN:10,(anonymous_5)
FN:11,(anonymous_6)
FN:12,(anonymous_7)
FNF:8
FNH:0
FNDA:0,(anonymous_0)
FNDA:0,(anonymous_1)
FNDA:0,(anonymous_2)
FNDA:0,(anonymous_3)
FNDA:0,(anonymous_4)
FNDA:0,(anonymous_5)
FNDA:0,(anonymous_6)
FNDA:0,(anonymous_7)
DA:4,1
DA:6,1
DA:7,1
DA:8,1
DA:9,1
DA:10,1
DA:11,1
DA:12,1
LF:8
LH:8
BRDA:4,0,0,0
BRDA:4,0,1,0
BRF:2
BRH:0
end_of_record
TN:
SF:src/containers/Client/actions.js
FN:3,(anonymous_0)
FN:8,(anonymous_1)
FN:13,(anonymous_2)
FN:17,(anonymous_3)
FN:23,(anonymous_4)
FN:28,(anonymous_5)
FNF:6
FNH:0
FNDA:0,(anonymous_0)
FNDA:0,(anonymous_1)
FNDA:0,(anonymous_2)
FNDA:0,(anonymous_3)
FNDA:0,(anonymous_4)
FNDA:0,(anonymous_5)
DA:3,9
DA:8,9
DA:13,9
DA:17,9
DA:23,9
DA:28,9
LF:6
LH:6
BRF:0
BRH:0
end_of_record
TN:
SF:src/containers/Client/constants.js
FNF:0
FNH:0
DA:1,9
DA:2,9
DA:3,9
DA:4,9
DA:5,9
DA:6,9
LF:6
LH:6
BRF:0
BRH:0
end_of_record
TN:
SF:src/containers/Client/reducer.js
FN:13,(anonymous_0)
FN:14,(anonymous_1)
FNF:2
FNH:2
FNDA:90,(anonymous_0)
FNDA:90,(anonymous_1)
DA:5,9
DA:11,9
DA:13,9
DA:14,90
DA:15,90
DA:17,0
DA:18,0
DA:20,0
DA:21,0
DA:23,0
DA:24,0
LF:11
LH:5
BRDA:13,0,0,27
BRDA:15,1,0,0
BRDA:15,1,1,0
BRDA:15,1,2,0
BRF:4
BRH:1
end_of_record
TN:
SF:src/containers/Client/saga.js
FN:13,doOAuthGoogle
FN:37,doUserLogin
FN:52,doLogout
FN:71,clientSaga
FNF:4
FNH:1
FNDA:0,doOAuthGoogle
FNDA:0,doUserLogin
FNDA:0,doLogout
FNDA:9,clientSaga
DA:14,0
DA:15,0
DA:16,0
DA:17,0
DA:18,0
DA:19,0
DA:20,0
DA:21,0
DA:26,0
DA:27,0
DA:28,0
DA:29,0
DA:32,0
DA:34,0
DA:38,0
DA:39,0
DA:40,0
DA:41,0
DA:42,0
DA:43,0
DA:44,0
DA:47,0
DA:49,0
DA:53,0
DA:54,0
DA:55,0
DA:56,0
DA:57,0
DA:58,0
DA:59,0
DA:62,0
DA:63,0
DA:65,0
DA:67,0
DA:72,9
DA:73,9
DA:74,9
LF:37
LH:3
BRDA:27,0,0,0
BRDA:27,0,1,0
BRDA:41,1,0,0
BRDA:41,1,1,0
BRDA:56,2,0,0
BRDA:56,2,1,0
BRDA:62,3,0,0
BRDA:62,3,1,0
BRF:8
BRH:0
end_of_record
TN:
SF:src/containers/Language/actions.js
FN:3,(anonymous_0)
FNF:1
FNH:0
FNDA:0,(anonymous_0)
DA:3,9
LF:1
LH:1
BRF:0
BRH:0
end_of_record
TN:
SF:src/containers/Language/constants.js
FNF:0
FNH:0
DA:1,9
DA:2,9
LF:2
LH:2
BRF:0
BRH:0
end_of_record
TN:
SF:src/containers/Language/reducer.js
FN:15,(anonymous_0)
FN:16,(anonymous_1)
FNF:2
FNH:2
FNDA:90,(anonymous_0)
FNDA:90,(anonymous_1)
DA:8,9
DA:15,9
DA:16,90
DA:17,90
DA:19,0
DA:20,0
LF:6
LH:4
BRDA:15,0,0,27
BRDA:17,1,0,0
BRF:2
BRH:1
end_of_record
TN:
SF:src/domain/api.js
FN:14,(anonymous_0)
FN:29,(anonymous_1)
FN:36,(anonymous_2)
FN:37,(anonymous_3)
FN:38,(anonymous_4)
FN:39,(anonymous_5)
FN:40,(anonymous_6)
FN:41,(anonymous_7)
FN:42,(anonymous_8)
FN:43,(anonymous_9)
FN:44,(anonymous_10)
FN:45,(anonymous_11)
FN:47,(anonymous_12)
FN:48,(anonymous_13)
FN:49,(anonymous_14)
FN:53,(anonymous_15)
FN:56,(anonymous_16)
FN:57,(anonymous_17)
FN:58,(anonymous_18)
FN:59,(anonymous_19)
FN:60,(anonymous_20)
FN:66,(anonymous_21)
FN:67,(anonymous_22)
FN:68,(anonymous_23)
FN:69,(anonymous_24)
FN:70,(anonymous_25)
FN:78,(anonymous_26)
FN:87,(anonymous_27)
FN:89,(anonymous_28)
FN:96,(anonymous_29)
FN:97,(anonymous_30)
FN:98,(anonymous_31)
FN:99,(anonymous_32)
FN:100,(anonymous_33)
FN:101,(anonymous_34)
FN:103,(anonymous_35)
FN:105,(anonymous_36)
FN:109,(anonymous_37)
FN:110,(anonymous_38)
FN:111,(anonymous_39)
FN:112,(anonymous_40)
FN:113,(anonymous_41)
FNF:42
FNH:0
FNDA:0,(anonymous_0)
FNDA:0,(anonymous_1)
FNDA:0,(anonymous_2)
FNDA:0,(anonymous_3)
FNDA:0,(anonymous_4)
FNDA:0,(anonymous_5)
FNDA:0,(anonymous_6)
FNDA:0,(anonymous_7)
FNDA:0,(anonymous_8)
FNDA:0,(anonymous_9)
FNDA:0,(anonymous_10)
FNDA:0,(anonymous_11)
FNDA:0,(anonymous_12)
FNDA:0,(anonymous_13)
FNDA:0,(anonymous_14)
FNDA:0,(anonymous_15)
FNDA:0,(anonymous_16)
FNDA:0,(anonymous_17)
FNDA:0,(anonymous_18)
FNDA:0,(anonymous_19)
FNDA:0,(anonymous_20)
FNDA:0,(anonymous_21)
FNDA:0,(anonymous_22)
FNDA:0,(anonymous_23)
FNDA:0,(anonymous_24)
FNDA:0,(anonymous_25)
FNDA:0,(anonymous_26)
FNDA:0,(anonymous_27)
FNDA:0,(anonymous_28)
FNDA:0,(anonymous_29)
FNDA:0,(anonymous_30)
FNDA:0,(anonymous_31)
FNDA:0,(anonymous_32)
FNDA:0,(anonymous_33)
FNDA:0,(anonymous_34)
FNDA:0,(anonymous_35)
FNDA:0,(anonymous_36)
FNDA:0,(anonymous_37)
FNDA:0,(anonymous_38)
FNDA:0,(anonymous_39)
FNDA:0,(anonymous_40)
FNDA:0,(anonymous_41)
DA:6,9
DA:14,9
DA:15,0
DA:19,0
DA:20,0
DA:29,0
DA:30,0
DA:31,0
DA:36,9
DA:37,9
DA:38,9
DA:39,9
DA:40,9
DA:41,9
DA:42,9
DA:43,9
DA:44,9
DA:45,9
DA:47,9
DA:48,9
DA:49,9
DA:50,0
DA:53,0
DA:56,9
DA:57,9
DA:58,9
DA:59,9
DA:60,9
DA:61,0
DA:66,9
DA:67,9
DA:68,9
DA:69,9
DA:70,9
DA:71,0
DA:72,0
DA:73,0
DA:75,0
DA:78,9
DA:79,0
DA:80,0
DA:81,0
DA:83,0
DA:87,9
DA:88,0
DA:89,9
DA:90,0
DA:91,0
DA:92,0
DA:94,0
DA:96,9
DA:97,9
DA:98,9
DA:99,9
DA:100,9
DA:101,9
DA:102,0
DA:103,9
DA:104,0
DA:105,9
DA:106,0
DA:109,9
DA:110,9
DA:111,9
DA:112,9
DA:113,9
DA:114,0
LF:67
LH:41
BRDA:72,0,0,0
BRDA:72,0,1,0
BRDA:78,1,0,0
BRDA:78,2,0,0
BRDA:80,3,0,0
BRDA:80,3,1,0
BRDA:89,4,0,0
BRDA:89,5,0,0
BRDA:91,6,0,0
BRDA:91,6,1,0
BRF:10
BRH:0
end_of_record
TN:
SF:src/languages/en.js
FNF:0
FNH:0
LF:0
LH:0
BRF:0
BRH:0
end_of_record
TN:
SF:src/languages/id.js
FNF:0
FNH:0
LF:0
LH:0
BRF:0
BRH:0
end_of_record
TN:
SF:src/pages/CabinList/actions.js
FN:3,(anonymous_0)
FN:9,(anonymous_1)
FNF:2
FNH:0
FNDA:0,(anonymous_0)
FNDA:0,(anonymous_1)
DA:3,9
DA:9,9
LF:2
LH:2
BRF:0
BRH:0
end_of_record
TN:
SF:src/pages/CabinList/constants.js
FNF:0
FNH:0
DA:1,9
DA:2,9
LF:2
LH:2
BRF:0
BRH:0
end_of_record
TN:
SF:src/pages/CabinList/reducer.js
FN:11,(anonymous_0)
FN:12,(anonymous_1)
FNF:2
FNH:2
FNDA:90,(anonymous_0)
FNDA:90,(anonymous_1)
DA:5,9
DA:11,9
DA:12,90
DA:13,90
DA:15,0
DA:16,0
LF:6
LH:4
BRDA:11,0,0,27
BRDA:13,1,0,0
BRF:2
BRH:1
end_of_record
TN:
SF:src/pages/CabinList/saga.js
FN:10,doGetAllCabin
FN:24,cabinListSaga
FNF:2
FNH:1
FNDA:0,doGetAllCabin
FNDA:9,cabinListSaga
DA:11,0
DA:12,0
DA:13,0
DA:14,0
DA:15,0
DA:18,0
DA:20,0
DA:25,9
LF:8
LH:1
BRDA:14,0,0,0
BRDA:14,0,1,0
BRF:2
BRH:0
end_of_record
TN:
SF:src/pages/CreateBanner/constants.js
FNF:0
FNH:0
DA:1,9
LF:1
LH:1
BRF:0
BRH:0
end_of_record
TN:
SF:src/pages/CreateBanner/saga.js
FN:9,doCreateBanner
FN:23,createBannerSaga
FNF:2
FNH:1
FNDA:0,doCreateBanner
FNDA:9,createBannerSaga
DA:10,0
DA:11,0
DA:12,0
DA:13,0
DA:14,0
DA:17,0
DA:19,0
DA:24,9
LF:8
LH:1
BRDA:13,0,0,0
BRDA:13,0,1,0
BRF:2
BRH:0
end_of_record
TN:
SF:src/pages/CreateCabin/actions.js
FN:8,(anonymous_0)
FN:13,(anonymous_1)
FN:17,(anonymous_2)
FN:21,(anonymous_3)
FNF:4
FNH:0
FNDA:0,(anonymous_0)
FNDA:0,(anonymous_1)
FNDA:0,(anonymous_2)
FNDA:0,(anonymous_3)
DA:8,9
DA:13,9
DA:17,9
DA:21,9
LF:4
LH:4
BRF:0
BRH:0
end_of_record
TN:
SF:src/pages/CreateCabin/constants.js
FNF:0
FNH:0
DA:1,9
DA:2,9
DA:3,9
DA:4,9
LF:4
LH:4
BRF:0
BRH:0
end_of_record
TN:
SF:src/pages/CreateCabin/reducer.js
FN:13,(anonymous_0)
FN:14,(anonymous_1)
FNF:2
FNH:2
FNDA:90,(anonymous_0)
FNDA:90,(anonymous_1)
DA:5,9
DA:13,9
DA:14,90
DA:15,90
DA:17,0
DA:18,0
DA:20,0
DA:21,0
LF:8
LH:4
BRDA:13,0,0,27
BRDA:15,1,0,0
BRDA:15,1,1,0
BRF:3
BRH:1
end_of_record
TN:
SF:src/pages/CreateCabin/saga.js
FN:10,doGetDetailLocation
FN:24,doCreateCabins
FN:38,createCabinSaga
FNF:3
FNH:1
FNDA:0,doGetDetailLocation
FNDA:0,doCreateCabins
FNDA:9,createCabinSaga
DA:11,0
DA:12,0
DA:13,0
DA:14,0
DA:15,0
DA:16,0
DA:19,0
DA:21,0
DA:25,0
DA:26,0
DA:27,0
DA:28,0
DA:29,0
DA:32,0
DA:34,0
DA:39,9
DA:40,9
LF:17
LH:2
BRDA:14,0,0,0
BRDA:14,0,1,0
BRDA:28,1,0,0
BRDA:28,1,1,0
BRF:4
BRH:0
end_of_record
TN:
SF:src/pages/CreateRoom/constants.js
FNF:0
FNH:0
DA:1,9
LF:1
LH:1
BRF:0
BRH:0
end_of_record
TN:
SF:src/pages/CreateRoom/saga.js
FN:9,doCreateRoom
FN:23,createRoomSaga
FNF:2
FNH:1
FNDA:0,doCreateRoom
FNDA:9,createRoomSaga
DA:10,0
DA:11,0
DA:12,0
DA:13,0
DA:14,0
DA:17,0
DA:19,0
DA:24,9
LF:8
LH:1
BRDA:13,0,0,0
BRDA:13,0,1,0
BRF:2
BRH:0
end_of_record
TN:
SF:src/pages/CreateTypeRoom/actions.js
FN:3,(anonymous_0)
FN:8,(anonymous_1)
FN:11,(anonymous_2)
FNF:3
FNH:0
FNDA:0,(anonymous_0)
FNDA:0,(anonymous_1)
FNDA:0,(anonymous_2)
DA:3,9
DA:8,9
DA:11,9
LF:3
LH:3
BRF:0
BRH:0
end_of_record
TN:
SF:src/pages/CreateTypeRoom/constants.js
FNF:0
FNH:0
DA:1,9
DA:2,9
DA:3,9
LF:3
LH:3
BRF:0
BRH:0
end_of_record
TN:
SF:src/pages/CreateTypeRoom/reducer.js
FN:9,(anonymous_0)
FN:10,(anonymous_1)
FNF:2
FNH:2
FNDA:90,(anonymous_0)
FNDA:90,(anonymous_1)
DA:5,9
DA:9,9
DA:10,90
DA:11,90
DA:13,0
DA:14,0
LF:6
LH:4
BRDA:9,0,0,27
BRDA:11,1,0,0
BRF:2
BRH:1
end_of_record
TN:
SF:src/pages/CreateTypeRoom/saga.js
FN:10,doCreateTypeRoom
FN:23,doGetTypeRoom
FN:36,createTypeRoomSaga
FNF:3
FNH:1
FNDA:0,doCreateTypeRoom
FNDA:0,doGetTypeRoom
FNDA:9,createTypeRoomSaga
DA:11,0
DA:12,0
DA:13,0
DA:14,0
DA:15,0
DA:18,0
DA:20,0
DA:24,0
DA:25,0
DA:26,0
DA:27,0
DA:28,0
DA:31,0
DA:33,0
DA:37,9
DA:38,9
LF:16
LH:2
BRDA:14,0,0,0
BRDA:14,0,1,0
BRDA:27,1,0,0
BRDA:27,1,1,0
BRF:4
BRH:0
end_of_record
TN:
SF:src/pages/DetailCabins/actions.js
FN:11,(anonymous_0)
FN:20,(anonymous_1)
FN:25,(anonymous_2)
FN:29,(anonymous_3)
FN:34,(anonymous_4)
FN:39,(anonymous_5)
FN:44,(anonymous_6)
FNF:7
FNH:0
FNDA:0,(anonymous_0)
FNDA:0,(anonymous_1)
FNDA:0,(anonymous_2)
FNDA:0,(anonymous_3)
FNDA:0,(anonymous_4)
FNDA:0,(anonymous_5)
FNDA:0,(anonymous_6)
DA:11,9
DA:20,9
DA:25,9
DA:29,9
DA:34,9
DA:39,9
DA:44,9
LF:7
LH:7
BRF:0
BRH:0
end_of_record
TN:
SF:src/pages/DetailCabins/constants.js
FNF:0
FNH:0
DA:1,9
DA:2,9
DA:3,9
DA:4,9
DA:5,9
DA:6,9
DA:7,9
LF:7
LH:7
BRF:0
BRH:0
end_of_record
TN:
SF:src/pages/DetailCabins/reducer.js
FN:19,(anonymous_0)
FN:20,(anonymous_1)
FNF:2
FNH:2
FNDA:90,(anonymous_0)
FNDA:90,(anonymous_1)
DA:10,9
DA:17,9
DA:19,9
DA:20,90
DA:21,90
DA:23,0
DA:24,0
DA:26,0
DA:27,0
DA:29,0
DA:30,0
DA:32,0
DA:33,0
LF:13
LH:5
BRDA:19,0,0,27
BRDA:21,1,0,0
BRDA:21,1,1,0
BRDA:21,1,2,0
BRDA:21,1,3,0
BRF:5
BRH:1
end_of_record
TN:
SF:src/pages/DetailCabins/saga.js
FN:15,doGetDetailCabin
FN:33,doGetCabinsLocation
FN:47,doGetDetailRoomCabin
FN:65,detailCabinsSaga
FNF:4
FNH:1
FNDA:0,doGetDetailCabin
FNDA:0,doGetCabinsLocation
FNDA:0,doGetDetailRoomCabin
FNDA:9,detailCabinsSaga
DA:16,0
DA:17,0
DA:18,0
DA:19,0
DA:20,0
DA:21,0
DA:24,0
DA:25,0
DA:27,0
DA:29,0
DA:34,0
DA:35,0
DA:36,0
DA:37,0
DA:38,0
DA:41,0
DA:43,0
DA:48,0
DA:49,0
DA:50,0
DA:51,0
DA:52,0
DA:55,0
DA:56,0
DA:57,0
DA:59,0
DA:61,0
DA:66,9
DA:67,9
DA:68,9
LF:30
LH:3
BRDA:19,0,0,0
BRDA:19,0,1,0
BRDA:21,1,0,0
BRDA:21,1,1,0
BRDA:24,2,0,0
BRDA:24,2,1,0
BRDA:24,3,0,0
BRDA:24,3,1,0
BRDA:37,4,0,0
BRDA:37,4,1,0
BRDA:51,5,0,0
BRDA:51,5,1,0
BRDA:55,6,0,0
BRDA:55,6,1,0
BRF:14
BRH:0
end_of_record
TN:
SF:src/pages/DetailCabins/selectors.js
FN:5,(anonymous_0)
FN:7,(anonymous_1)
FN:8,(anonymous_2)
FN:9,(anonymous_3)
FN:10,(anonymous_4)
FNF:5
FNH:2
FNDA:1,(anonymous_0)
FNDA:0,(anonymous_1)
FNDA:1,(anonymous_2)
FNDA:0,(anonymous_3)
FNDA:0,(anonymous_4)
DA:5,1
DA:7,1
DA:8,1
DA:9,1
DA:10,1
LF:5
LH:5
BRDA:5,0,0,1
BRDA:5,0,1,0
BRF:2
BRH:1
end_of_record
TN:
SF:src/pages/EditTypeRoom/actions.js
FN:3,(anonymous_0)
FN:9,(anonymous_1)
FN:14,(anonymous_2)
FNF:3
FNH:0
FNDA:0,(anonymous_0)
FNDA:0,(anonymous_1)
FNDA:0,(anonymous_2)
DA:3,9
DA:9,9
DA:14,9
LF:3
LH:3
BRF:0
BRH:0
end_of_record
TN:
SF:src/pages/EditTypeRoom/constants.js
FNF:0
FNH:0
DA:1,9
DA:2,9
DA:3,9
LF:3
LH:3
BRF:0
BRH:0
end_of_record
TN:
SF:src/pages/EditTypeRoom/reducer.js
FN:8,(anonymous_0)
FN:9,(anonymous_1)
FNF:2
FNH:2
FNDA:90,(anonymous_0)
FNDA:90,(anonymous_1)
DA:5,9
DA:8,9
DA:9,90
DA:10,90
DA:12,0
DA:13,0
LF:6
LH:4
BRDA:8,0,0,27
BRDA:10,1,0,0
BRF:2
BRH:1
end_of_record
TN:
SF:src/pages/EditTypeRoom/saga.js
FN:10,doEditTypeRoom
FN:23,doGetTypeRoomById
FN:39,editTypeRoomSaga
FNF:3
FNH:1
FNDA:0,doEditTypeRoom
FNDA:0,doGetTypeRoomById
FNDA:9,editTypeRoomSaga
DA:11,0
DA:12,0
DA:13,0
DA:14,0
DA:15,0
DA:18,0
DA:20,0
DA:24,0
DA:25,0
DA:26,0
DA:27,0
DA:28,0
DA:31,0
DA:32,0
DA:34,0
DA:36,0
DA:40,9
DA:41,9
LF:18
LH:2
BRDA:14,0,0,0
BRDA:14,0,1,0
BRDA:27,1,0,0
BRDA:27,1,1,0
BRDA:31,2,0,0
BRDA:31,2,1,0
BRF:6
BRH:0
end_of_record
TN:
SF:src/pages/ForgotPassword/actions.js
FN:3,(anonymous_0)
FN:9,(anonymous_1)
FNF:2
FNH:0
FNDA:0,(anonymous_0)
FNDA:0,(anonymous_1)
DA:3,9
DA:9,9
LF:2
LH:2
BRF:0
BRH:0
end_of_record
TN:
SF:src/pages/ForgotPassword/constants.js
FNF:0
FNH:0
DA:1,9
DA:2,9
LF:2
LH:2
BRF:0
BRH:0
end_of_record
TN:
SF:src/pages/ForgotPassword/reducer.js
FN:9,(anonymous_0)
FN:10,(anonymous_1)
FNF:2
FNH:2
FNDA:90,(anonymous_0)
FNDA:90,(anonymous_1)
DA:5,9
DA:9,9
DA:10,90
DA:11,90
DA:13,0
DA:14,0
LF:6
LH:4
BRDA:9,0,0,27
BRDA:11,1,0,0
BRF:2
BRH:1
end_of_record
TN:
SF:src/pages/ForgotPassword/saga.js
FN:10,doForgotPassword
FN:25,forgotPasswordSaga
FNF:2
FNH:1
FNDA:0,doForgotPassword
FNDA:9,forgotPasswordSaga
DA:11,0
DA:12,0
DA:13,0
DA:14,0
DA:15,0
DA:18,0
DA:19,0
DA:21,0
DA:26,9
LF:9
LH:1
BRDA:14,0,0,0
BRDA:14,0,1,0
BRF:2
BRH:0
end_of_record
TN:
SF:src/pages/Home/actions.js
FN:3,(anonymous_0)
FN:12,(anonymous_1)
FN:15,(anonymous_2)
FN:19,(anonymous_3)
FNF:4
FNH:0
FNDA:0,(anonymous_0)
FNDA:0,(anonymous_1)
FNDA:0,(anonymous_2)
FNDA:0,(anonymous_3)
DA:3,9
DA:12,9
DA:15,9
DA:19,9
LF:4
LH:4
BRF:0
BRH:0
end_of_record
TN:
SF:src/pages/Home/constants.js
FNF:0
FNH:0
DA:1,9
DA:2,9
DA:3,9
DA:4,9
LF:4
LH:4
BRF:0
BRH:0
end_of_record
TN:
SF:src/pages/Home/reducer.js
FN:23,(anonymous_0)
FN:24,(anonymous_1)
FNF:2
FNH:2
FNDA:90,(anonymous_0)
FNDA:90,(anonymous_1)
DA:7,9
DA:8,9
DA:9,9
DA:23,9
DA:24,90
DA:25,90
DA:27,0
DA:28,0
DA:30,0
DA:31,0
DA:33,0
DA:34,0
LF:12
LH:6
BRDA:23,0,0,27
BRDA:25,1,0,0
BRDA:25,1,1,0
BRDA:25,1,2,0
BRF:4
BRH:1
end_of_record
TN:
SF:src/pages/Home/saga.js
FN:10,doGetBanners
FN:24,homeSaga
FNF:2
FNH:1
FNDA:0,doGetBanners
FNDA:9,homeSaga
DA:11,0
DA:12,0
DA:13,0
DA:14,0
DA:15,0
DA:18,0
DA:20,0
DA:25,9
LF:8
LH:1
BRDA:14,0,0,0
BRDA:14,0,1,0
BRF:2
BRH:0
end_of_record
TN:
SF:src/pages/Home/selectors.js
FN:5,(anonymous_0)
FN:7,(anonymous_1)
FN:8,(anonymous_2)
FN:9,(anonymous_3)
FNF:4
FNH:2
FNDA:1,(anonymous_0)
FNDA:0,(anonymous_1)
FNDA:0,(anonymous_2)
FNDA:1,(anonymous_3)
DA:5,1
DA:7,1
DA:8,1
DA:9,1
LF:4
LH:4
BRDA:5,0,0,1
BRDA:5,0,1,0
BRF:2
BRH:1
end_of_record
TN:
SF:src/pages/ListBanner/actions.js
FN:3,(anonymous_0)
FN:6,(anonymous_1)
FN:10,(anonymous_2)
FN:15,(anonymous_3)
FNF:4
FNH:0
FNDA:0,(anonymous_0)
FNDA:0,(anonymous_1)
FNDA:0,(anonymous_2)
FNDA:0,(anonymous_3)
DA:3,9
DA:6,9
DA:10,9
DA:15,9
LF:4
LH:4
BRF:0
BRH:0
end_of_record
TN:
SF:src/pages/ListBanner/constants.js
FNF:0
FNH:0
DA:1,9
DA:2,9
DA:3,9
DA:4,9
LF:4
LH:4
BRF:0
BRH:0
end_of_record
TN:
SF:src/pages/ListBanner/reducer.js
FN:9,(anonymous_0)
FN:10,(anonymous_1)
FNF:2
FNH:2
FNDA:90,(anonymous_0)
FNDA:90,(anonymous_1)
DA:5,9
DA:9,9
DA:10,90
DA:11,90
DA:13,0
DA:14,0
LF:6
LH:4
BRDA:9,0,0,27
BRDA:11,1,0,0
BRF:2
BRH:1
end_of_record
TN:
SF:src/pages/ListBanner/saga.js
FN:10,doGetBanners
FN:23,doDeleteBanner
FN:36,doUpdateStatusBanner
FN:50,listBannerSaga
FNF:4
FNH:1
FNDA:0,doGetBanners
FNDA:0,doDeleteBanner
FNDA:0,doUpdateStatusBanner
FNDA:9,listBannerSaga
DA:11,0
DA:12,0
DA:13,0
DA:14,0
DA:15,0
DA:18,0
DA:20,0
DA:24,0
DA:25,0
DA:26,0
DA:27,0
DA:28,0
DA:31,0
DA:33,0
DA:37,0
DA:38,0
DA:39,0
DA:40,0
DA:41,0
DA:44,0
DA:46,0
DA:51,9
DA:52,9
DA:53,9
LF:24
LH:3
BRDA:14,0,0,0
BRDA:14,0,1,0
BRDA:27,1,0,0
BRDA:27,1,1,0
BRDA:40,2,0,0
BRDA:40,2,1,0
BRF:6
BRH:0
end_of_record
TN:
SF:src/pages/Orders/actions.js
FN:9,(anonymous_0)
FN:16,(anonymous_1)
FN:21,(anonymous_2)
FN:26,(anonymous_3)
FN:32,(anonymous_4)
FNF:5
FNH:0
FNDA:0,(anonymous_0)
FNDA:0,(anonymous_1)
FNDA:0,(anonymous_2)
FNDA:0,(anonymous_3)
FNDA:0,(anonymous_4)
DA:9,9
DA:16,9
DA:21,9
DA:26,9
DA:32,9
LF:5
LH:5
BRF:0
BRH:0
end_of_record
TN:
SF:src/pages/Orders/constants.js
FNF:0
FNH:0
DA:1,9
DA:2,9
DA:3,9
DA:4,9
DA:5,9
LF:5
LH:5
BRF:0
BRH:0
end_of_record
TN:
SF:src/pages/Orders/reducer.js
FN:10,(anonymous_0)
FN:11,(anonymous_1)
FNF:2
FNH:2
FNDA:90,(anonymous_0)
FNDA:90,(anonymous_1)
DA:5,9
DA:10,9
DA:11,90
DA:12,90
DA:14,0
DA:15,0
DA:17,0
DA:18,0
LF:8
LH:4
BRDA:10,0,0,27
BRDA:12,1,0,0
BRDA:12,1,1,0
BRF:3
BRH:1
end_of_record
TN:
SF:src/pages/Orders/saga.js
FN:10,doGetordersUser
FN:26,doCancelTransaction
FN:39,doGetDetailOrder
FN:57,ordersSaga
FNF:4
FNH:1
FNDA:0,doGetordersUser
FNDA:0,doCancelTransaction
FNDA:0,doGetDetailOrder
FNDA:9,ordersSaga
DA:11,0
DA:12,0
DA:13,0
DA:14,0
DA:15,0
DA:18,0
DA:19,0
DA:21,0
DA:23,0
DA:27,0
DA:28,0
DA:29,0
DA:30,0
DA:31,0
DA:34,0
DA:36,0
DA:40,0
DA:41,0
DA:42,0
DA:43,0
DA:44,0
DA:45,0
DA:48,0
DA:49,0
DA:51,0
DA:53,0
DA:58,9
DA:59,9
DA:60,9
LF:29
LH:3
BRDA:14,0,0,0
BRDA:14,0,1,0
BRDA:18,1,0,0
BRDA:18,1,1,0
BRDA:18,2,0,0
BRDA:18,2,1,0
BRDA:30,3,0,0
BRDA:30,3,1,0
BRDA:43,4,0,0
BRDA:43,4,1,0
BRDA:45,5,0,0
BRDA:45,5,1,0
BRDA:48,6,0,0
BRDA:48,6,1,0
BRDA:48,7,0,0
BRDA:48,7,1,0
BRF:16
BRH:0
end_of_record
TN:
SF:src/pages/OrdersAdmin/actions.js
FN:3,(anonymous_0)
FN:9,(anonymous_1)
FN:13,(anonymous_2)
FNF:3
FNH:0
FNDA:0,(anonymous_0)
FNDA:0,(anonymous_1)
FNDA:0,(anonymous_2)
DA:3,9
DA:9,9
DA:13,9
LF:3
LH:3
BRF:0
BRH:0
end_of_record
TN:
SF:src/pages/OrdersAdmin/constants.js
FNF:0
FNH:0
DA:1,9
DA:2,9
DA:3,9
LF:3
LH:3
BRF:0
BRH:0
end_of_record
TN:
SF:src/pages/OrdersAdmin/reducer.js
FN:10,(anonymous_0)
FN:11,(anonymous_1)
FNF:2
FNH:2
FNDA:90,(anonymous_0)
FNDA:90,(anonymous_1)
DA:5,9
DA:10,9
DA:11,90
DA:12,90
DA:14,0
DA:15,0
DA:17,0
DA:18,0
LF:8
LH:4
BRDA:10,0,0,27
BRDA:12,1,0,0
BRDA:12,1,1,0
BRF:3
BRH:1
end_of_record
TN:
SF:src/pages/OrdersAdmin/saga.js
FN:10,doGetordersUser
FN:24,ordersAdminSaga
FNF:2
FNH:1
FNDA:0,doGetordersUser
FNDA:9,ordersAdminSaga
DA:11,0
DA:12,0
DA:13,0
DA:14,0
DA:15,0
DA:18,0
DA:20,0
DA:25,9
LF:8
LH:1
BRDA:14,0,0,0
BRDA:14,0,1,0
BRF:2
BRH:0
end_of_record
TN:
SF:src/pages/Register/actions.js
FN:10,(anonymous_0)
FN:15,(anonymous_1)
FN:19,(anonymous_2)
FN:24,(anonymous_3)
FN:29,(anonymous_4)
FN:33,(anonymous_5)
FNF:6
FNH:0
FNDA:0,(anonymous_0)
FNDA:0,(anonymous_1)
FNDA:0,(anonymous_2)
FNDA:0,(anonymous_3)
FNDA:0,(anonymous_4)
FNDA:0,(anonymous_5)
DA:10,9
DA:15,9
DA:19,9
DA:24,9
DA:29,9
DA:33,9
LF:6
LH:6
BRF:0
BRH:0
end_of_record
TN:
SF:src/pages/Register/constants.js
FNF:0
FNH:0
DA:1,9
DA:2,9
DA:3,9
DA:4,9
DA:5,9
DA:6,9
LF:6
LH:6
BRF:0
BRH:0
end_of_record
TN:
SF:src/pages/Register/reducer.js
FN:13,(anonymous_0)
FN:14,(anonymous_1)
FNF:2
FNH:2
FNDA:90,(anonymous_0)
FNDA:90,(anonymous_1)
DA:5,9
DA:11,9
DA:13,9
DA:14,90
DA:15,90
DA:17,0
DA:18,0
DA:20,0
DA:21,0
DA:23,0
DA:24,0
LF:11
LH:5
BRDA:13,0,0,27
BRDA:15,1,0,0
BRDA:15,1,1,0
BRDA:15,1,2,0
BRF:4
BRH:1
end_of_record
TN:
SF:src/pages/Register/saga.js
FN:10,doUserRegister
FN:24,doRegistEmail
FN:39,doVerifyOtp
FN:56,registerSaga
FNF:4
FNH:1
FNDA:0,doUserRegister
FNDA:0,doRegistEmail
FNDA:0,doVerifyOtp
FNDA:9,registerSaga
DA:11,0
DA:12,0
DA:13,0
DA:14,0
DA:15,0
DA:16,0
DA:19,0
DA:21,0
DA:25,0
DA:26,0
DA:27,0
DA:28,0
DA:29,0
DA:30,0
DA:31,0
DA:34,0
DA:36,0
DA:40,0
DA:41,0
DA:42,0
DA:43,0
DA:44,0
DA:47,0
DA:48,0
DA:50,0
DA:52,0
DA:57,9
DA:58,9
DA:59,9
LF:29
LH:3
BRDA:14,0,0,0
BRDA:14,0,1,0
BRDA:28,1,0,0
BRDA:28,1,1,0
BRDA:31,2,0,0
BRDA:31,2,1,0
BRDA:43,3,0,0
BRDA:43,3,1,0
BRDA:47,4,0,0
BRDA:47,4,1,0
BRF:10
BRH:0
end_of_record
TN:
SF:src/pages/Reservation/constants.js
FNF:0
FNH:0
DA:1,9
DA:2,9
LF:2
LH:2
BRF:0
BRH:0
end_of_record
TN:
SF:src/pages/Reservation/reducer.js
FN:9,(anonymous_0)
FN:10,(anonymous_1)
FNF:2
FNH:2
FNDA:90,(anonymous_0)
FNDA:90,(anonymous_1)
DA:5,9
DA:9,9
DA:10,90
DA:11,90
DA:13,0
DA:14,0
LF:6
LH:4
BRDA:9,0,0,27
BRDA:11,1,0,0
BRF:2
BRH:1
end_of_record
TN:
SF:src/pages/Reservation/saga.js
FN:9,doCreatePayment
FN:24,reservationSaga
FNF:2
FNH:1
FNDA:0,doCreatePayment
FNDA:9,reservationSaga
DA:10,0
DA:11,0
DA:12,0
DA:13,0
DA:14,0
DA:17,0
DA:18,0
DA:20,0
DA:25,9
LF:9
LH:1
BRDA:13,0,0,0
BRDA:13,0,1,0
BRF:2
BRH:0
end_of_record
TN:
SF:src/pages/ResetPassword/actions.js
FN:3,(anonymous_0)
FN:11,(anonymous_1)
FN:15,(anonymous_2)
FNF:3
FNH:0
FNDA:0,(anonymous_0)
FNDA:0,(anonymous_1)
FNDA:0,(anonymous_2)
DA:3,9
DA:11,9
DA:15,9
LF:3
LH:3
BRF:0
BRH:0
end_of_record
TN:
SF:src/pages/ResetPassword/constants.js
FNF:0
FNH:0
DA:1,9
DA:2,9
DA:3,9
LF:3
LH:3
BRF:0
BRH:0
end_of_record
TN:
SF:src/pages/ResetPassword/reducer.js
FN:9,(anonymous_0)
FN:10,(anonymous_1)
FNF:2
FNH:2
FNDA:90,(anonymous_0)
FNDA:90,(anonymous_1)
DA:5,9
DA:9,9
DA:10,90
DA:11,90
DA:13,0
DA:14,0
LF:6
LH:4
BRDA:9,0,0,27
BRDA:11,1,0,0
BRF:2
BRH:1
end_of_record
TN:
SF:src/pages/ResetPassword/saga.js
FN:10,doResetPassword
FN:24,doVerifyTokenResetPassword
FN:38,resetPasswordSaga
FNF:3
FNH:1
FNDA:0,doResetPassword
FNDA:0,doVerifyTokenResetPassword
FNDA:9,resetPasswordSaga
DA:11,0
DA:12,0
DA:13,0
DA:14,0
DA:15,0
DA:18,0
DA:20,0
DA:25,0
DA:26,0
DA:27,0
DA:28,0
DA:29,0
DA:32,0
DA:34,0
DA:39,9
DA:40,9
LF:16
LH:2
BRDA:14,0,0,0
BRDA:14,0,1,0
BRDA:28,1,0,0
BRDA:28,1,1,0
BRF:4
BRH:0
end_of_record
TN:
SF:src/pages/UserProfile/actions.js
FN:15,(anonymous_0)
FN:18,(anonymous_1)
FN:22,(anonymous_2)
FN:28,(anonymous_3)
FN:33,(anonymous_4)
FN:37,(anonymous_5)
FN:41,(anonymous_6)
FN:45,(anonymous_7)
FN:48,(anonymous_8)
FN:52,(anonymous_9)
FN:57,(anonymous_10)
FNF:11
FNH:0
FNDA:0,(anonymous_0)
FNDA:0,(anonymous_1)
FNDA:0,(anonymous_2)
FNDA:0,(anonymous_3)
FNDA:0,(anonymous_4)
FNDA:0,(anonymous_5)
FNDA:0,(anonymous_6)
FNDA:0,(anonymous_7)
FNDA:0,(anonymous_8)
FNDA:0,(anonymous_9)
FNDA:0,(anonymous_10)
DA:15,9
DA:18,9
DA:22,9
DA:28,9
DA:33,9
DA:37,9
DA:41,9
DA:45,9
DA:48,9
DA:52,9
DA:57,9
LF:11
LH:11
BRF:0
BRH:0
end_of_record
TN:
SF:src/pages/UserProfile/constants.js
FNF:0
FNH:0
DA:1,9
DA:2,9
DA:3,9
DA:4,9
DA:5,9
DA:6,9
DA:7,9
DA:8,9
DA:9,9
DA:10,9
DA:11,9
LF:11
LH:11
BRF:0
BRH:0
end_of_record
TN:
SF:src/pages/UserProfile/reducer.js
FN:25,(anonymous_0)
FN:26,(anonymous_1)
FNF:2
FNH:2
FNDA:90,(anonymous_0)
FNDA:90,(anonymous_1)
DA:12,9
DA:23,9
DA:25,9
DA:26,90
DA:27,90
DA:29,0
DA:30,0
DA:32,0
DA:33,0
DA:35,0
DA:36,0
DA:38,0
DA:39,0
DA:41,0
DA:42,0
DA:44,0
DA:45,0
LF:17
LH:5
BRDA:25,0,0,27
BRDA:27,1,0,0
BRDA:27,1,1,0
BRDA:27,1,2,0
BRDA:27,1,3,0
BRDA:27,1,4,0
BRDA:27,1,5,0
BRF:7
BRH:1
end_of_record
TN:
SF:src/pages/UserProfile/saga.js
FN:21,doGetUserProfile
FN:34,doUploadIdCard
FN:48,doCreateIdCard
FN:64,doGetDataCredential
FN:79,doUpdateUserProfile
FN:92,userProfileSaga
FNF:6
FNH:1
FNDA:0,doGetUserProfile
FNDA:0,doUploadIdCard
FNDA:0,doCreateIdCard
FNDA:0,doGetDataCredential
FNDA:0,doUpdateUserProfile
FNDA:9,userProfileSaga
DA:22,0
DA:23,0
DA:24,0
DA:25,0
DA:26,0
DA:29,0
DA:31,0
DA:35,0
DA:36,0
DA:37,0
DA:38,0
DA:39,0
DA:42,0
DA:43,0
DA:45,0
DA:49,0
DA:50,0
DA:51,0
DA:52,0
DA:53,0
DA:56,0
DA:57,0
DA:59,0
DA:61,0
DA:65,0
DA:66,0
DA:67,0
DA:68,0
DA:69,0
DA:70,0
DA:73,0
DA:75,0
DA:80,0
DA:81,0
DA:82,0
DA:83,0
DA:84,0
DA:87,0
DA:89,0
DA:93,9
DA:94,9
DA:95,9
DA:96,9
DA:97,9
LF:44
LH:5
BRDA:25,0,0,0
BRDA:25,0,1,0
BRDA:38,1,0,0
BRDA:38,1,1,0
BRDA:52,2,0,0
BRDA:52,2,1,0
BRDA:53,3,0,0
BRDA:53,3,1,0
BRDA:56,4,0,0
BRDA:56,4,1,0
BRDA:68,5,0,0
BRDA:68,5,1,0
BRDA:83,6,0,0
BRDA:83,6,1,0
BRDA:84,7,0,0
BRDA:84,7,1,0
BRF:16
BRH:0
end_of_record
TN:
SF:src/pages/UserProfile/selectors.js
FN:5,(anonymous_0)
FN:7,(anonymous_1)
FN:8,(anonymous_2)
FN:9,(anonymous_3)
FN:10,(anonymous_4)
FN:11,(anonymous_5)
FN:12,(anonymous_6)
FNF:7
FNH:2
FNDA:3,(anonymous_0)
FNDA:1,(anonymous_1)
FNDA:0,(anonymous_2)
FNDA:0,(anonymous_3)
FNDA:0,(anonymous_4)
FNDA:0,(anonymous_5)
FNDA:0,(anonymous_6)
DA:5,3
DA:7,1
DA:8,1
DA:9,1
DA:10,1
DA:11,1
DA:12,1
LF:7
LH:7
BRDA:5,0,0,3
BRDA:5,0,1,0
BRF:2
BRH:1
end_of_record
TN:
SF:src/utils/decryptPayload.js
FN:4,(anonymous_0)
FN:12,(anonymous_1)
FNF:2
FNH:0
FNDA:0,(anonymous_0)
FNDA:0,(anonymous_1)
DA:4,9
DA:5,0
DA:6,0
DA:7,0
DA:9,0
DA:12,9
DA:13,0
DA:14,0
DA:15,0
DA:17,0
LF:10
LH:2
BRF:0
BRH:0
end_of_record
TN:
SF:src/utils/firebase.js
FNF:0
FNH:0
DA:5,9
DA:15,9
DA:16,9
LF:3
LH:3
BRF:0
BRH:0
end_of_record
TN:
SF:src/utils/request.js
FN:12,(anonymous_0)
FN:21,(anonymous_1)
FN:34,(anonymous_2)
FN:35,(anonymous_3)
FN:69,(anonymous_4)
FN:79,(anonymous_5)
FNF:6
FNH:0
FNDA:0,(anonymous_0)
FNDA:0,(anonymous_1)
FNDA:0,(anonymous_2)
FNDA:0,(anonymous_3)
FNDA:0,(anonymous_4)
FNDA:0,(anonymous_5)
DA:9,9
DA:10,9
DA:12,9
DA:13,0
DA:14,0
DA:15,0
DA:16,0
DA:18,0
DA:21,9
DA:22,0
DA:23,0
DA:24,0
DA:25,0
DA:26,0
DA:28,0
DA:33,9
DA:34,0
DA:36,0
DA:37,0
DA:39,0
DA:40,0
DA:41,0
DA:43,0
DA:44,0
DA:46,0
DA:47,0
DA:48,0
DA:49,0
DA:51,0
DA:52,0
DA:55,0
DA:56,0
DA:58,0
DA:60,0
DA:61,0
DA:63,0
DA:65,0
DA:69,0
DA:70,0
DA:72,0
DA:75,0
DA:79,9
LF:42
LH:6
BRDA:15,0,0,0
BRDA:15,0,1,0
BRDA:39,1,0,0
BRDA:39,1,1,0
BRDA:39,2,0,0
BRDA:39,2,1,0
BRDA:40,3,0,0
BRDA:40,3,1,0
BRDA:46,4,0,0
BRDA:46,4,1,0
BRF:10
BRH:0
end_of_record
TN:
SF:src/utils/testHelper.js
FN:17,(anonymous_0)
FN:29,(anonymous_1)
FN:31,(anonymous_2)
FN:32,(anonymous_3)
FN:33,(anonymous_4)
FNF:5
FNH:2
FNDA:19,(anonymous_0)
FNDA:19,(anonymous_1)
FNDA:0,(anonymous_2)
FNDA:0,(anonymous_3)
FNDA:0,(anonymous_4)
DA:12,9
DA:17,9
DA:18,19
DA:25,9
DA:29,19
DA:31,9
DA:32,0
DA:33,0
LF:8
LH:6
BRF:0
BRH:0
end_of_record
TN:
SF:src/utils/times.js
FN:3,(anonymous_0)
FN:15,(anonymous_1)
FN:23,(anonymous_2)
FN:29,(anonymous_3)
FNF:4
FNH:2
FNDA:0,(anonymous_0)
FNDA:9,(anonymous_1)
FNDA:9,(anonymous_2)
FNDA:0,(anonymous_3)
DA:3,9
DA:4,0
DA:6,0
DA:7,0
DA:9,0
DA:10,0
DA:12,0
DA:15,9
DA:16,9
DA:17,9
DA:18,9
DA:19,9
DA:23,9
DA:24,9
DA:25,9
DA:26,9
DA:27,9
DA:29,9
DA:30,0
DA:31,0
DA:32,0
DA:33,0
LF:22
LH:12
BRDA:6,0,0,0
BRDA:6,0,1,0
BRDA:6,1,0,0
BRDA:6,1,1,0
BRDA:9,2,0,0
BRDA:9,2,1,0
BRDA:9,3,0,0
BRDA:9,3,1,0
BRDA:17,4,0,9
BRDA:17,4,1,9
BRDA:25,5,0,9
BRDA:25,5,1,9
BRF:12
BRH:4
end_of_record
