TN:
SF:src/components/DrawerMobile/index.jsx
FN:5,(anonymous_0)
FNF:1
FNH:1
FNDA:2,(anonymous_0)
DA:5,1
DA:6,2
DA:48,1
LF:3
LH:3
BRDA:5,0,0,2
BRDA:5,1,0,2
BRF:2
BRH:2
end_of_record
TN:
SF:src/components/Footer/index.jsx
FN:5,(anonymous_0)
FNF:1
FNH:1
FNDA:2,(anonymous_0)
DA:5,1
DA:6,2
LF:2
LH:2
BRF:0
BRH:0
end_of_record
TN:
SF:src/components/HeadTitle/index.jsx
FN:7,(anonymous_0)
FNF:1
FNH:1
FNDA:2,(anonymous_0)
DA:7,1
DA:8,2
DA:9,2
DA:11,2
DA:13,2
DA:14,0
DA:17,2
DA:18,0
DA:21,2
DA:25,2
DA:32,1
LF:11
LH:9
BRDA:7,0,0,2
BRDA:13,1,0,0
BRDA:13,1,1,2
BRDA:17,2,0,0
BRDA:17,2,1,2
BRDA:27,3,0,2
BRDA:27,3,1,2
BRF:7
BRH:5
end_of_record
TN:
SF:src/containers/App/actions.js
FN:12,(anonymous_0)
FN:17,(anonymous_1)
FN:28,(anonymous_2)
FN:36,(anonymous_3)
FN:44,(anonymous_4)
FN:54,(anonymous_5)
FN:58,(anonymous_6)
FN:63,(anonymous_7)
FN:67,(anonymous_8)
FN:71,(anonymous_9)
FNF:10
FNH:0
FNDA:0,(anonymous_0)
FNDA:0,(anonymous_1)
FNDA:0,(anonymous_2)
FNDA:0,(anonymous_3)
FNDA:0,(anonymous_4)
FNDA:0,(anonymous_5)
FNDA:0,(anonymous_6)
FNDA:0,(anonymous_7)
FNDA:0,(anonymous_8)
FNDA:0,(anonymous_9)
DA:12,6
DA:17,6
DA:28,6
DA:36,6
DA:44,6
DA:54,6
DA:58,6
DA:63,6
DA:67,6
DA:71,6
LF:10
LH:10
BRDA:17,0,0,0
BRDA:17,1,0,0
BRDA:17,2,0,0
BRDA:17,3,0,0
BRDA:17,4,0,0
BRDA:28,5,0,0
BRF:6
BRH:0
end_of_record
TN:
SF:src/containers/App/constants.js
FNF:0
FNH:0
DA:1,6
DA:2,6
DA:3,6
DA:4,6
DA:5,6
DA:6,6
DA:7,6
DA:8,6
DA:9,6
LF:9
LH:9
BRF:0
BRH:0
end_of_record
TN:
SF:src/containers/App/reducer.js
FN:33,(anonymous_0)
FN:34,(anonymous_1)
FNF:2
FNH:2
FNDA:60,(anonymous_0)
FNDA:60,(anonymous_1)
DA:12,6
DA:31,6
DA:33,6
DA:34,60
DA:35,60
DA:37,0
DA:38,0
DA:40,0
DA:41,0
DA:43,0
DA:44,0
DA:46,0
DA:47,0
DA:49,0
DA:50,0
DA:52,0
DA:53,0
LF:17
LH:5
BRDA:33,0,0,18
BRDA:35,1,0,0
BRDA:35,1,1,0
BRDA:35,1,2,0
BRDA:35,1,3,0
BRDA:35,1,4,0
BRDA:35,1,5,0
BRF:7
BRH:1
end_of_record
TN:
SF:src/containers/Client/saga.js
FN:13,doOAuthGoogle
FN:37,doUserLogin
FN:52,doLogout
FN:71,clientSaga
FNF:4
FNH:1
FNDA:0,doOAuthGoogle
FNDA:0,doUserLogin
FNDA:0,doLogout
FNDA:6,clientSaga
DA:14,0
DA:15,0
DA:16,0
DA:17,0
DA:18,0
DA:19,0
DA:20,0
DA:21,0
DA:26,0
DA:27,0
DA:28,0
DA:29,0
DA:32,0
DA:34,0
DA:38,0
DA:39,0
DA:40,0
DA:41,0
DA:42,0
DA:43,0
DA:44,0
DA:47,0
DA:49,0
DA:53,0
DA:54,0
DA:55,0
DA:56,0
DA:57,0
DA:58,0
DA:59,0
DA:62,0
DA:63,0
DA:65,0
DA:67,0
DA:72,6
DA:73,6
DA:74,6
LF:37
LH:3
BRDA:27,0,0,0
BRDA:27,0,1,0
BRDA:41,1,0,0
BRDA:41,1,1,0
BRDA:56,2,0,0
BRDA:56,2,1,0
BRDA:62,3,0,0
BRDA:62,3,1,0
BRF:8
BRH:0
end_of_record
TN:
SF:src/domain/api.js
FN:14,(anonymous_0)
FN:29,(anonymous_1)
FN:36,(anonymous_2)
FN:37,(anonymous_3)
FN:38,(anonymous_4)
FN:39,(anonymous_5)
FN:40,(anonymous_6)
FN:41,(anonymous_7)
FN:42,(anonymous_8)
FN:43,(anonymous_9)
FN:44,(anonymous_10)
FN:45,(anonymous_11)
FN:47,(anonymous_12)
FN:48,(anonymous_13)
FN:49,(anonymous_14)
FN:53,(anonymous_15)
FN:56,(anonymous_16)
FN:57,(anonymous_17)
FN:58,(anonymous_18)
FN:59,(anonymous_19)
FN:60,(anonymous_20)
FN:66,(anonymous_21)
FN:67,(anonymous_22)
FN:68,(anonymous_23)
FN:69,(anonymous_24)
FN:70,(anonymous_25)
FN:78,(anonymous_26)
FN:90,(anonymous_27)
FN:92,(anonymous_28)
FN:93,(anonymous_29)
FN:94,(anonymous_30)
FN:95,(anonymous_31)
FN:96,(anonymous_32)
FN:98,(anonymous_33)
FN:102,(anonymous_34)
FN:103,(anonymous_35)
FN:104,(anonymous_36)
FN:105,(anonymous_37)
FN:106,(anonymous_38)
FNF:39
FNH:0
FNDA:0,(anonymous_0)
FNDA:0,(anonymous_1)
FNDA:0,(anonymous_2)
FNDA:0,(anonymous_3)
FNDA:0,(anonymous_4)
FNDA:0,(anonymous_5)
FNDA:0,(anonymous_6)
FNDA:0,(anonymous_7)
FNDA:0,(anonymous_8)
FNDA:0,(anonymous_9)
FNDA:0,(anonymous_10)
FNDA:0,(anonymous_11)
FNDA:0,(anonymous_12)
FNDA:0,(anonymous_13)
FNDA:0,(anonymous_14)
FNDA:0,(anonymous_15)
FNDA:0,(anonymous_16)
FNDA:0,(anonymous_17)
FNDA:0,(anonymous_18)
FNDA:0,(anonymous_19)
FNDA:0,(anonymous_20)
FNDA:0,(anonymous_21)
FNDA:0,(anonymous_22)
FNDA:0,(anonymous_23)
FNDA:0,(anonymous_24)
FNDA:0,(anonymous_25)
FNDA:0,(anonymous_26)
FNDA:0,(anonymous_27)
FNDA:0,(anonymous_28)
FNDA:0,(anonymous_29)
FNDA:0,(anonymous_30)
FNDA:0,(anonymous_31)
FNDA:0,(anonymous_32)
FNDA:0,(anonymous_33)
FNDA:0,(anonymous_34)
FNDA:0,(anonymous_35)
FNDA:0,(anonymous_36)
FNDA:0,(anonymous_37)
FNDA:0,(anonymous_38)
DA:6,6
DA:14,6
DA:15,0
DA:19,0
DA:20,0
DA:29,0
DA:30,0
DA:31,0
DA:36,6
DA:37,6
DA:38,6
DA:39,6
DA:40,6
DA:41,6
DA:42,6
DA:43,6
DA:44,6
DA:45,6
DA:47,6
DA:48,6
DA:49,6
DA:50,0
DA:53,0
DA:56,6
DA:57,6
DA:58,6
DA:59,6
DA:60,6
DA:61,0
DA:66,6
DA:67,6
DA:68,6
DA:69,6
DA:70,6
DA:71,0
DA:72,0
DA:73,0
DA:75,0
DA:78,6
DA:79,0
DA:80,0
DA:81,0
DA:83,0
DA:84,0
DA:86,0
DA:90,6
DA:91,0
DA:92,6
DA:93,6
DA:94,6
DA:95,6
DA:96,6
DA:97,0
DA:98,6
DA:99,0
DA:102,6
DA:103,6
DA:104,6
DA:105,6
DA:106,6
DA:107,0
LF:61
LH:38
BRDA:72,0,0,0
BRDA:72,0,1,0
BRDA:80,1,0,0
BRDA:80,1,1,0
BRDA:83,2,0,0
BRDA:83,2,1,0
BRDA:83,3,0,0
BRDA:83,3,1,0
BRF:8
BRH:0
end_of_record
TN:
SF:src/languages/en.js
FNF:0
FNH:0
LF:0
LH:0
BRF:0
BRH:0
end_of_record
TN:
SF:src/languages/id.js
FNF:0
FNH:0
LF:0
LH:0
BRF:0
BRH:0
end_of_record
TN:
SF:src/pages/Orders/actions.js
FN:9,(anonymous_0)
FN:16,(anonymous_1)
FN:21,(anonymous_2)
FN:26,(anonymous_3)
FN:31,(anonymous_4)
FNF:5
FNH:0
FNDA:0,(anonymous_0)
FNDA:0,(anonymous_1)
FNDA:0,(anonymous_2)
FNDA:0,(anonymous_3)
FNDA:0,(anonymous_4)
DA:9,6
DA:16,6
DA:21,6
DA:26,6
DA:31,6
LF:5
LH:5
BRF:0
BRH:0
end_of_record
TN:
SF:src/pages/Orders/reducer.js
FN:10,(anonymous_0)
FN:11,(anonymous_1)
FNF:2
FNH:2
FNDA:60,(anonymous_0)
FNDA:60,(anonymous_1)
DA:5,6
DA:10,6
DA:11,60
DA:12,60
DA:14,0
DA:15,0
DA:17,0
DA:18,0
LF:8
LH:4
BRDA:10,0,0,18
BRDA:12,1,0,0
BRDA:12,1,1,0
BRF:3
BRH:1
end_of_record
TN:
SF:src/pages/Orders/saga.js
FN:10,doGetordersUser
FN:26,doCancelTransaction
FN:39,doGetOrderSuccess
FN:56,ordersSaga
FNF:4
FNH:1
FNDA:0,doGetordersUser
FNDA:0,doCancelTransaction
FNDA:0,doGetOrderSuccess
FNDA:6,ordersSaga
DA:11,0
DA:12,0
DA:13,0
DA:14,0
DA:15,0
DA:18,0
DA:19,0
DA:21,0
DA:23,0
DA:27,0
DA:28,0
DA:29,0
DA:30,0
DA:31,0
DA:34,0
DA:36,0
DA:40,0
DA:41,0
DA:42,0
DA:43,0
DA:44,0
DA:47,0
DA:48,0
DA:50,0
DA:52,0
DA:57,6
DA:58,6
DA:59,6
LF:28
LH:3
BRDA:14,0,0,0
BRDA:14,0,1,0
BRDA:18,1,0,0
BRDA:18,1,1,0
BRDA:18,2,0,0
BRDA:18,2,1,0
BRDA:30,3,0,0
BRDA:30,3,1,0
BRDA:43,4,0,0
BRDA:43,4,1,0
BRDA:47,5,0,0
BRDA:47,5,1,0
BRF:12
BRH:0
end_of_record
TN:
SF:src/pages/Reservation/saga.js
FN:9,doCreatePayment
FN:26,reservationSaga
FNF:2
FNH:1
FNDA:0,doCreatePayment
FNDA:6,reservationSaga
DA:10,0
DA:11,0
DA:12,0
DA:13,0
DA:14,0
DA:17,0
DA:18,0
DA:20,0
DA:22,0
DA:27,6
LF:10
LH:1
BRDA:13,0,0,0
BRDA:13,0,1,0
BRDA:17,1,0,0
BRDA:17,1,1,0
BRF:4
BRH:0
end_of_record
TN:
SF:src/pages/UserProfile/actions.js
FN:15,(anonymous_0)
FN:18,(anonymous_1)
FN:22,(anonymous_2)
FN:28,(anonymous_3)
FN:33,(anonymous_4)
FN:37,(anonymous_5)
FN:41,(anonymous_6)
FN:45,(anonymous_7)
FN:48,(anonymous_8)
FN:52,(anonymous_9)
FN:57,(anonymous_10)
FNF:11
FNH:0
FNDA:0,(anonymous_0)
FNDA:0,(anonymous_1)
FNDA:0,(anonymous_2)
FNDA:0,(anonymous_3)
FNDA:0,(anonymous_4)
FNDA:0,(anonymous_5)
FNDA:0,(anonymous_6)
FNDA:0,(anonymous_7)
FNDA:0,(anonymous_8)
FNDA:0,(anonymous_9)
FNDA:0,(anonymous_10)
DA:15,6
DA:18,6
DA:22,6
DA:28,6
DA:33,6
DA:37,6
DA:41,6
DA:45,6
DA:48,6
DA:52,6
DA:57,6
LF:11
LH:11
BRF:0
BRH:0
end_of_record
TN:
SF:src/pages/UserProfile/saga.js
FN:21,doGetUserProfile
FN:34,doUploadIdCard
FN:48,doCreateIdCard
FN:64,doGetDataCredential
FN:79,doUpdateUserProfile
FN:92,userProfileSaga
FNF:6
FNH:1
FNDA:0,doGetUserProfile
FNDA:0,doUploadIdCard
FNDA:0,doCreateIdCard
FNDA:0,doGetDataCredential
FNDA:0,doUpdateUserProfile
FNDA:6,userProfileSaga
DA:22,0
DA:23,0
DA:24,0
DA:25,0
DA:26,0
DA:29,0
DA:31,0
DA:35,0
DA:36,0
DA:37,0
DA:38,0
DA:39,0
DA:42,0
DA:43,0
DA:45,0
DA:49,0
DA:50,0
DA:51,0
DA:52,0
DA:53,0
DA:56,0
DA:57,0
DA:59,0
DA:61,0
DA:65,0
DA:66,0
DA:67,0
DA:68,0
DA:69,0
DA:70,0
DA:73,0
DA:75,0
DA:80,0
DA:81,0
DA:82,0
DA:83,0
DA:84,0
DA:87,0
DA:89,0
DA:93,6
DA:94,6
DA:95,6
DA:96,6
DA:97,6
LF:44
LH:5
BRDA:25,0,0,0
BRDA:25,0,1,0
BRDA:38,1,0,0
BRDA:38,1,1,0
BRDA:52,2,0,0
BRDA:52,2,1,0
BRDA:53,3,0,0
BRDA:53,3,1,0
BRDA:56,4,0,0
BRDA:56,4,1,0
BRDA:68,5,0,0
BRDA:68,5,1,0
BRDA:83,6,0,0
BRDA:83,6,1,0
BRDA:84,7,0,0
BRDA:84,7,1,0
BRF:16
BRH:0
end_of_record
TN:
SF:src/utils/testHelper.js
FN:17,(anonymous_0)
FN:29,(anonymous_1)
FN:31,(anonymous_2)
FN:32,(anonymous_3)
FN:33,(anonymous_4)
FNF:5
FNH:2
FNDA:13,(anonymous_0)
FNDA:13,(anonymous_1)
FNDA:0,(anonymous_2)
FNDA:0,(anonymous_3)
FNDA:0,(anonymous_4)
DA:12,6
DA:17,6
DA:18,13
DA:25,6
DA:29,13
DA:31,6
DA:32,0
DA:33,0
LF:8
LH:6
BRF:0
BRH:0
end_of_record
